SIMLOG:: Cycle           3 PC: 00000000 I: 00004000 R: 0   0 00000000 M: 0 0 00000000 00000000 00000000
SIMLOG:: Cycle           4 PC: 00000000 I: 00004000 R: 0   0 00000000 M: 0 0 00000000 00000000 00000000
SIMLOG:: Cycle           5 PC: 00000000 I: 00004000 R: 0   0 00000000 M: 0 0 00000000 00000000 00000000
SIMLOG:: Cycle           6 PC: 00000000 I: 00004000 R: 0   0 00000000 M: 0 0 00000000 00000000 00000000
SIMLOG:: Cycle           7 PC: 00000000 I: 00004000 R: 0   0 00000000 M: 0 0 00000000 00000000 00000000
SIMLOG:: Cycle           8 PC: 00000000 I: 00004000 R: 0   0 00000000 M: 0 0 00000000 00000000 00000000
SIMLOG:: Cycle           9 PC: 00000000 I: 00004000 R: 0   0 00000000 M: 0 0 00000000 00000000 00000000
SIMLOG:: Cycle          10 PC: 00000000 I: 00004000 R: 0   0 00000000 M: 0 0 00000000 00000000 00000000
SIMLOG:: Cycle          11 PC: 00000000 I: 00004000 R: 0   0 00000000 M: 0 0 00000000 00000000 00000000
SIMLOG:: Cycle          12 PC: 00000000 I: 00004000 R: 0   0 00000000 M: 0 0 00000000 00000000 00000000
SIMLOG:: Cycle          13 PC: 00000000 I: 00004000 R: 0   0 00000000 M: 0 0 00000000 00000000 00000000
SIMLOG:: Cycle          14 PC: 00000000 I: 00004000 R: 0   0 00000000 M: 0 0 00000000 00000000 00000000
SIMLOG:: Cycle          15 PC: 00000000 I: 0000a18a R: 0   0 00000000 M: 0 0 00000000 00000000 00000000
SIMLOG:: Cycle          16 PC: 00000002 I: 0000a680 R: 0   0 00000000 M: 0 0 00000000 00000000 00000000
SIMLOG:: Cycle          17 PC: 00000004 I: 0000b601 R: 0   0 00000000 M: 0 0 00000000 00000000 00000000
SIMLOG:: Cycle          18 PC: 00000006 I: 00009160 R: 0   0 00000000 M: 0 0 0000008a 00000000 00000000
SIMLOG:: Cycle          19 PC: 00000008 I: 0000a110 R: 1   1 0000008a M: 0 0 00000080 00000000 00000000
SIMLOG:: Cycle          20 PC: 0000000a I: 0000a270 R: 1   6 00000080 M: 0 0 00000180 00000000 00000000
SIMLOG:: Cycle          21 PC: 0000000c I: 0000a302 R: 1   6 00000180 M: 0 1 00000180 00000000 00000000
SIMLOG:: Cycle          22 PC: 0000000c I: 0000a302 R: 1   6 00000180 M: 0 1 00000180 00000000 00000000
SIMLOG:: Cycle          23 PC: 0000000c I: 0000a302 R: 1   6 00000180 M: 0 1 00000180 00000000 00000000
SIMLOG:: Cycle          24 PC: 0000000c I: 0000a302 R: 1   6 00000180 M: 0 1 00000180 00000000 00000000
SIMLOG:: Cycle          25 PC: 0000000c I: 0000a302 R: 1   6 00000180 M: 0 1 00000180 0000xxxx 00000000
SIMLOG:: Cycle          26 PC: 0000000c I: 0000a302 R: 1   6 00000180 M: 0 1 00000180 0000xxxx 00000000
SIMLOG:: Cycle          27 PC: 0000000c I: 0000a302 R: 1   6 00000180 M: 0 1 00000180 0000xxxx 00000000
SIMLOG:: Cycle          28 PC: 0000000c I: 0000a302 R: 1   6 00000180 M: 0 1 00000180 0000xxxx 00000000
SIMLOG:: Cycle          29 PC: 0000000c I: 0000a302 R: 1   6 00000180 M: 0 1 00000180 0000xxxx 00000000
SIMLOG:: Cycle          30 PC: 0000000c I: 0000a302 R: 1   6 00000180 M: 0 1 00000180 0000xxxx 00000000
SIMLOG:: Cycle          31 PC: 0000000c I: 0000a302 R: 1   6 00000180 M: 0 1 00000180 0000xxxx 00000000
SIMLOG:: Cycle          32 PC: 0000000c I: 0000a302 R: 1   6 00000180 M: 0 1 00000180 0000xxxx 00000000
SIMLOG:: Cycle          33 PC: 0000000c I: 0000a302 R: 1   6 00000180 M: 0 1 00000180 0000008a 0000xxxx
SIMLOG:: Cycle          34 PC: 0000000e I: 00009120 R: 0   1 00000180 M: 0 0 00000010 00000000 00000000
SIMLOG:: Cycle          35 PC: 00000010 I: 00004000 R: 1   1 00000010 M: 0 0 00000070 00000000 00000000
SIMLOG:: Cycle          36 PC: 00000010 I: 00004000 R: 1   1 00000010 M: 0 0 00000070 00000000 00000000
SIMLOG:: Cycle          37 PC: 00000010 I: 00004000 R: 1   1 00000010 M: 0 0 00000070 00000000 00000000
SIMLOG:: Cycle          38 PC: 00000010 I: 00004000 R: 1   1 00000010 M: 0 0 00000070 00000000 00000000
SIMLOG:: Cycle          39 PC: 00000010 I: 00004000 R: 1   1 00000010 M: 0 0 00000070 00000000 00000000
SIMLOG:: Cycle          40 PC: 00000010 I: 00004000 R: 1   1 00000010 M: 0 0 00000070 00000000 00000000
SIMLOG:: Cycle          41 PC: 00000010 I: 00004000 R: 1   1 00000010 M: 0 0 00000070 00000000 00000000
SIMLOG:: Cycle          42 PC: 00000010 I: 00004000 R: 1   1 00000010 M: 0 0 00000070 00000000 00000000
SIMLOG:: Cycle          43 PC: 00000010 I: 00004000 R: 1   1 00000010 M: 0 0 00000070 00000000 00000000
SIMLOG:: Cycle          44 PC: 00000010 I: 00004000 R: 1   1 00000010 M: 0 0 00000070 00000000 00000000
SIMLOG:: Cycle          45 PC: 00000010 I: 00004000 R: 1   1 00000010 M: 0 0 00000070 00000000 00000000
SIMLOG:: Cycle          46 PC: 00000010 I: 00004000 R: 1   1 00000010 M: 0 0 00000070 00000000 00000000
SIMLOG:: Cycle          47 PC: 00000010 I: 00000223 R: 1   1 00000010 M: 0 0 00000070 00000000 00000000
SIMLOG:: Cycle          48 PC: 00000012 I: 00001113 R: 1   2 00000070 M: 0 0 00000002 00000000 00000000
SIMLOG:: Cycle          49 PC: 00000014 I: 0000c1fc R: 1   3 00000002 M: 0 1 00000070 0000a18a 00000000
SIMLOG:: Cycle          50 PC: 00000014 I: 0000c1fc R: 1   3 00000002 M: 0 1 00000070 00000000 00000000
SIMLOG:: Cycle          51 PC: 00000014 I: 0000c1fc R: 1   3 00000002 M: 0 1 00000070 00000000 00000000
SIMLOG:: Cycle          52 PC: 00000014 I: 0000c1fc R: 1   3 00000002 M: 0 1 00000070 00000000 00000000
SIMLOG:: Cycle          53 PC: 00000014 I: 0000c1fc R: 1   3 00000002 M: 0 1 00000070 0000xxxx 00000000
SIMLOG:: Cycle          54 PC: 00000014 I: 0000c1fc R: 1   3 00000002 M: 0 1 00000070 0000xxxx 00000000
SIMLOG:: Cycle          55 PC: 00000014 I: 0000c1fc R: 1   3 00000002 M: 0 1 00000070 0000xxxx 00000000
SIMLOG:: Cycle          56 PC: 00000014 I: 0000c1fc R: 1   3 00000002 M: 0 1 00000070 0000xxxx 00000000
SIMLOG:: Cycle          57 PC: 00000014 I: 0000c1fc R: 1   3 00000002 M: 0 1 00000070 0000xxxx 00000000
SIMLOG:: Cycle          58 PC: 00000014 I: 0000c1fc R: 1   3 00000002 M: 0 1 00000070 0000xxxx 00000000
SIMLOG:: Cycle          59 PC: 00000014 I: 0000c1fc R: 1   3 00000002 M: 0 1 00000070 0000xxxx 00000000
SIMLOG:: Cycle          60 PC: 00000014 I: 0000c1fc R: 1   3 00000002 M: 0 1 00000070 0000xxxx 00000000
SIMLOG:: Cycle          61 PC: 00000014 I: 0000c1fc R: 1   3 00000002 M: 0 1 00000070 00000010 0000xxxx
SIMLOG:: Cycle          62 PC: 00000016 I: 0000a110 R: 0   1 00000070 M: 0 0 00000072 00000000 0000xxxx
SIMLOG:: Cycle          63 PC: 00000016 I: 0000a110 R: 1   2 00000072 M: 0 0 0000000e 00000000 00000000
SIMLOG:: Cycle          64 PC: 00000016 I: 0000a110 R: 1   1 0000000e M: 0 0 00000002 00000000 00000000
SIMLOG:: Cycle          65 PC: 0000000e I: 00009120 R: 0   1 00000002 M: 0 0 00000000 00000000 00000000
SIMLOG:: Cycle          66 PC: 00000010 I: 00000223 R: 0   1 00000000 M: 0 0 00000000 00000000 00000000
SIMLOG:: Cycle          67 PC: 00000012 I: 00001113 R: 0   1 00000000 M: 0 0 00000000 00000000 00000000
SIMLOG:: Cycle          68 PC: 00000014 I: 0000c1fc R: 1   0 00000000 M: 0 1 00000072 0000000e 0000xxxx
SIMLOG:: Cycle          69 PC: 00000016 I: 0000a110 R: 0   1 00000072 M: 0 0 00000074 00000000 0000xxxx
SIMLOG:: Cycle          70 PC: 00000016 I: 0000a110 R: 1   2 00000074 M: 0 0 0000000c 00000000 00000000
SIMLOG:: Cycle          71 PC: 00000016 I: 0000a110 R: 1   1 0000000c M: 0 0 00000002 00000000 00000000
SIMLOG:: Cycle          72 PC: 0000000e I: 00009120 R: 0   1 00000002 M: 0 0 00000000 00000000 00000000
SIMLOG:: Cycle          73 PC: 00000010 I: 00000223 R: 0   1 00000000 M: 0 0 00000000 00000000 00000000
SIMLOG:: Cycle          74 PC: 00000012 I: 00001113 R: 0   1 00000000 M: 0 0 00000000 00000000 00000000
SIMLOG:: Cycle          75 PC: 00000014 I: 0000c1fc R: 1   0 00000000 M: 0 1 00000074 0000000c 0000xxxx
SIMLOG:: Cycle          76 PC: 00000016 I: 0000a110 R: 0   1 00000074 M: 0 0 00000076 00000000 0000xxxx
SIMLOG:: Cycle          77 PC: 00000016 I: 0000a110 R: 1   2 00000076 M: 0 0 0000000a 00000000 00000000
SIMLOG:: Cycle          78 PC: 00000016 I: 0000a110 R: 1   1 0000000a M: 0 0 00000002 00000000 00000000
SIMLOG:: Cycle          79 PC: 0000000e I: 00009120 R: 0   1 00000002 M: 0 0 00000000 00000000 00000000
SIMLOG:: Cycle          80 PC: 00000010 I: 00000223 R: 0   1 00000000 M: 0 0 00000000 00000000 00000000
SIMLOG:: Cycle          81 PC: 00000012 I: 00001113 R: 0   1 00000000 M: 0 0 00000000 00000000 00000000
SIMLOG:: Cycle          82 PC: 00000014 I: 0000c1fc R: 1   0 00000000 M: 0 1 00000076 0000000a 0000xxxx
SIMLOG:: Cycle          83 PC: 00000016 I: 0000a110 R: 0   1 00000076 M: 0 0 00000078 00000000 0000xxxx
SIMLOG:: Cycle          84 PC: 00000016 I: 0000a110 R: 1   2 00000078 M: 0 0 00000008 00000000 00000000
SIMLOG:: Cycle          85 PC: 00000016 I: 0000a110 R: 1   1 00000008 M: 0 0 00000002 00000000 00000000
SIMLOG:: Cycle          86 PC: 0000000e I: 00009120 R: 0   1 00000002 M: 0 0 00000000 00000000 00000000
SIMLOG:: Cycle          87 PC: 00000010 I: 00000223 R: 0   1 00000000 M: 0 0 00000000 00000000 00000000
SIMLOG:: Cycle          88 PC: 00000012 I: 00001113 R: 0   1 00000000 M: 0 0 00000000 00000000 00000000
SIMLOG:: Cycle          89 PC: 00000014 I: 0000c1fc R: 1   0 00000000 M: 0 1 00000078 00000008 0000xxxx
SIMLOG:: Cycle          90 PC: 00000016 I: 0000a110 R: 0   1 00000078 M: 0 0 0000007a 00000000 0000xxxx
SIMLOG:: Cycle          91 PC: 00000016 I: 0000a110 R: 1   2 0000007a M: 0 0 00000006 00000000 00000000
SIMLOG:: Cycle          92 PC: 00000016 I: 0000a110 R: 1   1 00000006 M: 0 0 00000002 00000000 00000000
SIMLOG:: Cycle          93 PC: 0000000e I: 00009120 R: 0   1 00000002 M: 0 0 00000000 00000000 00000000
SIMLOG:: Cycle          94 PC: 00000010 I: 00000223 R: 0   1 00000000 M: 0 0 00000000 00000000 00000000
SIMLOG:: Cycle          95 PC: 00000012 I: 00001113 R: 0   1 00000000 M: 0 0 00000000 00000000 00000000
SIMLOG:: Cycle          96 PC: 00000014 I: 0000c1fc R: 1   0 00000000 M: 0 1 0000007a 00000006 0000xxxx
SIMLOG:: Cycle          97 PC: 00000016 I: 0000a110 R: 0   1 0000007a M: 0 0 0000007c 00000000 0000xxxx
SIMLOG:: Cycle          98 PC: 00000016 I: 0000a110 R: 1   2 0000007c M: 0 0 00000004 00000000 00000000
SIMLOG:: Cycle          99 PC: 00000016 I: 0000a110 R: 1   1 00000004 M: 0 0 00000002 00000000 00000000
SIMLOG:: Cycle         100 PC: 0000000e I: 00009120 R: 0   1 00000002 M: 0 0 00000000 00000000 00000000
SIMLOG:: Cycle         101 PC: 00000010 I: 00000223 R: 0   1 00000000 M: 0 0 00000000 00000000 00000000
SIMLOG:: Cycle         102 PC: 00000012 I: 00001113 R: 0   1 00000000 M: 0 0 00000000 00000000 00000000
SIMLOG:: Cycle         103 PC: 00000014 I: 0000c1fc R: 1   0 00000000 M: 0 1 0000007c 00000004 0000xxxx
SIMLOG:: Cycle         104 PC: 00000016 I: 0000a110 R: 0   1 0000007c M: 0 0 0000007e 00000000 0000xxxx
SIMLOG:: Cycle         105 PC: 00000016 I: 0000a110 R: 1   2 0000007e M: 0 0 00000002 00000000 00000000
SIMLOG:: Cycle         106 PC: 00000016 I: 0000a110 R: 1   1 00000002 M: 0 0 00000002 00000000 00000000
SIMLOG:: Cycle         107 PC: 0000000e I: 00009120 R: 0   1 00000002 M: 0 0 00000000 00000000 00000000
SIMLOG:: Cycle         108 PC: 00000010 I: 00000223 R: 0   1 00000000 M: 0 0 00000000 00000000 00000000
SIMLOG:: Cycle         109 PC: 00000012 I: 00001113 R: 0   1 00000000 M: 0 0 00000000 00000000 00000000
SIMLOG:: Cycle         110 PC: 00000014 I: 0000c1fc R: 1   0 00000000 M: 0 1 0000007e 00000002 0000xxxx
SIMLOG:: Cycle         111 PC: 00000016 I: 0000a110 R: 0   1 0000007e M: 0 0 00000080 00000000 00000000
SIMLOG:: Cycle         112 PC: 00000016 I: 0000a110 R: 1   2 00000080 M: 0 0 00000000 00000000 00000000
SIMLOG:: Cycle         113 PC: 00000016 I: 0000a110 R: 1   1 00000000 M: 0 0 00000002 00000000 00000000
SIMLOG:: Cycle         114 PC: 00000018 I: 0000a270 R: 0   1 00000002 M: 0 0 00000000 00000000 00000000
SIMLOG:: Cycle         115 PC: 0000001a I: 0000a580 R: 0   1 00000000 M: 0 0 00000000 00000000 00000000
SIMLOG:: Cycle         116 PC: 0000001c I: 00008420 R: 0   1 00000000 M: 0 0 00000010 00000000 00000000
SIMLOG:: Cycle         117 PC: 0000001e I: 00000223 R: 1   1 00000010 M: 0 0 00000070 00000000 00000010
SIMLOG:: Cycle         118 PC: 00000020 I: 00004000 R: 1   2 00000070 M: 0 0 00000080 00000000 00000000
SIMLOG:: Cycle         119 PC: 00000020 I: 00004000 R: 1   2 00000070 M: 0 0 00000080 00000000 00000000
SIMLOG:: Cycle         120 PC: 00000020 I: 00004000 R: 1   2 00000070 M: 0 0 00000080 00000000 00000000
SIMLOG:: Cycle         121 PC: 00000020 I: 00004000 R: 1   2 00000070 M: 0 0 00000080 00000000 00000000
SIMLOG:: Cycle         122 PC: 00000020 I: 00004000 R: 1   2 00000070 M: 0 0 00000080 00000000 00000000
SIMLOG:: Cycle         123 PC: 00000020 I: 00004000 R: 1   2 00000070 M: 0 0 00000080 00000000 00000000
SIMLOG:: Cycle         124 PC: 00000020 I: 00004000 R: 1   2 00000070 M: 0 0 00000080 00000000 00000000
SIMLOG:: Cycle         125 PC: 00000020 I: 00004000 R: 1   2 00000070 M: 0 0 00000080 00000000 00000000
SIMLOG:: Cycle         126 PC: 00000020 I: 00004000 R: 1   2 00000070 M: 0 0 00000080 00000000 00000000
SIMLOG:: Cycle         127 PC: 00000020 I: 00004000 R: 1   2 00000070 M: 0 0 00000080 00000000 00000000
SIMLOG:: Cycle         128 PC: 00000020 I: 00004000 R: 1   2 00000070 M: 0 0 00000080 00000000 00000000
SIMLOG:: Cycle         129 PC: 00000020 I: 00004000 R: 1   2 00000070 M: 0 0 00000080 00000000 00000000
SIMLOG:: Cycle         130 PC: 00000020 I: 00009450 R: 1   2 00000070 M: 0 0 00000080 00000000 00000000
SIMLOG:: Cycle         131 PC: 00000022 I: 00000553 R: 1   5 00000080 M: 1 0 00000070 00000000 00000010
SIMLOG:: Cycle         132 PC: 00000024 I: 00001113 R: 1   4 00000010 M: 0 0 00000072 00000000 0000000e
SIMLOG:: Cycle         133 PC: 00000026 I: 0000c1fa R: 1   2 00000072 M: 0 1 00000080 00000000 00000000
SIMLOG:: Cycle         134 PC: 00000026 I: 0000c1fa R: 1   2 00000072 M: 0 1 00000080 00000000 00000000
SIMLOG:: Cycle         135 PC: 00000026 I: 0000c1fa R: 1   2 00000072 M: 0 1 00000080 00000010 00000000
SIMLOG:: Cycle         136 PC: 00000026 I: 0000c1fa R: 1   2 00000072 M: 0 1 00000080 00000000 00000010
SIMLOG:: Cycle         137 PC: 00000026 I: 0000c1fa R: 1   2 00000072 M: 0 1 00000080 0000xxxx 00000010
SIMLOG:: Cycle         138 PC: 00000026 I: 0000c1fa R: 1   2 00000072 M: 0 1 00000080 0000xxxx 00000000
SIMLOG:: Cycle         139 PC: 00000026 I: 0000c1fa R: 1   2 00000072 M: 0 1 00000080 0000xxxx 00000000
SIMLOG:: Cycle         140 PC: 00000026 I: 0000c1fa R: 1   2 00000072 M: 0 1 00000080 0000xxxx 00000000
SIMLOG:: Cycle         141 PC: 00000026 I: 0000c1fa R: 1   2 00000072 M: 0 1 00000080 0000xxxx 00000000
SIMLOG:: Cycle         142 PC: 00000026 I: 0000c1fa R: 1   2 00000072 M: 0 1 00000080 0000xxxx 00000000
SIMLOG:: Cycle         143 PC: 00000026 I: 0000c1fa R: 1   2 00000072 M: 0 1 00000080 0000xxxx 00000000
SIMLOG:: Cycle         144 PC: 00000026 I: 0000c1fa R: 1   2 00000072 M: 0 1 00000080 0000xxxx 00000000
SIMLOG:: Cycle         145 PC: 00000026 I: 0000c1fa R: 1   2 00000072 M: 0 1 00000080 00000010 0000xxxx
SIMLOG:: Cycle         146 PC: 00000028 I: 0000a110 R: 0   4 00000080 M: 0 0 00000082 00000000 0000xxxx
SIMLOG:: Cycle         147 PC: 00000028 I: 0000a110 R: 1   5 00000082 M: 0 0 0000000e 00000000 00000000
SIMLOG:: Cycle         148 PC: 00000028 I: 0000a110 R: 1   1 0000000e M: 0 0 00000002 00000000 00000000
SIMLOG:: Cycle         149 PC: 0000001c I: 00008420 R: 0   1 00000002 M: 0 0 00000000 00000000 00000000
SIMLOG:: Cycle         150 PC: 0000001e I: 00000223 R: 0   1 00000000 M: 0 0 00000000 00000000 00000000
SIMLOG:: Cycle         151 PC: 00000020 I: 00009450 R: 0   1 00000000 M: 0 0 00000000 00000000 00000000
SIMLOG:: Cycle         152 PC: 00000022 I: 00000553 R: 1   0 00000000 M: 1 0 00000072 00000000 0000000e
SIMLOG:: Cycle         153 PC: 00000024 I: 00001113 R: 1   4 0000000e M: 0 0 00000074 00000000 0000000c
SIMLOG:: Cycle         154 PC: 00000026 I: 0000c1fa R: 1   2 00000074 M: 0 1 00000082 0000000e 0000xxxx
SIMLOG:: Cycle         155 PC: 00000028 I: 0000a110 R: 0   4 00000082 M: 0 0 00000084 00000000 0000xxxx
SIMLOG:: Cycle         156 PC: 00000028 I: 0000a110 R: 1   5 00000084 M: 0 0 0000000c 00000000 00000000
SIMLOG:: Cycle         157 PC: 00000028 I: 0000a110 R: 1   1 0000000c M: 0 0 00000002 00000000 00000000
SIMLOG:: Cycle         158 PC: 0000001c I: 00008420 R: 0   1 00000002 M: 0 0 00000000 00000000 00000000
SIMLOG:: Cycle         159 PC: 0000001e I: 00000223 R: 0   1 00000000 M: 0 0 00000000 00000000 00000000
SIMLOG:: Cycle         160 PC: 00000020 I: 00009450 R: 0   1 00000000 M: 0 0 00000000 00000000 00000000
SIMLOG:: Cycle         161 PC: 00000022 I: 00000553 R: 1   0 00000000 M: 1 0 00000074 00000000 0000000c
SIMLOG:: Cycle         162 PC: 00000024 I: 00001113 R: 1   4 0000000c M: 0 0 00000076 00000000 0000000a
SIMLOG:: Cycle         163 PC: 00000026 I: 0000c1fa R: 1   2 00000076 M: 0 1 00000084 0000000c 0000xxxx
SIMLOG:: Cycle         164 PC: 00000028 I: 0000a110 R: 0   4 00000084 M: 0 0 00000086 00000000 0000xxxx
SIMLOG:: Cycle         165 PC: 00000028 I: 0000a110 R: 1   5 00000086 M: 0 0 0000000a 00000000 00000000
SIMLOG:: Cycle         166 PC: 00000028 I: 0000a110 R: 1   1 0000000a M: 0 0 00000002 00000000 00000000
SIMLOG:: Cycle         167 PC: 0000001c I: 00008420 R: 0   1 00000002 M: 0 0 00000000 00000000 00000000
SIMLOG:: Cycle         168 PC: 0000001e I: 00000223 R: 0   1 00000000 M: 0 0 00000000 00000000 00000000
SIMLOG:: Cycle         169 PC: 00000020 I: 00009450 R: 0   1 00000000 M: 0 0 00000000 00000000 00000000
SIMLOG:: Cycle         170 PC: 00000022 I: 00000553 R: 1   0 00000000 M: 1 0 00000076 00000000 0000000a
SIMLOG:: Cycle         171 PC: 00000024 I: 00001113 R: 1   4 0000000a M: 0 0 00000078 00000000 00000008
SIMLOG:: Cycle         172 PC: 00000026 I: 0000c1fa R: 1   2 00000078 M: 0 1 00000086 0000000a 0000xxxx
SIMLOG:: Cycle         173 PC: 00000028 I: 0000a110 R: 0   4 00000086 M: 0 0 00000088 00000000 0000xxxx
SIMLOG:: Cycle         174 PC: 00000028 I: 0000a110 R: 1   5 00000088 M: 0 0 00000008 00000000 00000000
SIMLOG:: Cycle         175 PC: 00000028 I: 0000a110 R: 1   1 00000008 M: 0 0 00000002 00000000 00000000
SIMLOG:: Cycle         176 PC: 0000001c I: 00008420 R: 0   1 00000002 M: 0 0 00000000 00000000 00000000
SIMLOG:: Cycle         177 PC: 0000001e I: 00000223 R: 0   1 00000000 M: 0 0 00000000 00000000 00000000
SIMLOG:: Cycle         178 PC: 00000020 I: 00009450 R: 0   1 00000000 M: 0 0 00000000 00000000 00000000
SIMLOG:: Cycle         179 PC: 00000022 I: 00000553 R: 1   0 00000000 M: 1 0 00000078 00000000 00000008
SIMLOG:: Cycle         180 PC: 00000024 I: 00001113 R: 1   4 00000008 M: 0 0 0000007a 00000000 00000006
SIMLOG:: Cycle         181 PC: 00000026 I: 0000c1fa R: 1   2 0000007a M: 0 1 00000088 00000008 0000xxxx
SIMLOG:: Cycle         182 PC: 00000028 I: 0000a110 R: 0   4 00000088 M: 0 0 0000008a 00000000 0000xxxx
SIMLOG:: Cycle         183 PC: 00000028 I: 0000a110 R: 1   5 0000008a M: 0 0 00000006 00000000 00000000
SIMLOG:: Cycle         184 PC: 00000028 I: 0000a110 R: 1   1 00000006 M: 0 0 00000002 00000000 00000000
SIMLOG:: Cycle         185 PC: 0000001c I: 00008420 R: 0   1 00000002 M: 0 0 00000000 00000000 00000000
SIMLOG:: Cycle         186 PC: 0000001e I: 00000223 R: 0   1 00000000 M: 0 0 00000000 00000000 00000000
SIMLOG:: Cycle         187 PC: 00000020 I: 00009450 R: 0   1 00000000 M: 0 0 00000000 00000000 00000000
SIMLOG:: Cycle         188 PC: 00000022 I: 00000553 R: 1   0 00000000 M: 1 0 0000007a 00000000 00000006
SIMLOG:: Cycle         189 PC: 00000024 I: 00001113 R: 1   4 00000006 M: 0 0 0000007c 00000000 00000004
SIMLOG:: Cycle         190 PC: 00000026 I: 0000c1fa R: 1   2 0000007c M: 0 1 0000008a 00000006 0000xxxx
SIMLOG:: Cycle         191 PC: 00000028 I: 0000a110 R: 0   4 0000008a M: 0 0 0000008c 00000000 0000xxxx
SIMLOG:: Cycle         192 PC: 00000028 I: 0000a110 R: 1   5 0000008c M: 0 0 00000004 00000000 00000000
SIMLOG:: Cycle         193 PC: 00000028 I: 0000a110 R: 1   1 00000004 M: 0 0 00000002 00000000 00000000
SIMLOG:: Cycle         194 PC: 0000001c I: 00008420 R: 0   1 00000002 M: 0 0 00000000 00000000 00000000
SIMLOG:: Cycle         195 PC: 0000001e I: 00000223 R: 0   1 00000000 M: 0 0 00000000 00000000 00000000
SIMLOG:: Cycle         196 PC: 00000020 I: 00009450 R: 0   1 00000000 M: 0 0 00000000 00000000 00000000
SIMLOG:: Cycle         197 PC: 00000022 I: 00000553 R: 1   0 00000000 M: 1 0 0000007c 00000000 00000004
SIMLOG:: Cycle         198 PC: 00000024 I: 00001113 R: 1   4 00000004 M: 0 0 0000007e 00000000 00000002
SIMLOG:: Cycle         199 PC: 00000026 I: 0000c1fa R: 1   2 0000007e M: 0 1 0000008c 00000004 0000xxxx
SIMLOG:: Cycle         200 PC: 00000028 I: 0000a110 R: 0   4 0000008c M: 0 0 0000008e 00000000 0000xxxx
SIMLOG:: Cycle         201 PC: 00000028 I: 0000a110 R: 1   5 0000008e M: 0 0 00000002 00000000 00000000
SIMLOG:: Cycle         202 PC: 00000028 I: 0000a110 R: 1   1 00000002 M: 0 0 00000002 00000000 00000000
SIMLOG:: Cycle         203 PC: 0000001c I: 00008420 R: 0   1 00000002 M: 0 0 00000000 00000000 00000000
SIMLOG:: Cycle         204 PC: 0000001e I: 00000223 R: 0   1 00000000 M: 0 0 00000000 00000000 00000000
SIMLOG:: Cycle         205 PC: 00000020 I: 00009450 R: 0   1 00000000 M: 0 0 00000000 00000000 00000000
SIMLOG:: Cycle         206 PC: 00000022 I: 00000553 R: 1   0 00000000 M: 1 0 0000007e 00000000 00000002
SIMLOG:: Cycle         207 PC: 00000024 I: 00001113 R: 1   4 00000002 M: 0 0 00000080 00000000 00000010
SIMLOG:: Cycle         208 PC: 00000026 I: 0000c1fa R: 1   2 00000080 M: 0 1 0000008e 00000002 0000xxxx
SIMLOG:: Cycle         209 PC: 00000028 I: 0000a110 R: 0   4 0000008e M: 0 0 00000090 00000000 00000000
SIMLOG:: Cycle         210 PC: 00000028 I: 0000a110 R: 1   5 00000090 M: 0 0 00000000 00000000 00000000
SIMLOG:: Cycle         211 PC: 00000028 I: 0000a110 R: 1   1 00000000 M: 0 0 00000002 00000000 00000000
SIMLOG:: Cycle         212 PC: 0000002a I: 0000a580 R: 0   1 00000002 M: 0 0 00000000 00000000 00000000
SIMLOG:: Cycle         213 PC: 0000002c I: 00008450 R: 0   1 00000000 M: 0 0 00000000 00000000 00000000
SIMLOG:: Cycle         214 PC: 0000002e I: 00001041 R: 0   1 00000000 M: 0 0 00000010 00000000 00000000
SIMLOG:: Cycle         215 PC: 00000030 I: 00004000 R: 1   1 00000010 M: 0 0 00000080 00000000 00000010
SIMLOG:: Cycle         216 PC: 00000030 I: 00004000 R: 1   5 00000080 M: 1 0 00000080 00000000 00000010
SIMLOG:: Cycle         217 PC: 00000030 I: 00004000 R: 1   4 00000010 M: 0 0 00000070 00000000 00000010
SIMLOG:: Cycle         218 PC: 00000030 I: 00004000 R: 0   0 00000070 M: 0 0 00000000 00000000 00000000
SIMLOG:: Cycle         219 PC: 00000030 I: 00004000 R: 0   0 00000070 M: 0 0 00000000 00000000 00000000
SIMLOG:: Cycle         220 PC: 00000030 I: 00004000 R: 0   0 00000070 M: 0 0 00000000 00000000 00000000
SIMLOG:: Cycle         221 PC: 00000030 I: 00004000 R: 0   0 00000070 M: 0 0 00000000 00000000 00000000
SIMLOG:: Cycle         222 PC: 00000030 I: 00004000 R: 0   0 00000070 M: 0 0 00000000 00000000 00000000
SIMLOG:: Cycle         223 PC: 00000030 I: 00004000 R: 0   0 00000070 M: 0 0 00000000 00000000 00000000
SIMLOG:: Cycle         224 PC: 00000030 I: 00004000 R: 0   0 00000070 M: 0 0 00000000 00000000 00000000
SIMLOG:: Cycle         225 PC: 00000030 I: 00004000 R: 0   0 00000070 M: 0 0 00000000 00000000 00000000
SIMLOG:: Cycle         226 PC: 00000030 I: 00004000 R: 0   0 00000070 M: 0 0 00000000 00000000 00000000
SIMLOG:: Cycle         227 PC: 00000030 I: 0000c00d R: 0   0 00000070 M: 0 0 00000000 00000000 00000000
SIMLOG:: Cycle         228 PC: 00000032 I: 00000553 R: 1   0 00000000 M: 0 0 00000000 00000000 00000000
SIMLOG:: Cycle         229 PC: 00000032 I: 00000553 R: 1   0 00000000 M: 0 0 00000000 00000000 00000000
SIMLOG:: Cycle         230 PC: 00000032 I: 00000553 R: 1   0 00000000 M: 0 0 00000000 00000000 00000000
SIMLOG:: Cycle         231 PC: 00000034 I: 00001113 R: 0   0 00000000 M: 0 0 00000000 00000000 00000000
SIMLOG:: Cycle         232 PC: 00000036 I: 0000c1fa R: 0   0 00000000 M: 0 0 00000000 00000000 00000000
SIMLOG:: Cycle         233 PC: 00000038 I: 00008260 R: 0   0 00000000 M: 0 0 00000082 00000000 0000000e
SIMLOG:: Cycle         234 PC: 00000038 I: 00008260 R: 1   5 00000082 M: 0 0 0000000e 00000000 00000000
SIMLOG:: Cycle         235 PC: 00000038 I: 00008260 R: 1   1 0000000e M: 0 0 00000002 00000000 00000000
SIMLOG:: Cycle         236 PC: 0000002c I: 00008450 R: 0   1 00000002 M: 0 0 00000000 00000000 00000000
SIMLOG:: Cycle         237 PC: 0000002e I: 00001041 R: 0   1 00000000 M: 0 0 00000000 00000000 00000000
SIMLOG:: Cycle         238 PC: 00000030 I: 0000c00d R: 0   1 00000000 M: 0 0 00000000 00000000 00000000
SIMLOG:: Cycle         239 PC: 00000030 I: 0000c00d R: 1   0 00000000 M: 1 0 00000082 00000000 0000000e
SIMLOG:: Cycle         240 PC: 00000032 I: 00000553 R: 1   4 0000000e M: 0 0 00000074 00000000 0000000c
SIMLOG:: Cycle         241 PC: 00000032 I: 00000553 R: 0   0 00000074 M: 0 0 00000000 00000000 00000000
SIMLOG:: Cycle         242 PC: 00000032 I: 00000553 R: 1   0 00000000 M: 0 0 0000000e 00000000 00000000
SIMLOG:: Cycle         243 PC: 00000034 I: 00001113 R: 0   0 0000000e M: 0 0 00000000 00000000 00000000
SIMLOG:: Cycle         244 PC: 00000036 I: 0000c1fa R: 0   0 00000000 M: 0 0 00000000 00000000 00000000
SIMLOG:: Cycle         245 PC: 00000038 I: 00008260 R: 0   0 00000000 M: 0 0 00000084 00000000 0000000c
SIMLOG:: Cycle         246 PC: 00000038 I: 00008260 R: 1   5 00000084 M: 0 0 0000000c 00000000 00000000
SIMLOG:: Cycle         247 PC: 00000038 I: 00008260 R: 1   1 0000000c M: 0 0 00000002 00000000 00000000
SIMLOG:: Cycle         248 PC: 0000002c I: 00008450 R: 0   1 00000002 M: 0 0 00000000 00000000 00000000
SIMLOG:: Cycle         249 PC: 0000002e I: 00001041 R: 0   1 00000000 M: 0 0 00000000 00000000 00000000
SIMLOG:: Cycle         250 PC: 00000030 I: 0000c00d R: 0   1 00000000 M: 0 0 00000000 00000000 00000000
SIMLOG:: Cycle         251 PC: 00000030 I: 0000c00d R: 1   0 00000000 M: 1 0 00000084 00000000 0000000c
SIMLOG:: Cycle         252 PC: 00000032 I: 00000553 R: 1   4 0000000c M: 0 0 00000078 00000000 00000008
SIMLOG:: Cycle         253 PC: 00000032 I: 00000553 R: 0   0 00000078 M: 0 0 00000000 00000000 00000000
SIMLOG:: Cycle         254 PC: 00000032 I: 00000553 R: 1   0 00000000 M: 0 0 0000000c 00000000 00000000
SIMLOG:: Cycle         255 PC: 00000034 I: 00001113 R: 0   0 0000000c M: 0 0 00000000 00000000 00000000
SIMLOG:: Cycle         256 PC: 00000036 I: 0000c1fa R: 0   0 00000000 M: 0 0 00000000 00000000 00000000
SIMLOG:: Cycle         257 PC: 00000038 I: 00008260 R: 0   0 00000000 M: 0 0 00000086 00000000 0000000a
SIMLOG:: Cycle         258 PC: 00000038 I: 00008260 R: 1   5 00000086 M: 0 0 0000000a 00000000 00000000
SIMLOG:: Cycle         259 PC: 00000038 I: 00008260 R: 1   1 0000000a M: 0 0 00000002 00000000 00000000
SIMLOG:: Cycle         260 PC: 0000002c I: 00008450 R: 0   1 00000002 M: 0 0 00000000 00000000 00000000
SIMLOG:: Cycle         261 PC: 0000002e I: 00001041 R: 0   1 00000000 M: 0 0 00000000 00000000 00000000
SIMLOG:: Cycle         262 PC: 00000030 I: 0000c00d R: 0   1 00000000 M: 0 0 00000000 00000000 00000000
SIMLOG:: Cycle         263 PC: 00000030 I: 0000c00d R: 1   0 00000000 M: 1 0 00000086 00000000 0000000a
SIMLOG:: Cycle         264 PC: 00000032 I: 00000553 R: 1   4 0000000a M: 0 0 0000007c 00000000 00000004
SIMLOG:: Cycle         265 PC: 00000032 I: 00000553 R: 0   0 0000007c M: 0 0 00000000 00000000 00000000
SIMLOG:: Cycle         266 PC: 00000032 I: 00000553 R: 1   0 00000000 M: 0 0 0000000a 00000000 00000000
SIMLOG:: Cycle         267 PC: 00000034 I: 00001113 R: 0   0 0000000a M: 0 0 00000000 00000000 00000000
SIMLOG:: Cycle         268 PC: 00000036 I: 0000c1fa R: 0   0 00000000 M: 0 0 00000000 00000000 00000000
SIMLOG:: Cycle         269 PC: 00000038 I: 00008260 R: 0   0 00000000 M: 0 0 00000088 00000000 00000008
SIMLOG:: Cycle         270 PC: 00000038 I: 00008260 R: 1   5 00000088 M: 0 0 00000008 00000000 00000000
SIMLOG:: Cycle         271 PC: 00000038 I: 00008260 R: 1   1 00000008 M: 0 0 00000002 00000000 00000000
SIMLOG:: Cycle         272 PC: 0000002c I: 00008450 R: 0   1 00000002 M: 0 0 00000000 00000000 00000000
SIMLOG:: Cycle         273 PC: 0000002e I: 00001041 R: 0   1 00000000 M: 0 0 00000000 00000000 00000000
SIMLOG:: Cycle         274 PC: 00000030 I: 0000c00d R: 0   1 00000000 M: 0 0 00000000 00000000 00000000
SIMLOG:: Cycle         275 PC: 00000030 I: 0000c00d R: 1   0 00000000 M: 1 0 00000088 00000000 00000008
SIMLOG:: Cycle         276 PC: 00000032 I: 00000553 R: 1   4 00000008 M: 0 0 00000080 00000000 00000010
SIMLOG:: Cycle         277 PC: 00000032 I: 00000553 R: 0   0 00000080 M: 0 0 00000000 00000000 00000000
SIMLOG:: Cycle         278 PC: 00000032 I: 00000553 R: 1   0 00000000 M: 0 0 00000008 00000000 00000000
SIMLOG:: Cycle         279 PC: 00000034 I: 00001113 R: 0   0 00000008 M: 0 0 00000000 00000000 00000000
SIMLOG:: Cycle         280 PC: 00000036 I: 0000c1fa R: 0   0 00000000 M: 0 0 00000000 00000000 00000000
SIMLOG:: Cycle         281 PC: 00000038 I: 00008260 R: 0   0 00000000 M: 0 0 0000008a 00000000 00000006
SIMLOG:: Cycle         282 PC: 00000038 I: 00008260 R: 1   5 0000008a M: 0 0 00000006 00000000 00000000
SIMLOG:: Cycle         283 PC: 00000038 I: 00008260 R: 1   1 00000006 M: 0 0 00000002 00000000 00000000
SIMLOG:: Cycle         284 PC: 0000002c I: 00008450 R: 0   1 00000002 M: 0 0 00000000 00000000 00000000
SIMLOG:: Cycle         285 PC: 0000002e I: 00001041 R: 0   1 00000000 M: 0 0 00000000 00000000 00000000
SIMLOG:: Cycle         286 PC: 00000030 I: 0000c00d R: 0   1 00000000 M: 0 0 00000000 00000000 00000000
SIMLOG:: Cycle         287 PC: 00000030 I: 0000c00d R: 1   0 00000000 M: 1 0 0000008a 00000000 00000006
SIMLOG:: Cycle         288 PC: 00000032 I: 00000553 R: 1   4 00000006 M: 0 0 00000084 00000000 0000000c
SIMLOG:: Cycle         289 PC: 00000032 I: 00000553 R: 0   0 00000084 M: 0 0 00000000 00000000 00000000
SIMLOG:: Cycle         290 PC: 00000032 I: 00000553 R: 1   0 00000000 M: 0 0 00000006 00000000 00000000
SIMLOG:: Cycle         291 PC: 00000034 I: 00001113 R: 0   0 00000006 M: 0 0 00000000 00000000 00000000
SIMLOG:: Cycle         292 PC: 00000036 I: 0000c1fa R: 0   0 00000000 M: 0 0 00000000 00000000 00000000
SIMLOG:: Cycle         293 PC: 00000038 I: 00008260 R: 0   0 00000000 M: 0 0 0000008c 00000000 00000004
SIMLOG:: Cycle         294 PC: 00000038 I: 00008260 R: 1   5 0000008c M: 0 0 00000004 00000000 00000000
SIMLOG:: Cycle         295 PC: 00000038 I: 00008260 R: 1   1 00000004 M: 0 0 00000002 00000000 00000000
SIMLOG:: Cycle         296 PC: 0000002c I: 00008450 R: 0   1 00000002 M: 0 0 00000000 00000000 00000000
SIMLOG:: Cycle         297 PC: 0000002e I: 00001041 R: 0   1 00000000 M: 0 0 00000000 00000000 00000000
SIMLOG:: Cycle         298 PC: 00000030 I: 0000c00d R: 0   1 00000000 M: 0 0 00000000 00000000 00000000
SIMLOG:: Cycle         299 PC: 00000030 I: 0000c00d R: 1   0 00000000 M: 1 0 0000008c 00000000 00000004
SIMLOG:: Cycle         300 PC: 00000032 I: 00000553 R: 1   4 00000004 M: 0 0 00000088 00000000 00000008
SIMLOG:: Cycle         301 PC: 00000032 I: 00000553 R: 0   0 00000088 M: 0 0 00000000 00000000 00000000
SIMLOG:: Cycle         302 PC: 00000032 I: 00000553 R: 1   0 00000000 M: 0 0 00000004 00000000 00000000
SIMLOG:: Cycle         303 PC: 00000034 I: 00001113 R: 0   0 00000004 M: 0 0 00000000 00000000 00000000
SIMLOG:: Cycle         304 PC: 00000036 I: 0000c1fa R: 0   0 00000000 M: 0 0 00000000 00000000 00000000
SIMLOG:: Cycle         305 PC: 00000038 I: 00008260 R: 0   0 00000000 M: 0 0 0000008e 00000000 00000002
SIMLOG:: Cycle         306 PC: 00000038 I: 00008260 R: 1   5 0000008e M: 0 0 00000002 00000000 00000000
SIMLOG:: Cycle         307 PC: 00000038 I: 00008260 R: 1   1 00000002 M: 0 0 00000002 00000000 00000000
SIMLOG:: Cycle         308 PC: 0000002c I: 00008450 R: 0   1 00000002 M: 0 0 00000000 00000000 00000000
SIMLOG:: Cycle         309 PC: 0000002e I: 00001041 R: 0   1 00000000 M: 0 0 00000000 00000000 00000000
SIMLOG:: Cycle         310 PC: 00000030 I: 0000c00d R: 0   1 00000000 M: 0 0 00000000 00000000 00000000
SIMLOG:: Cycle         311 PC: 00000030 I: 0000c00d R: 1   0 00000000 M: 1 0 0000008e 00000000 00000002
SIMLOG:: Cycle         312 PC: 00000032 I: 00000553 R: 1   4 00000002 M: 0 0 0000008c 00000000 00000004
SIMLOG:: Cycle         313 PC: 00000032 I: 00000553 R: 0   0 0000008c M: 0 0 00000000 00000000 00000000
SIMLOG:: Cycle         314 PC: 00000032 I: 00000553 R: 1   0 00000000 M: 0 0 00000002 00000000 00000000
SIMLOG:: Cycle         315 PC: 00000034 I: 00001113 R: 0   0 00000002 M: 0 0 00000000 00000000 00000000
SIMLOG:: Cycle         316 PC: 00000036 I: 0000c1fa R: 0   0 00000000 M: 0 0 00000000 00000000 00000000
SIMLOG:: Cycle         317 PC: 00000038 I: 00008260 R: 0   0 00000000 M: 0 0 00000090 00000000 00000000
SIMLOG:: Cycle         318 PC: 00000038 I: 00008260 R: 1   5 00000090 M: 0 0 00000000 00000000 00000000
SIMLOG:: Cycle         319 PC: 00000038 I: 00008260 R: 1   1 00000000 M: 0 0 00000002 00000000 00000000
SIMLOG:: Cycle         320 PC: 0000003a I: 0000a18a R: 0   1 00000002 M: 0 0 00000000 00000000 00000000
SIMLOG:: Cycle         321 PC: 0000003c I: 00001012 R: 0   1 00000000 M: 0 0 00000000 00000000 00000000
SIMLOG:: Cycle         322 PC: 0000003e I: 0000c006 R: 0   1 00000000 M: 1 0 00000180 00000000 0000008a
SIMLOG:: Cycle         323 PC: 00000040 I: 00004000 R: 1   2 0000008a M: 0 0 0000008a 00000000 00000006
SIMLOG:: Cycle         324 PC: 00000040 I: 00004000 R: 1   1 0000008a M: 0 0 00000000 00000000 00000000
SIMLOG:: Cycle         325 PC: 00000040 I: 00004000 R: 1   1 0000008a M: 0 0 00000000 00000000 00000000
SIMLOG:: Cycle         326 PC: 00000040 I: 00004000 R: 1   1 0000008a M: 0 0 00000000 00000000 00000000
SIMLOG:: Cycle         327 PC: 00000040 I: 00004000 R: 1   1 0000008a M: 0 0 00000000 00000000 00000000
SIMLOG:: Cycle         328 PC: 00000040 I: 00004000 R: 1   1 0000008a M: 0 0 00000000 00000000 00000000
SIMLOG:: Cycle         329 PC: 00000040 I: 00004000 R: 1   1 0000008a M: 0 0 00000000 00000000 00000000
SIMLOG:: Cycle         330 PC: 00000040 I: 00004000 R: 1   1 0000008a M: 0 0 00000000 00000000 00000000
SIMLOG:: Cycle         331 PC: 00000040 I: 00004000 R: 1   1 0000008a M: 0 0 00000000 00000000 00000000
SIMLOG:: Cycle         332 PC: 00000040 I: 00004000 R: 1   1 0000008a M: 0 0 00000000 00000000 00000000
SIMLOG:: Cycle         333 PC: 00000040 I: 00004000 R: 1   1 0000008a M: 0 0 00000000 00000000 00000000
SIMLOG:: Cycle         334 PC: 00000040 I: 00004000 R: 1   1 0000008a M: 0 0 00000000 00000000 00000000
SIMLOG:: Cycle         335 PC: 00000040 I: 0000a680 R: 1   1 0000008a M: 0 0 00000000 00000000 00000000
SIMLOG:: Cycle         336 PC: 00000040 I: 0000a680 R: 1   0 00000000 M: 0 0 00000080 00000000 00000010
SIMLOG:: Cycle         337 PC: 00000042 I: 0000b600 R: 0   0 00000080 M: 0 0 00000180 00000000 0000008a
SIMLOG:: Cycle         338 PC: 00000044 I: 00008260 R: 0   0 00000180 M: 0 0 00000180 00000000 0000008a
SIMLOG:: Cycle         339 PC: 00000046 I: 0000a110 R: 0   0 00000180 M: 0 0 00000180 00000000 0000008a
SIMLOG:: Cycle         340 PC: 00000048 I: 00001012 R: 1   6 00000180 M: 0 0 00000080 00000000 00000010
SIMLOG:: Cycle         341 PC: 0000004a I: 0000c205 R: 1   6 00000080 M: 1 0 00000080 00000000 00000010
SIMLOG:: Cycle         342 PC: 0000004c I: 0000a1ff R: 1   2 00000010 M: 0 0 00000010 00000000 00000000
SIMLOG:: Cycle         343 PC: 0000004c I: 0000a1ff R: 1   1 00000010 M: 0 0 00000000 00000000 00000000
SIMLOG:: Cycle         344 PC: 0000004c I: 0000a1ff R: 1   0 00000000 M: 0 0 0000008a 00000000 00000006
SIMLOG:: Cycle         345 PC: 00000056 I: 00004000 R: 0   2 0000008a M: 0 0 00000090 00000000 00000000
SIMLOG:: Cycle         346 PC: 00000056 I: 00004000 R: 0   2 0000008a M: 0 0 00000090 00000000 00000000
SIMLOG:: Cycle         347 PC: 00000056 I: 00004000 R: 0   2 0000008a M: 0 0 00000090 00000000 00000000
SIMLOG:: Cycle         348 PC: 00000056 I: 00004000 R: 0   2 0000008a M: 0 0 00000090 00000000 00000000
SIMLOG:: Cycle         349 PC: 00000056 I: 00004000 R: 0   2 0000008a M: 0 0 00000090 00000000 00000000
SIMLOG:: Cycle         350 PC: 00000056 I: 00004000 R: 0   2 0000008a M: 0 0 00000090 00000000 00000000
SIMLOG:: Cycle         351 PC: 00000056 I: 00004000 R: 0   2 0000008a M: 0 0 00000090 00000000 00000000
SIMLOG:: Cycle         352 PC: 00000056 I: 00004000 R: 0   2 0000008a M: 0 0 00000090 00000000 00000000
SIMLOG:: Cycle         353 PC: 00000056 I: 00004000 R: 0   2 0000008a M: 0 0 00000090 00000000 00000000
SIMLOG:: Cycle         354 PC: 00000056 I: 00004000 R: 0   2 0000008a M: 0 0 00000090 00000000 00000000
SIMLOG:: Cycle         355 PC: 00000056 I: 00004000 R: 0   2 0000008a M: 0 0 00000090 00000000 00000000
SIMLOG:: Cycle         356 PC: 00000056 I: 00004000 R: 0   2 0000008a M: 0 0 00000090 00000000 00000000
SIMLOG:: Cycle         357 PC: 00000056 I: 0000a1aa R: 0   2 0000008a M: 0 0 00000090 00000000 00000000
SIMLOG:: Cycle         358 PC: 00000058 I: 0000b1aa R: 0   2 00000090 M: 0 0 00000090 00000000 00000000
SIMLOG:: Cycle         359 PC: 0000005a I: 0000f000 R: 0   2 00000090 M: 0 0 00000000 00000000 00000000
SIMLOG:: Cycle         360 PC: 0000005a I: 0000f000 R: 1   0 00000000 M: 0 0 000000aa 00000000 00000000
SIMLOG:: Cycle         361 PC: 0000005a I: 0000f000 R: 1   1 000000aa M: 0 0 0000aaaa 00000000 00000000
SIMLOG:: Cycle         362 PC: 0000005a I: 0000f000 R: 1   1 0000aaaa M: 0 0 00000000 00000000 00000000
SIMLOG:: Cycle         363 PC: 0000005a I: 0000f000 R: 0   0 00000000 M: 0 0 00000000 00000000 00000000
SIMLOG:: Processor halted

SIMLOG:: sim_cycles         363

SIMLOG:: inst_count         196

SIMLOG:: icache_req_count         288

SIMLOG:: icache_hit_count         288

SIMLOG:: dcache_req_count          81

SIMLOG:: dcache_hit_count          81

