INUM:        0 PC: 0x0000 REG:  1 VALUE: 0x0002
INUM:        1 PC: 0x0002 REG:  1 VALUE: 0x0002
INUM:        2 PC: 0x0004 REG:  2 VALUE: 0x0001
INUM:        3 PC: 0x0006 REG:  2 VALUE: 0x0001
INUM:        4 PC: 0x0008 REG:  6 VALUE: 0x0004
INUM:        5 PC: 0x000a REG:  6 VALUE: 0x0004
INUM:        6 PC: 0x000c REG:  1 VALUE: 0x000c
INUM:        7 PC: 0x000e REG:  0 VALUE: 0x0010
INUM:        8 PC: 0x0010
INUM:        9 PC: 0x0012
INUM:       10 PC: 0x00d4 REG:  x VALUE: 0xxxxx
INUM:       11 PC: 0x00d6 REG:  x VALUE: 0xxxxx
INUM:       12 PC: 0x00d8 REG:  x VALUE: 0xxxxx
INUM:       13 PC: 0x00da REG:  x VALUE: 0xxxxx
INUM:       14 PC: 0x00dc REG:  x VALUE: 0xxxxx
INUM:       15 PC: 0x00de REG:  x VALUE: 0xxxxx
INUM:       16 PC: 0x00e0 REG:  x VALUE: 0xxxxx
INUM:       17 PC: 0x00e2 REG:  x VALUE: 0xxxxx
INUM:       18 PC: 0x00e4 REG:  x VALUE: 0xxxxx
INUM:       19 PC: 0x00e6 REG:  x VALUE: 0xxxxx
INUM:       20 PC: 0x00e8 REG:  x VALUE: 0xxxxx
INUM:       21 PC: 0x00ea REG:  x VALUE: 0xxxxx
INUM:       22 PC: 0x00ec REG:  x VALUE: 0xxxxx
INUM:       23 PC: 0x00ee REG:  x VALUE: 0xxxxx
INUM:       24 PC: 0x00f0 REG:  x VALUE: 0xxxxx
INUM:       25 PC: 0x00f2 REG:  x VALUE: 0xxxxx
INUM:       26 PC: 0x00f4 REG:  x VALUE: 0xxxxx
INUM:       27 PC: 0x00f6 REG:  x VALUE: 0xxxxx
INUM:       28 PC: 0x00f8 REG:  x VALUE: 0xxxxx
INUM:       29 PC: 0x00fa REG:  x VALUE: 0xxxxx
INUM:       30 PC: 0x00fc REG:  x VALUE: 0xxxxx
INUM:       31 PC: 0x00fe REG:  x VALUE: 0xxxxx
INUM:       32 PC: 0x0100 REG:  x VALUE: 0xxxxx
INUM:       33 PC: 0x0102 REG:  x VALUE: 0xxxxx
INUM:       34 PC: 0x0104 REG:  x VALUE: 0xxxxx
INUM:       35 PC: 0x0106 REG:  x VALUE: 0xxxxx
INUM:       36 PC: 0x0108 REG:  x VALUE: 0xxxxx
INUM:       37 PC: 0x010a REG:  x VALUE: 0xxxxx
INUM:       38 PC: 0x010c REG:  x VALUE: 0xxxxx
INUM:       39 PC: 0x010e REG:  x VALUE: 0xxxxx
INUM:       40 PC: 0x0110 REG:  x VALUE: 0xxxxx
INUM:       41 PC: 0x0112 REG:  x VALUE: 0xxxxx
INUM:       42 PC: 0x0114 REG:  x VALUE: 0xxxxx
INUM:       43 PC: 0x0116 REG:  x VALUE: 0xxxxx
INUM:       44 PC: 0x0118 REG:  x VALUE: 0xxxxx
INUM:       45 PC: 0x011a REG:  x VALUE: 0xxxxx
INUM:       46 PC: 0x011c REG:  x VALUE: 0xxxxx
INUM:       47 PC: 0x011e REG:  x VALUE: 0xxxxx
INUM:       48 PC: 0x0120 REG:  x VALUE: 0xxxxx
INUM:       49 PC: 0x0122 REG:  x VALUE: 0xxxxx
INUM:       50 PC: 0x0124 REG:  x VALUE: 0xxxxx
INUM:       51 PC: 0x0126 REG:  x VALUE: 0xxxxx
INUM:       52 PC: 0x0128 REG:  x VALUE: 0xxxxx
INUM:       53 PC: 0x012a REG:  x VALUE: 0xxxxx
INUM:       54 PC: 0x012c REG:  x VALUE: 0xxxxx
INUM:       55 PC: 0x012e REG:  x VALUE: 0xxxxx
INUM:       56 PC: 0x0130 REG:  x VALUE: 0xxxxx
INUM:       57 PC: 0x0132 REG:  x VALUE: 0xxxxx
INUM:       58 PC: 0x0134 REG:  x VALUE: 0xxxxx
INUM:       59 PC: 0x0136 REG:  x VALUE: 0xxxxx
INUM:       60 PC: 0x0138 REG:  x VALUE: 0xxxxx
INUM:       61 PC: 0x013a REG:  x VALUE: 0xxxxx
INUM:       62 PC: 0x013c REG:  x VALUE: 0xxxxx
INUM:       63 PC: 0x013e REG:  x VALUE: 0xxxxx
INUM:       64 PC: 0x01c0 REG:  x VALUE: 0xxxxx
INUM:       65 PC: 0x01c2 REG:  x VALUE: 0xxxxx
INUM:       66 PC: 0x01c4 REG:  x VALUE: 0xxxxx
INUM:       67 PC: 0x01c6 REG:  x VALUE: 0xxxxx
INUM:       68 PC: 0x01c8 REG:  x VALUE: 0xxxxx
INUM:       69 PC: 0x01ca REG:  x VALUE: 0xxxxx
INUM:       70 PC: 0x01cc REG:  x VALUE: 0xxxxx
INUM:       71 PC: 0x01ce REG:  x VALUE: 0xxxxx
INUM:       72 PC: 0x01d0 REG:  x VALUE: 0xxxxx
INUM:       73 PC: 0x01d2 REG:  x VALUE: 0xxxxx
INUM:       74 PC: 0x01d4 REG:  x VALUE: 0xxxxx
INUM:       75 PC: 0x01d6 REG:  x VALUE: 0xxxxx
INUM:       76 PC: 0x01d8 REG:  x VALUE: 0xxxxx
INUM:       77 PC: 0x01da REG:  x VALUE: 0xxxxx
INUM:       78 PC: 0x01dc REG:  x VALUE: 0xxxxx
INUM:       79 PC: 0x01de REG:  x VALUE: 0xxxxx
INUM:       80 PC: 0x01e0 REG:  x VALUE: 0xxxxx
INUM:       81 PC: 0x01e2 REG:  x VALUE: 0xxxxx
INUM:       82 PC: 0x01e4 REG:  x VALUE: 0xxxxx
INUM:       83 PC: 0x01e6 REG:  x VALUE: 0xxxxx
INUM:       84 PC: 0x01e8 REG:  x VALUE: 0xxxxx
INUM:       85 PC: 0x01ea REG:  x VALUE: 0xxxxx
INUM:       86 PC: 0x01ec REG:  x VALUE: 0xxxxx
INUM:       87 PC: 0x01ee REG:  x VALUE: 0xxxxx
INUM:       88 PC: 0x01f0 REG:  x VALUE: 0xxxxx
INUM:       89 PC: 0x01f2 REG:  x VALUE: 0xxxxx
INUM:       90 PC: 0x01f4 REG:  x VALUE: 0xxxxx
INUM:       91 PC: 0x01f6 REG:  x VALUE: 0xxxxx
INUM:       92 PC: 0x01f8 REG:  x VALUE: 0xxxxx
INUM:       93 PC: 0x01fa REG:  x VALUE: 0xxxxx
INUM:       94 PC: 0x01fc REG:  x VALUE: 0xxxxx
INUM:       95 PC: 0x01fe REG:  x VALUE: 0xxxxx
INUM:       96 PC: 0x0200 REG:  x VALUE: 0xxxxx
INUM:       97 PC: 0x0202 REG:  x VALUE: 0xxxxx
INUM:       98 PC: 0x0204 REG:  x VALUE: 0xxxxx
INUM:       99 PC: 0x0206 REG:  x VALUE: 0xxxxx
INUM:      100 PC: 0x0208 REG:  x VALUE: 0xxxxx
INUM:      101 PC: 0x020a REG:  x VALUE: 0xxxxx
INUM:      102 PC: 0x020c REG:  x VALUE: 0xxxxx
INUM:      103 PC: 0x020e REG:  x VALUE: 0xxxxx
INUM:      104 PC: 0x0210 REG:  x VALUE: 0xxxxx
INUM:      105 PC: 0x0212 REG:  x VALUE: 0xxxxx
INUM:      106 PC: 0x0214 REG:  x VALUE: 0xxxxx
INUM:      107 PC: 0x0216 REG:  x VALUE: 0xxxxx
INUM:      108 PC: 0x0218 REG:  x VALUE: 0xxxxx
INUM:      109 PC: 0x021a REG:  x VALUE: 0xxxxx
INUM:      110 PC: 0x021c REG:  x VALUE: 0xxxxx
INUM:      111 PC: 0x021e REG:  x VALUE: 0xxxxx
INUM:      112 PC: 0x0220 REG:  x VALUE: 0xxxxx
INUM:      113 PC: 0x0222 REG:  x VALUE: 0xxxxx
INUM:      114 PC: 0x0224 REG:  x VALUE: 0xxxxx
INUM:      115 PC: 0x0226 REG:  x VALUE: 0xxxxx
INUM:      116 PC: 0x0228 REG:  x VALUE: 0xxxxx
INUM:      117 PC: 0x022a REG:  x VALUE: 0xxxxx
INUM:      118 PC: 0x022c REG:  x VALUE: 0xxxxx
INUM:      119 PC: 0x022e REG:  x VALUE: 0xxxxx
INUM:      120 PC: 0x0230 REG:  x VALUE: 0xxxxx
INUM:      121 PC: 0x0232 REG:  x VALUE: 0xxxxx
INUM:      122 PC: 0x0234 REG:  x VALUE: 0xxxxx
INUM:      123 PC: 0x0236 REG:  x VALUE: 0xxxxx
INUM:      124 PC: 0x0238 REG:  x VALUE: 0xxxxx
INUM:      125 PC: 0x023a REG:  x VALUE: 0xxxxx
INUM:      126 PC: 0x023c REG:  x VALUE: 0xxxxx
INUM:      127 PC: 0x023e REG:  x VALUE: 0xxxxx
INUM:      128 PC: 0x02c0 REG:  x VALUE: 0xxxxx
INUM:      129 PC: 0x02c2 REG:  x VALUE: 0xxxxx
INUM:      130 PC: 0x02c4 REG:  x VALUE: 0xxxxx
INUM:      131 PC: 0x02c6 REG:  x VALUE: 0xxxxx
INUM:      132 PC: 0x02c8 REG:  x VALUE: 0xxxxx
INUM:      133 PC: 0x02ca REG:  x VALUE: 0xxxxx
INUM:      134 PC: 0x02cc REG:  x VALUE: 0xxxxx
INUM:      135 PC: 0x02ce REG:  x VALUE: 0xxxxx
INUM:      136 PC: 0x02d0 REG:  x VALUE: 0xxxxx
INUM:      137 PC: 0x02d2 REG:  x VALUE: 0xxxxx
INUM:      138 PC: 0x02d4 REG:  x VALUE: 0xxxxx
INUM:      139 PC: 0x02d6 REG:  x VALUE: 0xxxxx
INUM:      140 PC: 0x02d8 REG:  x VALUE: 0xxxxx
INUM:      141 PC: 0x02da REG:  x VALUE: 0xxxxx
INUM:      142 PC: 0x02dc REG:  x VALUE: 0xxxxx
INUM:      143 PC: 0x02de REG:  x VALUE: 0xxxxx
INUM:      144 PC: 0x02e0 REG:  x VALUE: 0xxxxx
INUM:      145 PC: 0x02e2 REG:  x VALUE: 0xxxxx
INUM:      146 PC: 0x02e4 REG:  x VALUE: 0xxxxx
INUM:      147 PC: 0x02e6 REG:  x VALUE: 0xxxxx
INUM:      148 PC: 0x02e8 REG:  x VALUE: 0xxxxx
INUM:      149 PC: 0x02ea REG:  x VALUE: 0xxxxx
INUM:      150 PC: 0x02ec REG:  x VALUE: 0xxxxx
INUM:      151 PC: 0x02ee REG:  x VALUE: 0xxxxx
INUM:      152 PC: 0x02f0 REG:  x VALUE: 0xxxxx
INUM:      153 PC: 0x02f2 REG:  x VALUE: 0xxxxx
INUM:      154 PC: 0x02f4 REG:  x VALUE: 0xxxxx
INUM:      155 PC: 0x02f6 REG:  x VALUE: 0xxxxx
INUM:      156 PC: 0x02f8 REG:  x VALUE: 0xxxxx
INUM:      157 PC: 0x02fa REG:  x VALUE: 0xxxxx
INUM:      158 PC: 0x02fc REG:  x VALUE: 0xxxxx
INUM:      159 PC: 0x02fe REG:  x VALUE: 0xxxxx
INUM:      160 PC: 0x0300 REG:  x VALUE: 0xxxxx
INUM:      161 PC: 0x0302 REG:  x VALUE: 0xxxxx
INUM:      162 PC: 0x0304 REG:  x VALUE: 0xxxxx
INUM:      163 PC: 0x0306 REG:  x VALUE: 0xxxxx
INUM:      164 PC: 0x0308 REG:  x VALUE: 0xxxxx
INUM:      165 PC: 0x030a REG:  x VALUE: 0xxxxx
INUM:      166 PC: 0x030c REG:  x VALUE: 0xxxxx
INUM:      167 PC: 0x030e REG:  x VALUE: 0xxxxx
INUM:      168 PC: 0x0310 REG:  x VALUE: 0xxxxx
INUM:      169 PC: 0x0312 REG:  x VALUE: 0xxxxx
INUM:      170 PC: 0x0314 REG:  x VALUE: 0xxxxx
INUM:      171 PC: 0x0316 REG:  x VALUE: 0xxxxx
INUM:      172 PC: 0x0318 REG:  x VALUE: 0xxxxx
INUM:      173 PC: 0x031a REG:  x VALUE: 0xxxxx
INUM:      174 PC: 0x031c REG:  x VALUE: 0xxxxx
INUM:      175 PC: 0x031e REG:  x VALUE: 0xxxxx
INUM:      176 PC: 0x0320 REG:  x VALUE: 0xxxxx
INUM:      177 PC: 0x0322 REG:  x VALUE: 0xxxxx
INUM:      178 PC: 0x0324 REG:  x VALUE: 0xxxxx
INUM:      179 PC: 0x0326 REG:  x VALUE: 0xxxxx
INUM:      180 PC: 0x0328 REG:  x VALUE: 0xxxxx
INUM:      181 PC: 0x032a REG:  x VALUE: 0xxxxx
INUM:      182 PC: 0x032c REG:  x VALUE: 0xxxxx
INUM:      183 PC: 0x032e REG:  x VALUE: 0xxxxx
INUM:      184 PC: 0x0330 REG:  x VALUE: 0xxxxx
INUM:      185 PC: 0x0332 REG:  x VALUE: 0xxxxx
INUM:      186 PC: 0x0334 REG:  x VALUE: 0xxxxx
INUM:      187 PC: 0x0336 REG:  x VALUE: 0xxxxx
INUM:      188 PC: 0x0338 REG:  x VALUE: 0xxxxx
INUM:      189 PC: 0x033a REG:  x VALUE: 0xxxxx
INUM:      190 PC: 0x033c REG:  x VALUE: 0xxxxx
INUM:      191 PC: 0x033e REG:  x VALUE: 0xxxxx
INUM:      192 PC: 0x03c0 REG:  x VALUE: 0xxxxx
INUM:      193 PC: 0x03c2 REG:  x VALUE: 0xxxxx
INUM:      194 PC: 0x03c4 REG:  x VALUE: 0xxxxx
INUM:      195 PC: 0x03c6 REG:  x VALUE: 0xxxxx
INUM:      196 PC: 0x03c8 REG:  x VALUE: 0xxxxx
INUM:      197 PC: 0x03ca REG:  x VALUE: 0xxxxx
INUM:      198 PC: 0x03cc REG:  x VALUE: 0xxxxx
INUM:      199 PC: 0x03ce REG:  x VALUE: 0xxxxx
INUM:      200 PC: 0x03d0 REG:  x VALUE: 0xxxxx
INUM:      201 PC: 0x03d2 REG:  x VALUE: 0xxxxx
INUM:      202 PC: 0x03d4 REG:  x VALUE: 0xxxxx
INUM:      203 PC: 0x03d6 REG:  x VALUE: 0xxxxx
INUM:      204 PC: 0x03d8 REG:  x VALUE: 0xxxxx
INUM:      205 PC: 0x03da REG:  x VALUE: 0xxxxx
INUM:      206 PC: 0x03dc REG:  x VALUE: 0xxxxx
INUM:      207 PC: 0x03de REG:  x VALUE: 0xxxxx
INUM:      208 PC: 0x03e0 REG:  x VALUE: 0xxxxx
INUM:      209 PC: 0x03e2 REG:  x VALUE: 0xxxxx
INUM:      210 PC: 0x03e4 REG:  x VALUE: 0xxxxx
INUM:      211 PC: 0x03e6 REG:  x VALUE: 0xxxxx
INUM:      212 PC: 0x03e8 REG:  x VALUE: 0xxxxx
INUM:      213 PC: 0x03ea REG:  x VALUE: 0xxxxx
INUM:      214 PC: 0x03ec REG:  x VALUE: 0xxxxx
INUM:      215 PC: 0x03ee REG:  x VALUE: 0xxxxx
INUM:      216 PC: 0x03f0 REG:  x VALUE: 0xxxxx
INUM:      217 PC: 0x03f2 REG:  x VALUE: 0xxxxx
INUM:      218 PC: 0x03f4 REG:  x VALUE: 0xxxxx
INUM:      219 PC: 0x03f6 REG:  x VALUE: 0xxxxx
INUM:      220 PC: 0x03f8 REG:  x VALUE: 0xxxxx
INUM:      221 PC: 0x03fa REG:  x VALUE: 0xxxxx
INUM:      222 PC: 0x03fc REG:  x VALUE: 0xxxxx
INUM:      223 PC: 0x03fe REG:  x VALUE: 0xxxxx
INUM:      224 PC: 0x0c00 REG:  x VALUE: 0xxxxx
INUM:      225 PC: 0x0c02 REG:  x VALUE: 0xxxxx
INUM:      226 PC: 0x0c04 REG:  x VALUE: 0xxxxx
INUM:      227 PC: 0x0c06 REG:  x VALUE: 0xxxxx
INUM:      228 PC: 0x0c08 REG:  x VALUE: 0xxxxx
INUM:      229 PC: 0x0c0a REG:  x VALUE: 0xxxxx
INUM:      230 PC: 0x0c0c REG:  x VALUE: 0xxxxx
INUM:      231 PC: 0x0c0e REG:  x VALUE: 0xxxxx
INUM:      232 PC: 0x0c10 REG:  x VALUE: 0xxxxx
INUM:      233 PC: 0x0c12 REG:  x VALUE: 0xxxxx
INUM:      234 PC: 0x0c14 REG:  x VALUE: 0xxxxx
INUM:      235 PC: 0x0c16 REG:  x VALUE: 0xxxxx
INUM:      236 PC: 0x0c18 REG:  x VALUE: 0xxxxx
INUM:      237 PC: 0x0c1a REG:  x VALUE: 0xxxxx
INUM:      238 PC: 0x0c1c REG:  x VALUE: 0xxxxx
INUM:      239 PC: 0x0c1e REG:  x VALUE: 0xxxxx
INUM:      240 PC: 0x0c20 REG:  x VALUE: 0xxxxx
INUM:      241 PC: 0x0c22 REG:  x VALUE: 0xxxxx
INUM:      242 PC: 0x0c24 REG:  x VALUE: 0xxxxx
INUM:      243 PC: 0x0c26 REG:  x VALUE: 0xxxxx
INUM:      244 PC: 0x0c28 REG:  x VALUE: 0xxxxx
INUM:      245 PC: 0x0c2a REG:  x VALUE: 0xxxxx
INUM:      246 PC: 0x0c2c REG:  x VALUE: 0xxxxx
INUM:      247 PC: 0x0c2e REG:  x VALUE: 0xxxxx
INUM:      248 PC: 0x0c30 REG:  x VALUE: 0xxxxx
INUM:      249 PC: 0x0c32 REG:  x VALUE: 0xxxxx
INUM:      250 PC: 0x0c34 REG:  x VALUE: 0xxxxx
INUM:      251 PC: 0x0c36 REG:  x VALUE: 0xxxxx
INUM:      252 PC: 0x0c38 REG:  x VALUE: 0xxxxx
INUM:      253 PC: 0x0c3a REG:  x VALUE: 0xxxxx
INUM:      254 PC: 0x0c3c REG:  x VALUE: 0xxxxx
INUM:      255 PC: 0x0c3e REG:  x VALUE: 0xxxxx
INUM:      256 PC: 0x0cc0 REG:  x VALUE: 0xxxxx
INUM:      257 PC: 0x0cc2 REG:  x VALUE: 0xxxxx
INUM:      258 PC: 0x0cc4 REG:  x VALUE: 0xxxxx
INUM:      259 PC: 0x0cc6 REG:  x VALUE: 0xxxxx
INUM:      260 PC: 0x0cc8 REG:  x VALUE: 0xxxxx
INUM:      261 PC: 0x0cca REG:  x VALUE: 0xxxxx
INUM:      262 PC: 0x0ccc REG:  x VALUE: 0xxxxx
INUM:      263 PC: 0x0cce REG:  x VALUE: 0xxxxx
INUM:      264 PC: 0x0cd0 REG:  x VALUE: 0xxxxx
INUM:      265 PC: 0x0cd2 REG:  x VALUE: 0xxxxx
INUM:      266 PC: 0x0cd4 REG:  x VALUE: 0xxxxx
INUM:      267 PC: 0x0cd6 REG:  x VALUE: 0xxxxx
INUM:      268 PC: 0x0cd8 REG:  x VALUE: 0xxxxx
INUM:      269 PC: 0x0cda REG:  x VALUE: 0xxxxx
INUM:      270 PC: 0x0cdc REG:  x VALUE: 0xxxxx
INUM:      271 PC: 0x0cde REG:  x VALUE: 0xxxxx
INUM:      272 PC: 0x0ce0 REG:  x VALUE: 0xxxxx
INUM:      273 PC: 0x0ce2 REG:  x VALUE: 0xxxxx
INUM:      274 PC: 0x0ce4 REG:  x VALUE: 0xxxxx
INUM:      275 PC: 0x0ce6 REG:  x VALUE: 0xxxxx
INUM:      276 PC: 0x0ce8 REG:  x VALUE: 0xxxxx
INUM:      277 PC: 0x0cea REG:  x VALUE: 0xxxxx
INUM:      278 PC: 0x0cec REG:  x VALUE: 0xxxxx
INUM:      279 PC: 0x0cee REG:  x VALUE: 0xxxxx
INUM:      280 PC: 0x0cf0 REG:  x VALUE: 0xxxxx
INUM:      281 PC: 0x0cf2 REG:  x VALUE: 0xxxxx
INUM:      282 PC: 0x0cf4 REG:  x VALUE: 0xxxxx
INUM:      283 PC: 0x0cf6 REG:  x VALUE: 0xxxxx
INUM:      284 PC: 0x0cf8 REG:  x VALUE: 0xxxxx
INUM:      285 PC: 0x0cfa REG:  x VALUE: 0xxxxx
INUM:      286 PC: 0x0cfc REG:  x VALUE: 0xxxxx
INUM:      287 PC: 0x0cfe REG:  x VALUE: 0xxxxx
INUM:      288 PC: 0x0d00 REG:  x VALUE: 0xxxxx
INUM:      289 PC: 0x0d02 REG:  x VALUE: 0xxxxx
INUM:      290 PC: 0x0d04 REG:  x VALUE: 0xxxxx
INUM:      291 PC: 0x0d06 REG:  x VALUE: 0xxxxx
INUM:      292 PC: 0x0d08 REG:  x VALUE: 0xxxxx
INUM:      293 PC: 0x0d0a REG:  x VALUE: 0xxxxx
INUM:      294 PC: 0x0d0c REG:  x VALUE: 0xxxxx
INUM:      295 PC: 0x0d0e REG:  x VALUE: 0xxxxx
INUM:      296 PC: 0x0d10 REG:  x VALUE: 0xxxxx
INUM:      297 PC: 0x0d12 REG:  x VALUE: 0xxxxx
INUM:      298 PC: 0x0d14 REG:  x VALUE: 0xxxxx
INUM:      299 PC: 0x0d16 REG:  x VALUE: 0xxxxx
INUM:      300 PC: 0x0d18 REG:  x VALUE: 0xxxxx
INUM:      301 PC: 0x0d1a REG:  x VALUE: 0xxxxx
INUM:      302 PC: 0x0d1c REG:  x VALUE: 0xxxxx
INUM:      303 PC: 0x0d1e REG:  x VALUE: 0xxxxx
INUM:      304 PC: 0x0d20 REG:  x VALUE: 0xxxxx
INUM:      305 PC: 0x0d22 REG:  x VALUE: 0xxxxx
INUM:      306 PC: 0x0d24 REG:  x VALUE: 0xxxxx
INUM:      307 PC: 0x0d26 REG:  x VALUE: 0xxxxx
INUM:      308 PC: 0x0d28 REG:  x VALUE: 0xxxxx
INUM:      309 PC: 0x0d2a REG:  x VALUE: 0xxxxx
INUM:      310 PC: 0x0d2c REG:  x VALUE: 0xxxxx
INUM:      311 PC: 0x0d2e REG:  x VALUE: 0xxxxx
INUM:      312 PC: 0x0d30 REG:  x VALUE: 0xxxxx
INUM:      313 PC: 0x0d32 REG:  x VALUE: 0xxxxx
INUM:      314 PC: 0x0d34 REG:  x VALUE: 0xxxxx
INUM:      315 PC: 0x0d36 REG:  x VALUE: 0xxxxx
INUM:      316 PC: 0x0d38 REG:  x VALUE: 0xxxxx
INUM:      317 PC: 0x0d3a REG:  x VALUE: 0xxxxx
INUM:      318 PC: 0x0d3c REG:  x VALUE: 0xxxxx
INUM:      319 PC: 0x0d3e REG:  x VALUE: 0xxxxx
INUM:      320 PC: 0x0dc0 REG:  x VALUE: 0xxxxx
INUM:      321 PC: 0x0dc2 REG:  x VALUE: 0xxxxx
INUM:      322 PC: 0x0dc4 REG:  x VALUE: 0xxxxx
INUM:      323 PC: 0x0dc6 REG:  x VALUE: 0xxxxx
INUM:      324 PC: 0x0dc8 REG:  x VALUE: 0xxxxx
INUM:      325 PC: 0x0dca REG:  x VALUE: 0xxxxx
INUM:      326 PC: 0x0dcc REG:  x VALUE: 0xxxxx
INUM:      327 PC: 0x0dce REG:  x VALUE: 0xxxxx
INUM:      328 PC: 0x0dd0 REG:  x VALUE: 0xxxxx
INUM:      329 PC: 0x0dd2 REG:  x VALUE: 0xxxxx
INUM:      330 PC: 0x0dd4 REG:  x VALUE: 0xxxxx
INUM:      331 PC: 0x0dd6 REG:  x VALUE: 0xxxxx
INUM:      332 PC: 0x0dd8 REG:  x VALUE: 0xxxxx
INUM:      333 PC: 0x0dda REG:  x VALUE: 0xxxxx
INUM:      334 PC: 0x0ddc REG:  x VALUE: 0xxxxx
INUM:      335 PC: 0x0dde REG:  x VALUE: 0xxxxx
INUM:      336 PC: 0x0de0 REG:  x VALUE: 0xxxxx
INUM:      337 PC: 0x0de2 REG:  x VALUE: 0xxxxx
INUM:      338 PC: 0x0de4 REG:  x VALUE: 0xxxxx
INUM:      339 PC: 0x0de6 REG:  x VALUE: 0xxxxx
INUM:      340 PC: 0x0de8 REG:  x VALUE: 0xxxxx
INUM:      341 PC: 0x0dea REG:  x VALUE: 0xxxxx
INUM:      342 PC: 0x0dec REG:  x VALUE: 0xxxxx
INUM:      343 PC: 0x0dee REG:  x VALUE: 0xxxxx
INUM:      344 PC: 0x0df0 REG:  x VALUE: 0xxxxx
INUM:      345 PC: 0x0df2 REG:  x VALUE: 0xxxxx
INUM:      346 PC: 0x0df4 REG:  x VALUE: 0xxxxx
INUM:      347 PC: 0x0df6 REG:  x VALUE: 0xxxxx
INUM:      348 PC: 0x0df8 REG:  x VALUE: 0xxxxx
INUM:      349 PC: 0x0dfa REG:  x VALUE: 0xxxxx
INUM:      350 PC: 0x0dfc REG:  x VALUE: 0xxxxx
INUM:      351 PC: 0x0dfe REG:  x VALUE: 0xxxxx
INUM:      352 PC: 0x0e00 REG:  x VALUE: 0xxxxx
INUM:      353 PC: 0x0e02 REG:  x VALUE: 0xxxxx
INUM:      354 PC: 0x0e04 REG:  x VALUE: 0xxxxx
INUM:      355 PC: 0x0e06 REG:  x VALUE: 0xxxxx
INUM:      356 PC: 0x0e08 REG:  x VALUE: 0xxxxx
INUM:      357 PC: 0x0e0a REG:  x VALUE: 0xxxxx
INUM:      358 PC: 0x0e0c REG:  x VALUE: 0xxxxx
INUM:      359 PC: 0x0e0e REG:  x VALUE: 0xxxxx
INUM:      360 PC: 0x0e10 REG:  x VALUE: 0xxxxx
INUM:      361 PC: 0x0e12 REG:  x VALUE: 0xxxxx
INUM:      362 PC: 0x0e14 REG:  x VALUE: 0xxxxx
INUM:      363 PC: 0x0e16 REG:  x VALUE: 0xxxxx
INUM:      364 PC: 0x0e18 REG:  x VALUE: 0xxxxx
INUM:      365 PC: 0x0e1a REG:  x VALUE: 0xxxxx
INUM:      366 PC: 0x0e1c REG:  x VALUE: 0xxxxx
INUM:      367 PC: 0x0e1e REG:  x VALUE: 0xxxxx
INUM:      368 PC: 0x0e20 REG:  x VALUE: 0xxxxx
INUM:      369 PC: 0x0e22 REG:  x VALUE: 0xxxxx
INUM:      370 PC: 0x0e24 REG:  x VALUE: 0xxxxx
INUM:      371 PC: 0x0e26 REG:  x VALUE: 0xxxxx
INUM:      372 PC: 0x0e28 REG:  x VALUE: 0xxxxx
INUM:      373 PC: 0x0e2a REG:  x VALUE: 0xxxxx
INUM:      374 PC: 0x0e2c REG:  x VALUE: 0xxxxx
INUM:      375 PC: 0x0e2e REG:  x VALUE: 0xxxxx
INUM:      376 PC: 0x0e30 REG:  x VALUE: 0xxxxx
INUM:      377 PC: 0x0e32 REG:  x VALUE: 0xxxxx
INUM:      378 PC: 0x0e34 REG:  x VALUE: 0xxxxx
INUM:      379 PC: 0x0e36 REG:  x VALUE: 0xxxxx
INUM:      380 PC: 0x0e38 REG:  x VALUE: 0xxxxx
INUM:      381 PC: 0x0e3a REG:  x VALUE: 0xxxxx
INUM:      382 PC: 0x0e3c REG:  x VALUE: 0xxxxx
INUM:      383 PC: 0x0e3e REG:  x VALUE: 0xxxxx
INUM:      384 PC: 0x0ec0 REG:  x VALUE: 0xxxxx
INUM:      385 PC: 0x0ec2 REG:  x VALUE: 0xxxxx
INUM:      386 PC: 0x0ec4 REG:  x VALUE: 0xxxxx
INUM:      387 PC: 0x0ec6 REG:  x VALUE: 0xxxxx
INUM:      388 PC: 0x0ec8 REG:  x VALUE: 0xxxxx
INUM:      389 PC: 0x0eca REG:  x VALUE: 0xxxxx
INUM:      390 PC: 0x0ecc REG:  x VALUE: 0xxxxx
INUM:      391 PC: 0x0ece REG:  x VALUE: 0xxxxx
INUM:      392 PC: 0x0ed0 REG:  x VALUE: 0xxxxx
INUM:      393 PC: 0x0ed2 REG:  x VALUE: 0xxxxx
INUM:      394 PC: 0x0ed4 REG:  x VALUE: 0xxxxx
INUM:      395 PC: 0x0ed6 REG:  x VALUE: 0xxxxx
INUM:      396 PC: 0x0ed8 REG:  x VALUE: 0xxxxx
INUM:      397 PC: 0x0eda REG:  x VALUE: 0xxxxx
INUM:      398 PC: 0x0edc REG:  x VALUE: 0xxxxx
INUM:      399 PC: 0x0ede REG:  x VALUE: 0xxxxx
INUM:      400 PC: 0x0ee0 REG:  x VALUE: 0xxxxx
INUM:      401 PC: 0x0ee2 REG:  x VALUE: 0xxxxx
INUM:      402 PC: 0x0ee4 REG:  x VALUE: 0xxxxx
INUM:      403 PC: 0x0ee6 REG:  x VALUE: 0xxxxx
INUM:      404 PC: 0x0ee8 REG:  x VALUE: 0xxxxx
INUM:      405 PC: 0x0eea REG:  x VALUE: 0xxxxx
INUM:      406 PC: 0x0eec REG:  x VALUE: 0xxxxx
INUM:      407 PC: 0x0eee REG:  x VALUE: 0xxxxx
INUM:      408 PC: 0x0ef0 REG:  x VALUE: 0xxxxx
INUM:      409 PC: 0x0ef2 REG:  x VALUE: 0xxxxx
INUM:      410 PC: 0x0ef4 REG:  x VALUE: 0xxxxx
INUM:      411 PC: 0x0ef6 REG:  x VALUE: 0xxxxx
INUM:      412 PC: 0x0ef8 REG:  x VALUE: 0xxxxx
INUM:      413 PC: 0x0efa REG:  x VALUE: 0xxxxx
INUM:      414 PC: 0x0efc REG:  x VALUE: 0xxxxx
INUM:      415 PC: 0x0efe REG:  x VALUE: 0xxxxx
INUM:      416 PC: 0x0f00 REG:  x VALUE: 0xxxxx
INUM:      417 PC: 0x0f02 REG:  x VALUE: 0xxxxx
INUM:      418 PC: 0x0f04 REG:  x VALUE: 0xxxxx
INUM:      419 PC: 0x0f06 REG:  x VALUE: 0xxxxx
INUM:      420 PC: 0x0f08 REG:  x VALUE: 0xxxxx
INUM:      421 PC: 0x0f0a REG:  x VALUE: 0xxxxx
INUM:      422 PC: 0x0f0c REG:  x VALUE: 0xxxxx
INUM:      423 PC: 0x0f0e REG:  x VALUE: 0xxxxx
INUM:      424 PC: 0x0f10 REG:  x VALUE: 0xxxxx
INUM:      425 PC: 0x0f12 REG:  x VALUE: 0xxxxx
INUM:      426 PC: 0x0f14 REG:  x VALUE: 0xxxxx
INUM:      427 PC: 0x0f16 REG:  x VALUE: 0xxxxx
INUM:      428 PC: 0x0f18 REG:  x VALUE: 0xxxxx
INUM:      429 PC: 0x0f1a REG:  x VALUE: 0xxxxx
INUM:      430 PC: 0x0f1c REG:  x VALUE: 0xxxxx
INUM:      431 PC: 0x0f1e REG:  x VALUE: 0xxxxx
INUM:      432 PC: 0x0f20 REG:  x VALUE: 0xxxxx
INUM:      433 PC: 0x0f22 REG:  x VALUE: 0xxxxx
INUM:      434 PC: 0x0f24 REG:  x VALUE: 0xxxxx
INUM:      435 PC: 0x0f26 REG:  x VALUE: 0xxxxx
INUM:      436 PC: 0x0f28 REG:  x VALUE: 0xxxxx
INUM:      437 PC: 0x0f2a REG:  x VALUE: 0xxxxx
INUM:      438 PC: 0x0f2c REG:  x VALUE: 0xxxxx
INUM:      439 PC: 0x0f2e REG:  x VALUE: 0xxxxx
INUM:      440 PC: 0x0f30 REG:  x VALUE: 0xxxxx
INUM:      441 PC: 0x0f32 REG:  x VALUE: 0xxxxx
INUM:      442 PC: 0x0f34 REG:  x VALUE: 0xxxxx
INUM:      443 PC: 0x0f36 REG:  x VALUE: 0xxxxx
INUM:      444 PC: 0x0f38 REG:  x VALUE: 0xxxxx
INUM:      445 PC: 0x0f3a REG:  x VALUE: 0xxxxx
INUM:      446 PC: 0x0f3c REG:  x VALUE: 0xxxxx
INUM:      447 PC: 0x0f3e REG:  x VALUE: 0xxxxx
INUM:      448 PC: 0x0fc0 REG:  x VALUE: 0xxxxx
INUM:      449 PC: 0x0fc2 REG:  x VALUE: 0xxxxx
INUM:      450 PC: 0x0fc4 REG:  x VALUE: 0xxxxx
INUM:      451 PC: 0x0fc6 REG:  x VALUE: 0xxxxx
INUM:      452 PC: 0x0fc8 REG:  x VALUE: 0xxxxx
INUM:      453 PC: 0x0fca REG:  x VALUE: 0xxxxx
INUM:      454 PC: 0x0fcc REG:  x VALUE: 0xxxxx
INUM:      455 PC: 0x0fce REG:  x VALUE: 0xxxxx
INUM:      456 PC: 0x0fd0 REG:  x VALUE: 0xxxxx
INUM:      457 PC: 0x0fd2 REG:  x VALUE: 0xxxxx
INUM:      458 PC: 0x0fd4 REG:  x VALUE: 0xxxxx
INUM:      459 PC: 0x0fd6 REG:  x VALUE: 0xxxxx
INUM:      460 PC: 0x0fd8 REG:  x VALUE: 0xxxxx
INUM:      461 PC: 0x0fda REG:  x VALUE: 0xxxxx
INUM:      462 PC: 0x0fdc REG:  x VALUE: 0xxxxx
INUM:      463 PC: 0x0fde REG:  x VALUE: 0xxxxx
INUM:      464 PC: 0x0fe0 REG:  x VALUE: 0xxxxx
INUM:      465 PC: 0x0fe2 REG:  x VALUE: 0xxxxx
INUM:      466 PC: 0x0fe4 REG:  x VALUE: 0xxxxx
INUM:      467 PC: 0x0fe6 REG:  x VALUE: 0xxxxx
INUM:      468 PC: 0x0fe8 REG:  x VALUE: 0xxxxx
INUM:      469 PC: 0x0fea REG:  x VALUE: 0xxxxx
INUM:      470 PC: 0x0fec REG:  x VALUE: 0xxxxx
INUM:      471 PC: 0x0fee REG:  x VALUE: 0xxxxx
INUM:      472 PC: 0x0ff0 REG:  x VALUE: 0xxxxx
INUM:      473 PC: 0x0ff2 REG:  x VALUE: 0xxxxx
INUM:      474 PC: 0x0ff4 REG:  x VALUE: 0xxxxx
INUM:      475 PC: 0x0ff6 REG:  x VALUE: 0xxxxx
INUM:      476 PC: 0x0ff8 REG:  x VALUE: 0xxxxx
INUM:      477 PC: 0x0ffa REG:  x VALUE: 0xxxxx
INUM:      478 PC: 0x0ffc REG:  x VALUE: 0xxxxx
INUM:      479 PC: 0x0ffe REG:  x VALUE: 0xxxxx
INUM:      480 PC: 0x1000 REG:  x VALUE: 0xxxxx
INUM:      481 PC: 0x1002 REG:  x VALUE: 0xxxxx
INUM:      482 PC: 0x1004 REG:  x VALUE: 0xxxxx
INUM:      483 PC: 0x1006 REG:  x VALUE: 0xxxxx
INUM:      484 PC: 0x1008 REG:  x VALUE: 0xxxxx
INUM:      485 PC: 0x100a REG:  x VALUE: 0xxxxx
INUM:      486 PC: 0x100c REG:  x VALUE: 0xxxxx
INUM:      487 PC: 0x100e REG:  x VALUE: 0xxxxx
INUM:      488 PC: 0x1010 REG:  x VALUE: 0xxxxx
INUM:      489 PC: 0x1012 REG:  x VALUE: 0xxxxx
INUM:      490 PC: 0x1014 REG:  x VALUE: 0xxxxx
INUM:      491 PC: 0x1016 REG:  x VALUE: 0xxxxx
INUM:      492 PC: 0x1018 REG:  x VALUE: 0xxxxx
INUM:      493 PC: 0x101a REG:  x VALUE: 0xxxxx
INUM:      494 PC: 0x101c REG:  x VALUE: 0xxxxx
INUM:      495 PC: 0x101e REG:  x VALUE: 0xxxxx
INUM:      496 PC: 0x1020 REG:  x VALUE: 0xxxxx
INUM:      497 PC: 0x1022 REG:  x VALUE: 0xxxxx
INUM:      498 PC: 0x1024 REG:  x VALUE: 0xxxxx
INUM:      499 PC: 0x1026 REG:  x VALUE: 0xxxxx
INUM:      500 PC: 0x1028 REG:  x VALUE: 0xxxxx
INUM:      501 PC: 0x102a REG:  x VALUE: 0xxxxx
INUM:      502 PC: 0x102c REG:  x VALUE: 0xxxxx
INUM:      503 PC: 0x102e REG:  x VALUE: 0xxxxx
INUM:      504 PC: 0x1030 REG:  x VALUE: 0xxxxx
INUM:      505 PC: 0x1032 REG:  x VALUE: 0xxxxx
INUM:      506 PC: 0x1034 REG:  x VALUE: 0xxxxx
INUM:      507 PC: 0x1036 REG:  x VALUE: 0xxxxx
INUM:      508 PC: 0x1038 REG:  x VALUE: 0xxxxx
INUM:      509 PC: 0x103a REG:  x VALUE: 0xxxxx
INUM:      510 PC: 0x103c REG:  x VALUE: 0xxxxx
INUM:      511 PC: 0x103e REG:  x VALUE: 0xxxxx
INUM:      512 PC: 0x10c0 REG:  x VALUE: 0xxxxx
INUM:      513 PC: 0x10c2 REG:  x VALUE: 0xxxxx
INUM:      514 PC: 0x10c4 REG:  x VALUE: 0xxxxx
INUM:      515 PC: 0x10c6 REG:  x VALUE: 0xxxxx
INUM:      516 PC: 0x10c8 REG:  x VALUE: 0xxxxx
INUM:      517 PC: 0x10ca REG:  x VALUE: 0xxxxx
INUM:      518 PC: 0x10cc REG:  x VALUE: 0xxxxx
INUM:      519 PC: 0x10ce REG:  x VALUE: 0xxxxx
INUM:      520 PC: 0x10d0 REG:  x VALUE: 0xxxxx
INUM:      521 PC: 0x10d2 REG:  x VALUE: 0xxxxx
INUM:      522 PC: 0x10d4 REG:  x VALUE: 0xxxxx
INUM:      523 PC: 0x10d6 REG:  x VALUE: 0xxxxx
INUM:      524 PC: 0x10d8 REG:  x VALUE: 0xxxxx
INUM:      525 PC: 0x10da REG:  x VALUE: 0xxxxx
INUM:      526 PC: 0x10dc REG:  x VALUE: 0xxxxx
INUM:      527 PC: 0x10de REG:  x VALUE: 0xxxxx
INUM:      528 PC: 0x10e0 REG:  x VALUE: 0xxxxx
INUM:      529 PC: 0x10e2 REG:  x VALUE: 0xxxxx
INUM:      530 PC: 0x10e4 REG:  x VALUE: 0xxxxx
INUM:      531 PC: 0x10e6 REG:  x VALUE: 0xxxxx
INUM:      532 PC: 0x10e8 REG:  x VALUE: 0xxxxx
INUM:      533 PC: 0x10ea REG:  x VALUE: 0xxxxx
INUM:      534 PC: 0x10ec REG:  x VALUE: 0xxxxx
INUM:      535 PC: 0x10ee REG:  x VALUE: 0xxxxx
INUM:      536 PC: 0x10f0 REG:  x VALUE: 0xxxxx
INUM:      537 PC: 0x10f2 REG:  x VALUE: 0xxxxx
INUM:      538 PC: 0x10f4 REG:  x VALUE: 0xxxxx
INUM:      539 PC: 0x10f6 REG:  x VALUE: 0xxxxx
INUM:      540 PC: 0x10f8 REG:  x VALUE: 0xxxxx
INUM:      541 PC: 0x10fa REG:  x VALUE: 0xxxxx
INUM:      542 PC: 0x10fc REG:  x VALUE: 0xxxxx
INUM:      543 PC: 0x10fe REG:  x VALUE: 0xxxxx
INUM:      544 PC: 0x1100 REG:  x VALUE: 0xxxxx
INUM:      545 PC: 0x1102 REG:  x VALUE: 0xxxxx
INUM:      546 PC: 0x1104 REG:  x VALUE: 0xxxxx
INUM:      547 PC: 0x1106 REG:  x VALUE: 0xxxxx
INUM:      548 PC: 0x1108 REG:  x VALUE: 0xxxxx
INUM:      549 PC: 0x110a REG:  x VALUE: 0xxxxx
INUM:      550 PC: 0x110c REG:  x VALUE: 0xxxxx
INUM:      551 PC: 0x110e REG:  x VALUE: 0xxxxx
INUM:      552 PC: 0x1110 REG:  x VALUE: 0xxxxx
INUM:      553 PC: 0x1112 REG:  x VALUE: 0xxxxx
INUM:      554 PC: 0x1114 REG:  x VALUE: 0xxxxx
INUM:      555 PC: 0x1116 REG:  x VALUE: 0xxxxx
INUM:      556 PC: 0x1118 REG:  x VALUE: 0xxxxx
INUM:      557 PC: 0x111a REG:  x VALUE: 0xxxxx
INUM:      558 PC: 0x111c REG:  x VALUE: 0xxxxx
INUM:      559 PC: 0x111e REG:  x VALUE: 0xxxxx
INUM:      560 PC: 0x1120 REG:  x VALUE: 0xxxxx
INUM:      561 PC: 0x1122 REG:  x VALUE: 0xxxxx
INUM:      562 PC: 0x1124 REG:  x VALUE: 0xxxxx
INUM:      563 PC: 0x1126 REG:  x VALUE: 0xxxxx
INUM:      564 PC: 0x1128 REG:  x VALUE: 0xxxxx
INUM:      565 PC: 0x112a REG:  x VALUE: 0xxxxx
INUM:      566 PC: 0x112c REG:  x VALUE: 0xxxxx
INUM:      567 PC: 0x112e REG:  x VALUE: 0xxxxx
INUM:      568 PC: 0x1130 REG:  x VALUE: 0xxxxx
INUM:      569 PC: 0x1132 REG:  x VALUE: 0xxxxx
INUM:      570 PC: 0x1134 REG:  x VALUE: 0xxxxx
INUM:      571 PC: 0x1136 REG:  x VALUE: 0xxxxx
INUM:      572 PC: 0x1138 REG:  x VALUE: 0xxxxx
INUM:      573 PC: 0x113a REG:  x VALUE: 0xxxxx
INUM:      574 PC: 0x113c REG:  x VALUE: 0xxxxx
INUM:      575 PC: 0x113e REG:  x VALUE: 0xxxxx
INUM:      576 PC: 0x11c0 REG:  x VALUE: 0xxxxx
INUM:      577 PC: 0x11c2 REG:  x VALUE: 0xxxxx
INUM:      578 PC: 0x11c4 REG:  x VALUE: 0xxxxx
INUM:      579 PC: 0x11c6 REG:  x VALUE: 0xxxxx
INUM:      580 PC: 0x11c8 REG:  x VALUE: 0xxxxx
INUM:      581 PC: 0x11ca REG:  x VALUE: 0xxxxx
INUM:      582 PC: 0x11cc REG:  x VALUE: 0xxxxx
INUM:      583 PC: 0x11ce REG:  x VALUE: 0xxxxx
INUM:      584 PC: 0x11d0 REG:  x VALUE: 0xxxxx
INUM:      585 PC: 0x11d2 REG:  x VALUE: 0xxxxx
INUM:      586 PC: 0x11d4 REG:  x VALUE: 0xxxxx
INUM:      587 PC: 0x11d6 REG:  x VALUE: 0xxxxx
INUM:      588 PC: 0x11d8 REG:  x VALUE: 0xxxxx
INUM:      589 PC: 0x11da REG:  x VALUE: 0xxxxx
INUM:      590 PC: 0x11dc REG:  x VALUE: 0xxxxx
INUM:      591 PC: 0x11de REG:  x VALUE: 0xxxxx
INUM:      592 PC: 0x11e0 REG:  x VALUE: 0xxxxx
INUM:      593 PC: 0x11e2 REG:  x VALUE: 0xxxxx
INUM:      594 PC: 0x11e4 REG:  x VALUE: 0xxxxx
INUM:      595 PC: 0x11e6 REG:  x VALUE: 0xxxxx
INUM:      596 PC: 0x11e8 REG:  x VALUE: 0xxxxx
INUM:      597 PC: 0x11ea REG:  x VALUE: 0xxxxx
INUM:      598 PC: 0x11ec REG:  x VALUE: 0xxxxx
INUM:      599 PC: 0x11ee REG:  x VALUE: 0xxxxx
INUM:      600 PC: 0x11f0 REG:  x VALUE: 0xxxxx
INUM:      601 PC: 0x11f2 REG:  x VALUE: 0xxxxx
INUM:      602 PC: 0x11f4 REG:  x VALUE: 0xxxxx
INUM:      603 PC: 0x11f6 REG:  x VALUE: 0xxxxx
INUM:      604 PC: 0x11f8 REG:  x VALUE: 0xxxxx
INUM:      605 PC: 0x11fa REG:  x VALUE: 0xxxxx
INUM:      606 PC: 0x11fc REG:  x VALUE: 0xxxxx
INUM:      607 PC: 0x11fe REG:  x VALUE: 0xxxxx
INUM:      608 PC: 0x1200 REG:  x VALUE: 0xxxxx
INUM:      609 PC: 0x1202 REG:  x VALUE: 0xxxxx
INUM:      610 PC: 0x1204 REG:  x VALUE: 0xxxxx
INUM:      611 PC: 0x1206 REG:  x VALUE: 0xxxxx
INUM:      612 PC: 0x1208 REG:  x VALUE: 0xxxxx
INUM:      613 PC: 0x120a REG:  x VALUE: 0xxxxx
INUM:      614 PC: 0x120c REG:  x VALUE: 0xxxxx
INUM:      615 PC: 0x120e REG:  x VALUE: 0xxxxx
INUM:      616 PC: 0x1210 REG:  x VALUE: 0xxxxx
INUM:      617 PC: 0x1212 REG:  x VALUE: 0xxxxx
INUM:      618 PC: 0x1214 REG:  x VALUE: 0xxxxx
INUM:      619 PC: 0x1216 REG:  x VALUE: 0xxxxx
INUM:      620 PC: 0x1218 REG:  x VALUE: 0xxxxx
INUM:      621 PC: 0x121a REG:  x VALUE: 0xxxxx
INUM:      622 PC: 0x121c REG:  x VALUE: 0xxxxx
INUM:      623 PC: 0x121e REG:  x VALUE: 0xxxxx
INUM:      624 PC: 0x1220 REG:  x VALUE: 0xxxxx
INUM:      625 PC: 0x1222 REG:  x VALUE: 0xxxxx
INUM:      626 PC: 0x1224 REG:  x VALUE: 0xxxxx
INUM:      627 PC: 0x1226 REG:  x VALUE: 0xxxxx
INUM:      628 PC: 0x1228 REG:  x VALUE: 0xxxxx
INUM:      629 PC: 0x122a REG:  x VALUE: 0xxxxx
INUM:      630 PC: 0x122c REG:  x VALUE: 0xxxxx
INUM:      631 PC: 0x122e REG:  x VALUE: 0xxxxx
INUM:      632 PC: 0x1230 REG:  x VALUE: 0xxxxx
INUM:      633 PC: 0x1232 REG:  x VALUE: 0xxxxx
INUM:      634 PC: 0x1234 REG:  x VALUE: 0xxxxx
INUM:      635 PC: 0x1236 REG:  x VALUE: 0xxxxx
INUM:      636 PC: 0x1238 REG:  x VALUE: 0xxxxx
INUM:      637 PC: 0x123a REG:  x VALUE: 0xxxxx
INUM:      638 PC: 0x123c REG:  x VALUE: 0xxxxx
INUM:      639 PC: 0x123e REG:  x VALUE: 0xxxxx
INUM:      640 PC: 0x12c0 REG:  x VALUE: 0xxxxx
INUM:      641 PC: 0x12c2 REG:  x VALUE: 0xxxxx
INUM:      642 PC: 0x12c4 REG:  x VALUE: 0xxxxx
INUM:      643 PC: 0x12c6 REG:  x VALUE: 0xxxxx
INUM:      644 PC: 0x12c8 REG:  x VALUE: 0xxxxx
INUM:      645 PC: 0x12ca REG:  x VALUE: 0xxxxx
INUM:      646 PC: 0x12cc REG:  x VALUE: 0xxxxx
INUM:      647 PC: 0x12ce REG:  x VALUE: 0xxxxx
INUM:      648 PC: 0x12d0 REG:  x VALUE: 0xxxxx
INUM:      649 PC: 0x12d2 REG:  x VALUE: 0xxxxx
INUM:      650 PC: 0x12d4 REG:  x VALUE: 0xxxxx
INUM:      651 PC: 0x12d6 REG:  x VALUE: 0xxxxx
INUM:      652 PC: 0x12d8 REG:  x VALUE: 0xxxxx
INUM:      653 PC: 0x12da REG:  x VALUE: 0xxxxx
INUM:      654 PC: 0x12dc REG:  x VALUE: 0xxxxx
INUM:      655 PC: 0x12de REG:  x VALUE: 0xxxxx
INUM:      656 PC: 0x12e0 REG:  x VALUE: 0xxxxx
INUM:      657 PC: 0x12e2 REG:  x VALUE: 0xxxxx
INUM:      658 PC: 0x12e4 REG:  x VALUE: 0xxxxx
INUM:      659 PC: 0x12e6 REG:  x VALUE: 0xxxxx
INUM:      660 PC: 0x12e8 REG:  x VALUE: 0xxxxx
INUM:      661 PC: 0x12ea REG:  x VALUE: 0xxxxx
INUM:      662 PC: 0x12ec REG:  x VALUE: 0xxxxx
INUM:      663 PC: 0x12ee REG:  x VALUE: 0xxxxx
INUM:      664 PC: 0x12f0 REG:  x VALUE: 0xxxxx
INUM:      665 PC: 0x12f2 REG:  x VALUE: 0xxxxx
INUM:      666 PC: 0x12f4 REG:  x VALUE: 0xxxxx
INUM:      667 PC: 0x12f6 REG:  x VALUE: 0xxxxx
INUM:      668 PC: 0x12f8 REG:  x VALUE: 0xxxxx
INUM:      669 PC: 0x12fa REG:  x VALUE: 0xxxxx
INUM:      670 PC: 0x12fc REG:  x VALUE: 0xxxxx
INUM:      671 PC: 0x12fe REG:  x VALUE: 0xxxxx
INUM:      672 PC: 0x1300 REG:  x VALUE: 0xxxxx
INUM:      673 PC: 0x1302 REG:  x VALUE: 0xxxxx
INUM:      674 PC: 0x1304 REG:  x VALUE: 0xxxxx
INUM:      675 PC: 0x1306 REG:  x VALUE: 0xxxxx
INUM:      676 PC: 0x1308 REG:  x VALUE: 0xxxxx
INUM:      677 PC: 0x130a REG:  x VALUE: 0xxxxx
INUM:      678 PC: 0x130c REG:  x VALUE: 0xxxxx
INUM:      679 PC: 0x130e REG:  x VALUE: 0xxxxx
INUM:      680 PC: 0x1310 REG:  x VALUE: 0xxxxx
INUM:      681 PC: 0x1312 REG:  x VALUE: 0xxxxx
INUM:      682 PC: 0x1314 REG:  x VALUE: 0xxxxx
INUM:      683 PC: 0x1316 REG:  x VALUE: 0xxxxx
INUM:      684 PC: 0x1318 REG:  x VALUE: 0xxxxx
INUM:      685 PC: 0x131a REG:  x VALUE: 0xxxxx
INUM:      686 PC: 0x131c REG:  x VALUE: 0xxxxx
INUM:      687 PC: 0x131e REG:  x VALUE: 0xxxxx
INUM:      688 PC: 0x1320 REG:  x VALUE: 0xxxxx
INUM:      689 PC: 0x1322 REG:  x VALUE: 0xxxxx
INUM:      690 PC: 0x1324 REG:  x VALUE: 0xxxxx
INUM:      691 PC: 0x1326 REG:  x VALUE: 0xxxxx
INUM:      692 PC: 0x1328 REG:  x VALUE: 0xxxxx
INUM:      693 PC: 0x132a REG:  x VALUE: 0xxxxx
INUM:      694 PC: 0x132c REG:  x VALUE: 0xxxxx
INUM:      695 PC: 0x132e REG:  x VALUE: 0xxxxx
INUM:      696 PC: 0x1330 REG:  x VALUE: 0xxxxx
INUM:      697 PC: 0x1332 REG:  x VALUE: 0xxxxx
INUM:      698 PC: 0x1334 REG:  x VALUE: 0xxxxx
INUM:      699 PC: 0x1336 REG:  x VALUE: 0xxxxx
INUM:      700 PC: 0x1338 REG:  x VALUE: 0xxxxx
INUM:      701 PC: 0x133a REG:  x VALUE: 0xxxxx
INUM:      702 PC: 0x133c REG:  x VALUE: 0xxxxx
INUM:      703 PC: 0x133e REG:  x VALUE: 0xxxxx
INUM:      704 PC: 0x13c0 REG:  x VALUE: 0xxxxx
INUM:      705 PC: 0x13c2 REG:  x VALUE: 0xxxxx
INUM:      706 PC: 0x13c4 REG:  x VALUE: 0xxxxx
INUM:      707 PC: 0x13c6 REG:  x VALUE: 0xxxxx
INUM:      708 PC: 0x13c8 REG:  x VALUE: 0xxxxx
INUM:      709 PC: 0x13ca REG:  x VALUE: 0xxxxx
INUM:      710 PC: 0x13cc REG:  x VALUE: 0xxxxx
INUM:      711 PC: 0x13ce REG:  x VALUE: 0xxxxx
INUM:      712 PC: 0x13d0 REG:  x VALUE: 0xxxxx
INUM:      713 PC: 0x13d2 REG:  x VALUE: 0xxxxx
INUM:      714 PC: 0x13d4 REG:  x VALUE: 0xxxxx
INUM:      715 PC: 0x13d6 REG:  x VALUE: 0xxxxx
INUM:      716 PC: 0x13d8 REG:  x VALUE: 0xxxxx
INUM:      717 PC: 0x13da REG:  x VALUE: 0xxxxx
INUM:      718 PC: 0x13dc REG:  x VALUE: 0xxxxx
INUM:      719 PC: 0x13de REG:  x VALUE: 0xxxxx
INUM:      720 PC: 0x13e0 REG:  x VALUE: 0xxxxx
INUM:      721 PC: 0x13e2 REG:  x VALUE: 0xxxxx
INUM:      722 PC: 0x13e4 REG:  x VALUE: 0xxxxx
INUM:      723 PC: 0x13e6 REG:  x VALUE: 0xxxxx
INUM:      724 PC: 0x13e8 REG:  x VALUE: 0xxxxx
INUM:      725 PC: 0x13ea REG:  x VALUE: 0xxxxx
INUM:      726 PC: 0x13ec REG:  x VALUE: 0xxxxx
INUM:      727 PC: 0x13ee REG:  x VALUE: 0xxxxx
INUM:      728 PC: 0x13f0 REG:  x VALUE: 0xxxxx
INUM:      729 PC: 0x13f2 REG:  x VALUE: 0xxxxx
INUM:      730 PC: 0x13f4 REG:  x VALUE: 0xxxxx
INUM:      731 PC: 0x13f6 REG:  x VALUE: 0xxxxx
INUM:      732 PC: 0x13f8 REG:  x VALUE: 0xxxxx
INUM:      733 PC: 0x13fa REG:  x VALUE: 0xxxxx
INUM:      734 PC: 0x13fc REG:  x VALUE: 0xxxxx
INUM:      735 PC: 0x13fe REG:  x VALUE: 0xxxxx
INUM:      736 PC: 0x1c00 REG:  x VALUE: 0xxxxx
INUM:      737 PC: 0x1c02 REG:  x VALUE: 0xxxxx
INUM:      738 PC: 0x1c04 REG:  x VALUE: 0xxxxx
INUM:      739 PC: 0x1c06 REG:  x VALUE: 0xxxxx
INUM:      740 PC: 0x1c08 REG:  x VALUE: 0xxxxx
INUM:      741 PC: 0x1c0a REG:  x VALUE: 0xxxxx
INUM:      742 PC: 0x1c0c REG:  x VALUE: 0xxxxx
INUM:      743 PC: 0x1c0e REG:  x VALUE: 0xxxxx
INUM:      744 PC: 0x1c10 REG:  x VALUE: 0xxxxx
INUM:      745 PC: 0x1c12 REG:  x VALUE: 0xxxxx
INUM:      746 PC: 0x1c14 REG:  x VALUE: 0xxxxx
INUM:      747 PC: 0x1c16 REG:  x VALUE: 0xxxxx
INUM:      748 PC: 0x1c18 REG:  x VALUE: 0xxxxx
INUM:      749 PC: 0x1c1a REG:  x VALUE: 0xxxxx
INUM:      750 PC: 0x1c1c REG:  x VALUE: 0xxxxx
INUM:      751 PC: 0x1c1e REG:  x VALUE: 0xxxxx
INUM:      752 PC: 0x1c20 REG:  x VALUE: 0xxxxx
INUM:      753 PC: 0x1c22 REG:  x VALUE: 0xxxxx
INUM:      754 PC: 0x1c24 REG:  x VALUE: 0xxxxx
INUM:      755 PC: 0x1c26 REG:  x VALUE: 0xxxxx
INUM:      756 PC: 0x1c28 REG:  x VALUE: 0xxxxx
INUM:      757 PC: 0x1c2a REG:  x VALUE: 0xxxxx
INUM:      758 PC: 0x1c2c REG:  x VALUE: 0xxxxx
INUM:      759 PC: 0x1c2e REG:  x VALUE: 0xxxxx
INUM:      760 PC: 0x1c30 REG:  x VALUE: 0xxxxx
INUM:      761 PC: 0x1c32 REG:  x VALUE: 0xxxxx
INUM:      762 PC: 0x1c34 REG:  x VALUE: 0xxxxx
INUM:      763 PC: 0x1c36 REG:  x VALUE: 0xxxxx
INUM:      764 PC: 0x1c38 REG:  x VALUE: 0xxxxx
INUM:      765 PC: 0x1c3a REG:  x VALUE: 0xxxxx
INUM:      766 PC: 0x1c3c REG:  x VALUE: 0xxxxx
INUM:      767 PC: 0x1c3e REG:  x VALUE: 0xxxxx
INUM:      768 PC: 0x1cc0 REG:  x VALUE: 0xxxxx
INUM:      769 PC: 0x1cc2 REG:  x VALUE: 0xxxxx
INUM:      770 PC: 0x1cc4 REG:  x VALUE: 0xxxxx
INUM:      771 PC: 0x1cc6 REG:  x VALUE: 0xxxxx
INUM:      772 PC: 0x1cc8 REG:  x VALUE: 0xxxxx
INUM:      773 PC: 0x1cca REG:  x VALUE: 0xxxxx
INUM:      774 PC: 0x1ccc REG:  x VALUE: 0xxxxx
INUM:      775 PC: 0x1cce REG:  x VALUE: 0xxxxx
INUM:      776 PC: 0x1cd0 REG:  x VALUE: 0xxxxx
INUM:      777 PC: 0x1cd2 REG:  x VALUE: 0xxxxx
INUM:      778 PC: 0x1cd4 REG:  x VALUE: 0xxxxx
INUM:      779 PC: 0x1cd6 REG:  x VALUE: 0xxxxx
INUM:      780 PC: 0x1cd8 REG:  x VALUE: 0xxxxx
INUM:      781 PC: 0x1cda REG:  x VALUE: 0xxxxx
INUM:      782 PC: 0x1cdc REG:  x VALUE: 0xxxxx
INUM:      783 PC: 0x1cde REG:  x VALUE: 0xxxxx
INUM:      784 PC: 0x1ce0 REG:  x VALUE: 0xxxxx
INUM:      785 PC: 0x1ce2 REG:  x VALUE: 0xxxxx
INUM:      786 PC: 0x1ce4 REG:  x VALUE: 0xxxxx
INUM:      787 PC: 0x1ce6 REG:  x VALUE: 0xxxxx
INUM:      788 PC: 0x1ce8 REG:  x VALUE: 0xxxxx
INUM:      789 PC: 0x1cea REG:  x VALUE: 0xxxxx
INUM:      790 PC: 0x1cec REG:  x VALUE: 0xxxxx
INUM:      791 PC: 0x1cee REG:  x VALUE: 0xxxxx
INUM:      792 PC: 0x1cf0 REG:  x VALUE: 0xxxxx
INUM:      793 PC: 0x1cf2 REG:  x VALUE: 0xxxxx
INUM:      794 PC: 0x1cf4 REG:  x VALUE: 0xxxxx
INUM:      795 PC: 0x1cf6 REG:  x VALUE: 0xxxxx
INUM:      796 PC: 0x1cf8 REG:  x VALUE: 0xxxxx
INUM:      797 PC: 0x1cfa REG:  x VALUE: 0xxxxx
INUM:      798 PC: 0x1cfc REG:  x VALUE: 0xxxxx
INUM:      799 PC: 0x1cfe REG:  x VALUE: 0xxxxx
INUM:      800 PC: 0x1d00 REG:  x VALUE: 0xxxxx
INUM:      801 PC: 0x1d02 REG:  x VALUE: 0xxxxx
INUM:      802 PC: 0x1d04 REG:  x VALUE: 0xxxxx
INUM:      803 PC: 0x1d06 REG:  x VALUE: 0xxxxx
INUM:      804 PC: 0x1d08 REG:  x VALUE: 0xxxxx
INUM:      805 PC: 0x1d0a REG:  x VALUE: 0xxxxx
INUM:      806 PC: 0x1d0c REG:  x VALUE: 0xxxxx
INUM:      807 PC: 0x1d0e REG:  x VALUE: 0xxxxx
INUM:      808 PC: 0x1d10 REG:  x VALUE: 0xxxxx
INUM:      809 PC: 0x1d12 REG:  x VALUE: 0xxxxx
INUM:      810 PC: 0x1d14 REG:  x VALUE: 0xxxxx
INUM:      811 PC: 0x1d16 REG:  x VALUE: 0xxxxx
INUM:      812 PC: 0x1d18 REG:  x VALUE: 0xxxxx
INUM:      813 PC: 0x1d1a REG:  x VALUE: 0xxxxx
INUM:      814 PC: 0x1d1c REG:  x VALUE: 0xxxxx
INUM:      815 PC: 0x1d1e REG:  x VALUE: 0xxxxx
INUM:      816 PC: 0x1d20 REG:  x VALUE: 0xxxxx
INUM:      817 PC: 0x1d22 REG:  x VALUE: 0xxxxx
INUM:      818 PC: 0x1d24 REG:  x VALUE: 0xxxxx
INUM:      819 PC: 0x1d26 REG:  x VALUE: 0xxxxx
INUM:      820 PC: 0x1d28 REG:  x VALUE: 0xxxxx
INUM:      821 PC: 0x1d2a REG:  x VALUE: 0xxxxx
INUM:      822 PC: 0x1d2c REG:  x VALUE: 0xxxxx
INUM:      823 PC: 0x1d2e REG:  x VALUE: 0xxxxx
INUM:      824 PC: 0x1d30 REG:  x VALUE: 0xxxxx
INUM:      825 PC: 0x1d32 REG:  x VALUE: 0xxxxx
INUM:      826 PC: 0x1d34 REG:  x VALUE: 0xxxxx
INUM:      827 PC: 0x1d36 REG:  x VALUE: 0xxxxx
INUM:      828 PC: 0x1d38 REG:  x VALUE: 0xxxxx
INUM:      829 PC: 0x1d3a REG:  x VALUE: 0xxxxx
INUM:      830 PC: 0x1d3c REG:  x VALUE: 0xxxxx
INUM:      831 PC: 0x1d3e REG:  x VALUE: 0xxxxx
INUM:      832 PC: 0x1dc0 REG:  x VALUE: 0xxxxx
INUM:      833 PC: 0x1dc2 REG:  x VALUE: 0xxxxx
INUM:      834 PC: 0x1dc4 REG:  x VALUE: 0xxxxx
INUM:      835 PC: 0x1dc6 REG:  x VALUE: 0xxxxx
INUM:      836 PC: 0x1dc8 REG:  x VALUE: 0xxxxx
INUM:      837 PC: 0x1dca REG:  x VALUE: 0xxxxx
INUM:      838 PC: 0x1dcc REG:  x VALUE: 0xxxxx
INUM:      839 PC: 0x1dce REG:  x VALUE: 0xxxxx
INUM:      840 PC: 0x1dd0 REG:  x VALUE: 0xxxxx
INUM:      841 PC: 0x1dd2 REG:  x VALUE: 0xxxxx
INUM:      842 PC: 0x1dd4 REG:  x VALUE: 0xxxxx
INUM:      843 PC: 0x1dd6 REG:  x VALUE: 0xxxxx
INUM:      844 PC: 0x1dd8 REG:  x VALUE: 0xxxxx
INUM:      845 PC: 0x1dda REG:  x VALUE: 0xxxxx
INUM:      846 PC: 0x1ddc REG:  x VALUE: 0xxxxx
INUM:      847 PC: 0x1dde REG:  x VALUE: 0xxxxx
INUM:      848 PC: 0x1de0 REG:  x VALUE: 0xxxxx
INUM:      849 PC: 0x1de2 REG:  x VALUE: 0xxxxx
INUM:      850 PC: 0x1de4 REG:  x VALUE: 0xxxxx
INUM:      851 PC: 0x1de6 REG:  x VALUE: 0xxxxx
INUM:      852 PC: 0x1de8 REG:  x VALUE: 0xxxxx
INUM:      853 PC: 0x1dea REG:  x VALUE: 0xxxxx
INUM:      854 PC: 0x1dec REG:  x VALUE: 0xxxxx
INUM:      855 PC: 0x1dee REG:  x VALUE: 0xxxxx
INUM:      856 PC: 0x1df0 REG:  x VALUE: 0xxxxx
INUM:      857 PC: 0x1df2 REG:  x VALUE: 0xxxxx
INUM:      858 PC: 0x1df4 REG:  x VALUE: 0xxxxx
INUM:      859 PC: 0x1df6 REG:  x VALUE: 0xxxxx
INUM:      860 PC: 0x1df8 REG:  x VALUE: 0xxxxx
INUM:      861 PC: 0x1dfa REG:  x VALUE: 0xxxxx
INUM:      862 PC: 0x1dfc REG:  x VALUE: 0xxxxx
INUM:      863 PC: 0x1dfe REG:  x VALUE: 0xxxxx
INUM:      864 PC: 0x1e00 REG:  x VALUE: 0xxxxx
INUM:      865 PC: 0x1e02 REG:  x VALUE: 0xxxxx
INUM:      866 PC: 0x1e04 REG:  x VALUE: 0xxxxx
INUM:      867 PC: 0x1e06 REG:  x VALUE: 0xxxxx
INUM:      868 PC: 0x1e08 REG:  x VALUE: 0xxxxx
INUM:      869 PC: 0x1e0a REG:  x VALUE: 0xxxxx
INUM:      870 PC: 0x1e0c REG:  x VALUE: 0xxxxx
INUM:      871 PC: 0x1e0e REG:  x VALUE: 0xxxxx
INUM:      872 PC: 0x1e10 REG:  x VALUE: 0xxxxx
INUM:      873 PC: 0x1e12 REG:  x VALUE: 0xxxxx
INUM:      874 PC: 0x1e14 REG:  x VALUE: 0xxxxx
INUM:      875 PC: 0x1e16 REG:  x VALUE: 0xxxxx
INUM:      876 PC: 0x1e18 REG:  x VALUE: 0xxxxx
INUM:      877 PC: 0x1e1a REG:  x VALUE: 0xxxxx
INUM:      878 PC: 0x1e1c REG:  x VALUE: 0xxxxx
INUM:      879 PC: 0x1e1e REG:  x VALUE: 0xxxxx
INUM:      880 PC: 0x1e20 REG:  x VALUE: 0xxxxx
INUM:      881 PC: 0x1e22 REG:  x VALUE: 0xxxxx
INUM:      882 PC: 0x1e24 REG:  x VALUE: 0xxxxx
INUM:      883 PC: 0x1e26 REG:  x VALUE: 0xxxxx
INUM:      884 PC: 0x1e28 REG:  x VALUE: 0xxxxx
INUM:      885 PC: 0x1e2a REG:  x VALUE: 0xxxxx
INUM:      886 PC: 0x1e2c REG:  x VALUE: 0xxxxx
INUM:      887 PC: 0x1e2e REG:  x VALUE: 0xxxxx
INUM:      888 PC: 0x1e30 REG:  x VALUE: 0xxxxx
INUM:      889 PC: 0x1e32 REG:  x VALUE: 0xxxxx
INUM:      890 PC: 0x1e34 REG:  x VALUE: 0xxxxx
INUM:      891 PC: 0x1e36 REG:  x VALUE: 0xxxxx
INUM:      892 PC: 0x1e38 REG:  x VALUE: 0xxxxx
INUM:      893 PC: 0x1e3a REG:  x VALUE: 0xxxxx
INUM:      894 PC: 0x1e3c REG:  x VALUE: 0xxxxx
INUM:      895 PC: 0x1e3e REG:  x VALUE: 0xxxxx
INUM:      896 PC: 0x1ec0 REG:  x VALUE: 0xxxxx
INUM:      897 PC: 0x1ec2 REG:  x VALUE: 0xxxxx
INUM:      898 PC: 0x1ec4 REG:  x VALUE: 0xxxxx
INUM:      899 PC: 0x1ec6 REG:  x VALUE: 0xxxxx
INUM:      900 PC: 0x1ec8 REG:  x VALUE: 0xxxxx
INUM:      901 PC: 0x1eca REG:  x VALUE: 0xxxxx
INUM:      902 PC: 0x1ecc REG:  x VALUE: 0xxxxx
INUM:      903 PC: 0x1ece REG:  x VALUE: 0xxxxx
INUM:      904 PC: 0x1ed0 REG:  x VALUE: 0xxxxx
INUM:      905 PC: 0x1ed2 REG:  x VALUE: 0xxxxx
INUM:      906 PC: 0x1ed4 REG:  x VALUE: 0xxxxx
INUM:      907 PC: 0x1ed6 REG:  x VALUE: 0xxxxx
INUM:      908 PC: 0x1ed8 REG:  x VALUE: 0xxxxx
INUM:      909 PC: 0x1eda REG:  x VALUE: 0xxxxx
INUM:      910 PC: 0x1edc REG:  x VALUE: 0xxxxx
INUM:      911 PC: 0x1ede REG:  x VALUE: 0xxxxx
INUM:      912 PC: 0x1ee0 REG:  x VALUE: 0xxxxx
INUM:      913 PC: 0x1ee2 REG:  x VALUE: 0xxxxx
INUM:      914 PC: 0x1ee4 REG:  x VALUE: 0xxxxx
INUM:      915 PC: 0x1ee6 REG:  x VALUE: 0xxxxx
INUM:      916 PC: 0x1ee8 REG:  x VALUE: 0xxxxx
INUM:      917 PC: 0x1eea REG:  x VALUE: 0xxxxx
INUM:      918 PC: 0x1eec REG:  x VALUE: 0xxxxx
INUM:      919 PC: 0x1eee REG:  x VALUE: 0xxxxx
INUM:      920 PC: 0x1ef0 REG:  x VALUE: 0xxxxx
INUM:      921 PC: 0x1ef2 REG:  x VALUE: 0xxxxx
INUM:      922 PC: 0x1ef4 REG:  x VALUE: 0xxxxx
INUM:      923 PC: 0x1ef6 REG:  x VALUE: 0xxxxx
INUM:      924 PC: 0x1ef8 REG:  x VALUE: 0xxxxx
INUM:      925 PC: 0x1efa REG:  x VALUE: 0xxxxx
INUM:      926 PC: 0x1efc REG:  x VALUE: 0xxxxx
INUM:      927 PC: 0x1efe REG:  x VALUE: 0xxxxx
INUM:      928 PC: 0x1f00 REG:  x VALUE: 0xxxxx
INUM:      929 PC: 0x1f02 REG:  x VALUE: 0xxxxx
INUM:      930 PC: 0x1f04 REG:  x VALUE: 0xxxxx
INUM:      931 PC: 0x1f06 REG:  x VALUE: 0xxxxx
INUM:      932 PC: 0x1f08 REG:  x VALUE: 0xxxxx
INUM:      933 PC: 0x1f0a REG:  x VALUE: 0xxxxx
INUM:      934 PC: 0x1f0c REG:  x VALUE: 0xxxxx
INUM:      935 PC: 0x1f0e REG:  x VALUE: 0xxxxx
INUM:      936 PC: 0x1f10 REG:  x VALUE: 0xxxxx
INUM:      937 PC: 0x1f12 REG:  x VALUE: 0xxxxx
INUM:      938 PC: 0x1f14 REG:  x VALUE: 0xxxxx
INUM:      939 PC: 0x1f16 REG:  x VALUE: 0xxxxx
INUM:      940 PC: 0x1f18 REG:  x VALUE: 0xxxxx
INUM:      941 PC: 0x1f1a REG:  x VALUE: 0xxxxx
INUM:      942 PC: 0x1f1c REG:  x VALUE: 0xxxxx
INUM:      943 PC: 0x1f1e REG:  x VALUE: 0xxxxx
INUM:      944 PC: 0x1f20 REG:  x VALUE: 0xxxxx
INUM:      945 PC: 0x1f22 REG:  x VALUE: 0xxxxx
INUM:      946 PC: 0x1f24 REG:  x VALUE: 0xxxxx
INUM:      947 PC: 0x1f26 REG:  x VALUE: 0xxxxx
INUM:      948 PC: 0x1f28 REG:  x VALUE: 0xxxxx
INUM:      949 PC: 0x1f2a REG:  x VALUE: 0xxxxx
INUM:      950 PC: 0x1f2c REG:  x VALUE: 0xxxxx
INUM:      951 PC: 0x1f2e REG:  x VALUE: 0xxxxx
INUM:      952 PC: 0x1f30 REG:  x VALUE: 0xxxxx
INUM:      953 PC: 0x1f32 REG:  x VALUE: 0xxxxx
INUM:      954 PC: 0x1f34 REG:  x VALUE: 0xxxxx
INUM:      955 PC: 0x1f36 REG:  x VALUE: 0xxxxx
INUM:      956 PC: 0x1f38 REG:  x VALUE: 0xxxxx
INUM:      957 PC: 0x1f3a REG:  x VALUE: 0xxxxx
INUM:      958 PC: 0x1f3c REG:  x VALUE: 0xxxxx
INUM:      959 PC: 0x1f3e REG:  x VALUE: 0xxxxx
INUM:      960 PC: 0x1fc0 REG:  x VALUE: 0xxxxx
INUM:      961 PC: 0x1fc2 REG:  x VALUE: 0xxxxx
INUM:      962 PC: 0x1fc4 REG:  x VALUE: 0xxxxx
INUM:      963 PC: 0x1fc6 REG:  x VALUE: 0xxxxx
INUM:      964 PC: 0x1fc8 REG:  x VALUE: 0xxxxx
INUM:      965 PC: 0x1fca REG:  x VALUE: 0xxxxx
INUM:      966 PC: 0x1fcc REG:  x VALUE: 0xxxxx
INUM:      967 PC: 0x1fce REG:  x VALUE: 0xxxxx
INUM:      968 PC: 0x1fd0 REG:  x VALUE: 0xxxxx
INUM:      969 PC: 0x1fd2 REG:  x VALUE: 0xxxxx
INUM:      970 PC: 0x1fd4 REG:  x VALUE: 0xxxxx
INUM:      971 PC: 0x1fd6 REG:  x VALUE: 0xxxxx
INUM:      972 PC: 0x1fd8 REG:  x VALUE: 0xxxxx
INUM:      973 PC: 0x1fda REG:  x VALUE: 0xxxxx
INUM:      974 PC: 0x1fdc REG:  x VALUE: 0xxxxx
INUM:      975 PC: 0x1fde REG:  x VALUE: 0xxxxx
INUM:      976 PC: 0x1fe0 REG:  x VALUE: 0xxxxx
INUM:      977 PC: 0x1fe2 REG:  x VALUE: 0xxxxx
INUM:      978 PC: 0x1fe4 REG:  x VALUE: 0xxxxx
INUM:      979 PC: 0x1fe6 REG:  x VALUE: 0xxxxx
INUM:      980 PC: 0x1fe8 REG:  x VALUE: 0xxxxx
INUM:      981 PC: 0x1fea REG:  x VALUE: 0xxxxx
INUM:      982 PC: 0x1fec REG:  x VALUE: 0xxxxx
INUM:      983 PC: 0x1fee REG:  x VALUE: 0xxxxx
INUM:      984 PC: 0x1ff0 REG:  x VALUE: 0xxxxx
INUM:      985 PC: 0x1ff2 REG:  x VALUE: 0xxxxx
INUM:      986 PC: 0x1ff4 REG:  x VALUE: 0xxxxx
INUM:      987 PC: 0x1ff6 REG:  x VALUE: 0xxxxx
INUM:      988 PC: 0x1ff8 REG:  x VALUE: 0xxxxx
INUM:      989 PC: 0x1ffa REG:  x VALUE: 0xxxxx
INUM:      990 PC: 0x1ffc REG:  x VALUE: 0xxxxx
INUM:      991 PC: 0x1ffe REG:  x VALUE: 0xxxxx
INUM:      992 PC: 0x2000 REG:  x VALUE: 0xxxxx
INUM:      993 PC: 0x2002 REG:  x VALUE: 0xxxxx
INUM:      994 PC: 0x2004 REG:  x VALUE: 0xxxxx
INUM:      995 PC: 0x2006 REG:  x VALUE: 0xxxxx
INUM:      996 PC: 0x2008 REG:  x VALUE: 0xxxxx
INUM:      997 PC: 0x200a REG:  x VALUE: 0xxxxx
INUM:      998 PC: 0x200c REG:  x VALUE: 0xxxxx
INUM:      999 PC: 0x200e REG:  x VALUE: 0xxxxx
INUM:     1000 PC: 0x2010 REG:  x VALUE: 0xxxxx
INUM:     1001 PC: 0x2012 REG:  x VALUE: 0xxxxx
INUM:     1002 PC: 0x2014 REG:  x VALUE: 0xxxxx
INUM:     1003 PC: 0x2016 REG:  x VALUE: 0xxxxx
INUM:     1004 PC: 0x2018 REG:  x VALUE: 0xxxxx
INUM:     1005 PC: 0x201a REG:  x VALUE: 0xxxxx
INUM:     1006 PC: 0x201c REG:  x VALUE: 0xxxxx
INUM:     1007 PC: 0x201e REG:  x VALUE: 0xxxxx
INUM:     1008 PC: 0x2020 REG:  x VALUE: 0xxxxx
INUM:     1009 PC: 0x2022 REG:  x VALUE: 0xxxxx
INUM:     1010 PC: 0x2024 REG:  x VALUE: 0xxxxx
INUM:     1011 PC: 0x2026 REG:  x VALUE: 0xxxxx
INUM:     1012 PC: 0x2028 REG:  x VALUE: 0xxxxx
INUM:     1013 PC: 0x202a REG:  x VALUE: 0xxxxx
INUM:     1014 PC: 0x202c REG:  x VALUE: 0xxxxx
INUM:     1015 PC: 0x202e REG:  x VALUE: 0xxxxx
INUM:     1016 PC: 0x2030 REG:  x VALUE: 0xxxxx
INUM:     1017 PC: 0x2032 REG:  x VALUE: 0xxxxx
INUM:     1018 PC: 0x2034 REG:  x VALUE: 0xxxxx
INUM:     1019 PC: 0x2036 REG:  x VALUE: 0xxxxx
INUM:     1020 PC: 0x2038 REG:  x VALUE: 0xxxxx
INUM:     1021 PC: 0x203a REG:  x VALUE: 0xxxxx
INUM:     1022 PC: 0x203c REG:  x VALUE: 0xxxxx
INUM:     1023 PC: 0x203e REG:  x VALUE: 0xxxxx
INUM:     1024 PC: 0x20c0 REG:  x VALUE: 0xxxxx
INUM:     1025 PC: 0x20c2 REG:  x VALUE: 0xxxxx
INUM:     1026 PC: 0x20c4 REG:  x VALUE: 0xxxxx
INUM:     1027 PC: 0x20c6 REG:  x VALUE: 0xxxxx
INUM:     1028 PC: 0x20c8 REG:  x VALUE: 0xxxxx
INUM:     1029 PC: 0x20ca REG:  x VALUE: 0xxxxx
INUM:     1030 PC: 0x20cc REG:  x VALUE: 0xxxxx
INUM:     1031 PC: 0x20ce REG:  x VALUE: 0xxxxx
INUM:     1032 PC: 0x20d0 REG:  x VALUE: 0xxxxx
INUM:     1033 PC: 0x20d2 REG:  x VALUE: 0xxxxx
INUM:     1034 PC: 0x20d4 REG:  x VALUE: 0xxxxx
INUM:     1035 PC: 0x20d6 REG:  x VALUE: 0xxxxx
INUM:     1036 PC: 0x20d8 REG:  x VALUE: 0xxxxx
INUM:     1037 PC: 0x20da REG:  x VALUE: 0xxxxx
INUM:     1038 PC: 0x20dc REG:  x VALUE: 0xxxxx
INUM:     1039 PC: 0x20de REG:  x VALUE: 0xxxxx
INUM:     1040 PC: 0x20e0 REG:  x VALUE: 0xxxxx
INUM:     1041 PC: 0x20e2 REG:  x VALUE: 0xxxxx
INUM:     1042 PC: 0x20e4 REG:  x VALUE: 0xxxxx
INUM:     1043 PC: 0x20e6 REG:  x VALUE: 0xxxxx
INUM:     1044 PC: 0x20e8 REG:  x VALUE: 0xxxxx
INUM:     1045 PC: 0x20ea REG:  x VALUE: 0xxxxx
INUM:     1046 PC: 0x20ec REG:  x VALUE: 0xxxxx
INUM:     1047 PC: 0x20ee REG:  x VALUE: 0xxxxx
INUM:     1048 PC: 0x20f0 REG:  x VALUE: 0xxxxx
INUM:     1049 PC: 0x20f2 REG:  x VALUE: 0xxxxx
INUM:     1050 PC: 0x20f4 REG:  x VALUE: 0xxxxx
INUM:     1051 PC: 0x20f6 REG:  x VALUE: 0xxxxx
INUM:     1052 PC: 0x20f8 REG:  x VALUE: 0xxxxx
INUM:     1053 PC: 0x20fa REG:  x VALUE: 0xxxxx
INUM:     1054 PC: 0x20fc REG:  x VALUE: 0xxxxx
INUM:     1055 PC: 0x20fe REG:  x VALUE: 0xxxxx
INUM:     1056 PC: 0x2100 REG:  x VALUE: 0xxxxx
INUM:     1057 PC: 0x2102 REG:  x VALUE: 0xxxxx
INUM:     1058 PC: 0x2104 REG:  x VALUE: 0xxxxx
INUM:     1059 PC: 0x2106 REG:  x VALUE: 0xxxxx
INUM:     1060 PC: 0x2108 REG:  x VALUE: 0xxxxx
INUM:     1061 PC: 0x210a REG:  x VALUE: 0xxxxx
INUM:     1062 PC: 0x210c REG:  x VALUE: 0xxxxx
INUM:     1063 PC: 0x210e REG:  x VALUE: 0xxxxx
INUM:     1064 PC: 0x2110 REG:  x VALUE: 0xxxxx
INUM:     1065 PC: 0x2112 REG:  x VALUE: 0xxxxx
INUM:     1066 PC: 0x2114 REG:  x VALUE: 0xxxxx
INUM:     1067 PC: 0x2116 REG:  x VALUE: 0xxxxx
INUM:     1068 PC: 0x2118 REG:  x VALUE: 0xxxxx
INUM:     1069 PC: 0x211a REG:  x VALUE: 0xxxxx
INUM:     1070 PC: 0x211c REG:  x VALUE: 0xxxxx
INUM:     1071 PC: 0x211e REG:  x VALUE: 0xxxxx
INUM:     1072 PC: 0x2120 REG:  x VALUE: 0xxxxx
INUM:     1073 PC: 0x2122 REG:  x VALUE: 0xxxxx
INUM:     1074 PC: 0x2124 REG:  x VALUE: 0xxxxx
INUM:     1075 PC: 0x2126 REG:  x VALUE: 0xxxxx
INUM:     1076 PC: 0x2128 REG:  x VALUE: 0xxxxx
INUM:     1077 PC: 0x212a REG:  x VALUE: 0xxxxx
INUM:     1078 PC: 0x212c REG:  x VALUE: 0xxxxx
INUM:     1079 PC: 0x212e REG:  x VALUE: 0xxxxx
INUM:     1080 PC: 0x2130 REG:  x VALUE: 0xxxxx
INUM:     1081 PC: 0x2132 REG:  x VALUE: 0xxxxx
INUM:     1082 PC: 0x2134 REG:  x VALUE: 0xxxxx
INUM:     1083 PC: 0x2136 REG:  x VALUE: 0xxxxx
INUM:     1084 PC: 0x2138 REG:  x VALUE: 0xxxxx
INUM:     1085 PC: 0x213a REG:  x VALUE: 0xxxxx
INUM:     1086 PC: 0x213c REG:  x VALUE: 0xxxxx
INUM:     1087 PC: 0x213e REG:  x VALUE: 0xxxxx
INUM:     1088 PC: 0x21c0 REG:  x VALUE: 0xxxxx
INUM:     1089 PC: 0x21c2 REG:  x VALUE: 0xxxxx
INUM:     1090 PC: 0x21c4 REG:  x VALUE: 0xxxxx
INUM:     1091 PC: 0x21c6 REG:  x VALUE: 0xxxxx
INUM:     1092 PC: 0x21c8 REG:  x VALUE: 0xxxxx
INUM:     1093 PC: 0x21ca REG:  x VALUE: 0xxxxx
INUM:     1094 PC: 0x21cc REG:  x VALUE: 0xxxxx
INUM:     1095 PC: 0x21ce REG:  x VALUE: 0xxxxx
INUM:     1096 PC: 0x21d0 REG:  x VALUE: 0xxxxx
INUM:     1097 PC: 0x21d2 REG:  x VALUE: 0xxxxx
INUM:     1098 PC: 0x21d4 REG:  x VALUE: 0xxxxx
INUM:     1099 PC: 0x21d6 REG:  x VALUE: 0xxxxx
INUM:     1100 PC: 0x21d8 REG:  x VALUE: 0xxxxx
INUM:     1101 PC: 0x21da REG:  x VALUE: 0xxxxx
INUM:     1102 PC: 0x21dc REG:  x VALUE: 0xxxxx
INUM:     1103 PC: 0x21de REG:  x VALUE: 0xxxxx
INUM:     1104 PC: 0x21e0 REG:  x VALUE: 0xxxxx
INUM:     1105 PC: 0x21e2 REG:  x VALUE: 0xxxxx
INUM:     1106 PC: 0x21e4 REG:  x VALUE: 0xxxxx
INUM:     1107 PC: 0x21e6 REG:  x VALUE: 0xxxxx
INUM:     1108 PC: 0x21e8 REG:  x VALUE: 0xxxxx
INUM:     1109 PC: 0x21ea REG:  x VALUE: 0xxxxx
INUM:     1110 PC: 0x21ec REG:  x VALUE: 0xxxxx
INUM:     1111 PC: 0x21ee REG:  x VALUE: 0xxxxx
INUM:     1112 PC: 0x21f0 REG:  x VALUE: 0xxxxx
INUM:     1113 PC: 0x21f2 REG:  x VALUE: 0xxxxx
INUM:     1114 PC: 0x21f4 REG:  x VALUE: 0xxxxx
INUM:     1115 PC: 0x21f6 REG:  x VALUE: 0xxxxx
INUM:     1116 PC: 0x21f8 REG:  x VALUE: 0xxxxx
INUM:     1117 PC: 0x21fa REG:  x VALUE: 0xxxxx
INUM:     1118 PC: 0x21fc REG:  x VALUE: 0xxxxx
INUM:     1119 PC: 0x21fe REG:  x VALUE: 0xxxxx
INUM:     1120 PC: 0x2200 REG:  x VALUE: 0xxxxx
INUM:     1121 PC: 0x2202 REG:  x VALUE: 0xxxxx
INUM:     1122 PC: 0x2204 REG:  x VALUE: 0xxxxx
INUM:     1123 PC: 0x2206 REG:  x VALUE: 0xxxxx
INUM:     1124 PC: 0x2208 REG:  x VALUE: 0xxxxx
INUM:     1125 PC: 0x220a REG:  x VALUE: 0xxxxx
INUM:     1126 PC: 0x220c REG:  x VALUE: 0xxxxx
INUM:     1127 PC: 0x220e REG:  x VALUE: 0xxxxx
INUM:     1128 PC: 0x2210 REG:  x VALUE: 0xxxxx
INUM:     1129 PC: 0x2212 REG:  x VALUE: 0xxxxx
INUM:     1130 PC: 0x2214 REG:  x VALUE: 0xxxxx
INUM:     1131 PC: 0x2216 REG:  x VALUE: 0xxxxx
INUM:     1132 PC: 0x2218 REG:  x VALUE: 0xxxxx
INUM:     1133 PC: 0x221a REG:  x VALUE: 0xxxxx
INUM:     1134 PC: 0x221c REG:  x VALUE: 0xxxxx
INUM:     1135 PC: 0x221e REG:  x VALUE: 0xxxxx
INUM:     1136 PC: 0x2220 REG:  x VALUE: 0xxxxx
INUM:     1137 PC: 0x2222 REG:  x VALUE: 0xxxxx
INUM:     1138 PC: 0x2224 REG:  x VALUE: 0xxxxx
INUM:     1139 PC: 0x2226 REG:  x VALUE: 0xxxxx
INUM:     1140 PC: 0x2228 REG:  x VALUE: 0xxxxx
INUM:     1141 PC: 0x222a REG:  x VALUE: 0xxxxx
INUM:     1142 PC: 0x222c REG:  x VALUE: 0xxxxx
INUM:     1143 PC: 0x222e REG:  x VALUE: 0xxxxx
INUM:     1144 PC: 0x2230 REG:  x VALUE: 0xxxxx
INUM:     1145 PC: 0x2232 REG:  x VALUE: 0xxxxx
INUM:     1146 PC: 0x2234 REG:  x VALUE: 0xxxxx
INUM:     1147 PC: 0x2236 REG:  x VALUE: 0xxxxx
INUM:     1148 PC: 0x2238 REG:  x VALUE: 0xxxxx
INUM:     1149 PC: 0x223a REG:  x VALUE: 0xxxxx
INUM:     1150 PC: 0x223c REG:  x VALUE: 0xxxxx
INUM:     1151 PC: 0x223e REG:  x VALUE: 0xxxxx
INUM:     1152 PC: 0x22c0 REG:  x VALUE: 0xxxxx
INUM:     1153 PC: 0x22c2 REG:  x VALUE: 0xxxxx
INUM:     1154 PC: 0x22c4 REG:  x VALUE: 0xxxxx
INUM:     1155 PC: 0x22c6 REG:  x VALUE: 0xxxxx
INUM:     1156 PC: 0x22c8 REG:  x VALUE: 0xxxxx
INUM:     1157 PC: 0x22ca REG:  x VALUE: 0xxxxx
INUM:     1158 PC: 0x22cc REG:  x VALUE: 0xxxxx
INUM:     1159 PC: 0x22ce REG:  x VALUE: 0xxxxx
INUM:     1160 PC: 0x22d0 REG:  x VALUE: 0xxxxx
INUM:     1161 PC: 0x22d2 REG:  x VALUE: 0xxxxx
INUM:     1162 PC: 0x22d4 REG:  x VALUE: 0xxxxx
INUM:     1163 PC: 0x22d6 REG:  x VALUE: 0xxxxx
INUM:     1164 PC: 0x22d8 REG:  x VALUE: 0xxxxx
INUM:     1165 PC: 0x22da REG:  x VALUE: 0xxxxx
INUM:     1166 PC: 0x22dc REG:  x VALUE: 0xxxxx
INUM:     1167 PC: 0x22de REG:  x VALUE: 0xxxxx
INUM:     1168 PC: 0x22e0 REG:  x VALUE: 0xxxxx
INUM:     1169 PC: 0x22e2 REG:  x VALUE: 0xxxxx
INUM:     1170 PC: 0x22e4 REG:  x VALUE: 0xxxxx
INUM:     1171 PC: 0x22e6 REG:  x VALUE: 0xxxxx
INUM:     1172 PC: 0x22e8 REG:  x VALUE: 0xxxxx
INUM:     1173 PC: 0x22ea REG:  x VALUE: 0xxxxx
INUM:     1174 PC: 0x22ec REG:  x VALUE: 0xxxxx
INUM:     1175 PC: 0x22ee REG:  x VALUE: 0xxxxx
INUM:     1176 PC: 0x22f0 REG:  x VALUE: 0xxxxx
INUM:     1177 PC: 0x22f2 REG:  x VALUE: 0xxxxx
INUM:     1178 PC: 0x22f4 REG:  x VALUE: 0xxxxx
INUM:     1179 PC: 0x22f6 REG:  x VALUE: 0xxxxx
INUM:     1180 PC: 0x22f8 REG:  x VALUE: 0xxxxx
INUM:     1181 PC: 0x22fa REG:  x VALUE: 0xxxxx
INUM:     1182 PC: 0x22fc REG:  x VALUE: 0xxxxx
INUM:     1183 PC: 0x22fe REG:  x VALUE: 0xxxxx
INUM:     1184 PC: 0x2300 REG:  x VALUE: 0xxxxx
INUM:     1185 PC: 0x2302 REG:  x VALUE: 0xxxxx
INUM:     1186 PC: 0x2304 REG:  x VALUE: 0xxxxx
INUM:     1187 PC: 0x2306 REG:  x VALUE: 0xxxxx
INUM:     1188 PC: 0x2308 REG:  x VALUE: 0xxxxx
INUM:     1189 PC: 0x230a REG:  x VALUE: 0xxxxx
INUM:     1190 PC: 0x230c REG:  x VALUE: 0xxxxx
INUM:     1191 PC: 0x230e REG:  x VALUE: 0xxxxx
INUM:     1192 PC: 0x2310 REG:  x VALUE: 0xxxxx
INUM:     1193 PC: 0x2312 REG:  x VALUE: 0xxxxx
INUM:     1194 PC: 0x2314 REG:  x VALUE: 0xxxxx
INUM:     1195 PC: 0x2316 REG:  x VALUE: 0xxxxx
INUM:     1196 PC: 0x2318 REG:  x VALUE: 0xxxxx
INUM:     1197 PC: 0x231a REG:  x VALUE: 0xxxxx
INUM:     1198 PC: 0x231c REG:  x VALUE: 0xxxxx
INUM:     1199 PC: 0x231e REG:  x VALUE: 0xxxxx
INUM:     1200 PC: 0x2320 REG:  x VALUE: 0xxxxx
INUM:     1201 PC: 0x2322 REG:  x VALUE: 0xxxxx
INUM:     1202 PC: 0x2324 REG:  x VALUE: 0xxxxx
INUM:     1203 PC: 0x2326 REG:  x VALUE: 0xxxxx
INUM:     1204 PC: 0x2328 REG:  x VALUE: 0xxxxx
INUM:     1205 PC: 0x232a REG:  x VALUE: 0xxxxx
INUM:     1206 PC: 0x232c REG:  x VALUE: 0xxxxx
INUM:     1207 PC: 0x232e REG:  x VALUE: 0xxxxx
INUM:     1208 PC: 0x2330 REG:  x VALUE: 0xxxxx
INUM:     1209 PC: 0x2332 REG:  x VALUE: 0xxxxx
INUM:     1210 PC: 0x2334 REG:  x VALUE: 0xxxxx
INUM:     1211 PC: 0x2336 REG:  x VALUE: 0xxxxx
INUM:     1212 PC: 0x2338 REG:  x VALUE: 0xxxxx
INUM:     1213 PC: 0x233a REG:  x VALUE: 0xxxxx
INUM:     1214 PC: 0x233c REG:  x VALUE: 0xxxxx
INUM:     1215 PC: 0x233e REG:  x VALUE: 0xxxxx
INUM:     1216 PC: 0x23c0 REG:  x VALUE: 0xxxxx
INUM:     1217 PC: 0x23c2 REG:  x VALUE: 0xxxxx
INUM:     1218 PC: 0x23c4 REG:  x VALUE: 0xxxxx
INUM:     1219 PC: 0x23c6 REG:  x VALUE: 0xxxxx
INUM:     1220 PC: 0x23c8 REG:  x VALUE: 0xxxxx
INUM:     1221 PC: 0x23ca REG:  x VALUE: 0xxxxx
INUM:     1222 PC: 0x23cc REG:  x VALUE: 0xxxxx
INUM:     1223 PC: 0x23ce REG:  x VALUE: 0xxxxx
INUM:     1224 PC: 0x23d0 REG:  x VALUE: 0xxxxx
INUM:     1225 PC: 0x23d2 REG:  x VALUE: 0xxxxx
INUM:     1226 PC: 0x23d4 REG:  x VALUE: 0xxxxx
INUM:     1227 PC: 0x23d6 REG:  x VALUE: 0xxxxx
INUM:     1228 PC: 0x23d8 REG:  x VALUE: 0xxxxx
INUM:     1229 PC: 0x23da REG:  x VALUE: 0xxxxx
INUM:     1230 PC: 0x23dc REG:  x VALUE: 0xxxxx
INUM:     1231 PC: 0x23de REG:  x VALUE: 0xxxxx
INUM:     1232 PC: 0x23e0 REG:  x VALUE: 0xxxxx
INUM:     1233 PC: 0x23e2 REG:  x VALUE: 0xxxxx
INUM:     1234 PC: 0x23e4 REG:  x VALUE: 0xxxxx
INUM:     1235 PC: 0x23e6 REG:  x VALUE: 0xxxxx
INUM:     1236 PC: 0x23e8 REG:  x VALUE: 0xxxxx
INUM:     1237 PC: 0x23ea REG:  x VALUE: 0xxxxx
INUM:     1238 PC: 0x23ec REG:  x VALUE: 0xxxxx
INUM:     1239 PC: 0x23ee REG:  x VALUE: 0xxxxx
INUM:     1240 PC: 0x23f0 REG:  x VALUE: 0xxxxx
INUM:     1241 PC: 0x23f2 REG:  x VALUE: 0xxxxx
INUM:     1242 PC: 0x23f4 REG:  x VALUE: 0xxxxx
INUM:     1243 PC: 0x23f6 REG:  x VALUE: 0xxxxx
INUM:     1244 PC: 0x23f8 REG:  x VALUE: 0xxxxx
INUM:     1245 PC: 0x23fa REG:  x VALUE: 0xxxxx
INUM:     1246 PC: 0x23fc REG:  x VALUE: 0xxxxx
INUM:     1247 PC: 0x23fe REG:  x VALUE: 0xxxxx
INUM:     1248 PC: 0x2c00 REG:  x VALUE: 0xxxxx
INUM:     1249 PC: 0x2c02 REG:  x VALUE: 0xxxxx
INUM:     1250 PC: 0x2c04 REG:  x VALUE: 0xxxxx
INUM:     1251 PC: 0x2c06 REG:  x VALUE: 0xxxxx
INUM:     1252 PC: 0x2c08 REG:  x VALUE: 0xxxxx
INUM:     1253 PC: 0x2c0a REG:  x VALUE: 0xxxxx
INUM:     1254 PC: 0x2c0c REG:  x VALUE: 0xxxxx
INUM:     1255 PC: 0x2c0e REG:  x VALUE: 0xxxxx
INUM:     1256 PC: 0x2c10 REG:  x VALUE: 0xxxxx
INUM:     1257 PC: 0x2c12 REG:  x VALUE: 0xxxxx
INUM:     1258 PC: 0x2c14 REG:  x VALUE: 0xxxxx
INUM:     1259 PC: 0x2c16 REG:  x VALUE: 0xxxxx
INUM:     1260 PC: 0x2c18 REG:  x VALUE: 0xxxxx
INUM:     1261 PC: 0x2c1a REG:  x VALUE: 0xxxxx
INUM:     1262 PC: 0x2c1c REG:  x VALUE: 0xxxxx
INUM:     1263 PC: 0x2c1e REG:  x VALUE: 0xxxxx
INUM:     1264 PC: 0x2c20 REG:  x VALUE: 0xxxxx
INUM:     1265 PC: 0x2c22 REG:  x VALUE: 0xxxxx
INUM:     1266 PC: 0x2c24 REG:  x VALUE: 0xxxxx
INUM:     1267 PC: 0x2c26 REG:  x VALUE: 0xxxxx
INUM:     1268 PC: 0x2c28 REG:  x VALUE: 0xxxxx
INUM:     1269 PC: 0x2c2a REG:  x VALUE: 0xxxxx
INUM:     1270 PC: 0x2c2c REG:  x VALUE: 0xxxxx
INUM:     1271 PC: 0x2c2e REG:  x VALUE: 0xxxxx
INUM:     1272 PC: 0x2c30 REG:  x VALUE: 0xxxxx
INUM:     1273 PC: 0x2c32 REG:  x VALUE: 0xxxxx
INUM:     1274 PC: 0x2c34 REG:  x VALUE: 0xxxxx
INUM:     1275 PC: 0x2c36 REG:  x VALUE: 0xxxxx
INUM:     1276 PC: 0x2c38 REG:  x VALUE: 0xxxxx
INUM:     1277 PC: 0x2c3a REG:  x VALUE: 0xxxxx
INUM:     1278 PC: 0x2c3c REG:  x VALUE: 0xxxxx
INUM:     1279 PC: 0x2c3e REG:  x VALUE: 0xxxxx
INUM:     1280 PC: 0x2cc0 REG:  x VALUE: 0xxxxx
INUM:     1281 PC: 0x2cc2 REG:  x VALUE: 0xxxxx
INUM:     1282 PC: 0x2cc4 REG:  x VALUE: 0xxxxx
INUM:     1283 PC: 0x2cc6 REG:  x VALUE: 0xxxxx
INUM:     1284 PC: 0x2cc8 REG:  x VALUE: 0xxxxx
INUM:     1285 PC: 0x2cca REG:  x VALUE: 0xxxxx
INUM:     1286 PC: 0x2ccc REG:  x VALUE: 0xxxxx
INUM:     1287 PC: 0x2cce REG:  x VALUE: 0xxxxx
INUM:     1288 PC: 0x2cd0 REG:  x VALUE: 0xxxxx
INUM:     1289 PC: 0x2cd2 REG:  x VALUE: 0xxxxx
INUM:     1290 PC: 0x2cd4 REG:  x VALUE: 0xxxxx
INUM:     1291 PC: 0x2cd6 REG:  x VALUE: 0xxxxx
INUM:     1292 PC: 0x2cd8 REG:  x VALUE: 0xxxxx
INUM:     1293 PC: 0x2cda REG:  x VALUE: 0xxxxx
INUM:     1294 PC: 0x2cdc REG:  x VALUE: 0xxxxx
INUM:     1295 PC: 0x2cde REG:  x VALUE: 0xxxxx
INUM:     1296 PC: 0x2ce0 REG:  x VALUE: 0xxxxx
INUM:     1297 PC: 0x2ce2 REG:  x VALUE: 0xxxxx
INUM:     1298 PC: 0x2ce4 REG:  x VALUE: 0xxxxx
INUM:     1299 PC: 0x2ce6 REG:  x VALUE: 0xxxxx
INUM:     1300 PC: 0x2ce8 REG:  x VALUE: 0xxxxx
INUM:     1301 PC: 0x2cea REG:  x VALUE: 0xxxxx
INUM:     1302 PC: 0x2cec REG:  x VALUE: 0xxxxx
INUM:     1303 PC: 0x2cee REG:  x VALUE: 0xxxxx
INUM:     1304 PC: 0x2cf0 REG:  x VALUE: 0xxxxx
INUM:     1305 PC: 0x2cf2 REG:  x VALUE: 0xxxxx
INUM:     1306 PC: 0x2cf4 REG:  x VALUE: 0xxxxx
INUM:     1307 PC: 0x2cf6 REG:  x VALUE: 0xxxxx
INUM:     1308 PC: 0x2cf8 REG:  x VALUE: 0xxxxx
INUM:     1309 PC: 0x2cfa REG:  x VALUE: 0xxxxx
INUM:     1310 PC: 0x2cfc REG:  x VALUE: 0xxxxx
INUM:     1311 PC: 0x2cfe REG:  x VALUE: 0xxxxx
INUM:     1312 PC: 0x2d00 REG:  x VALUE: 0xxxxx
INUM:     1313 PC: 0x2d02 REG:  x VALUE: 0xxxxx
INUM:     1314 PC: 0x2d04 REG:  x VALUE: 0xxxxx
INUM:     1315 PC: 0x2d06 REG:  x VALUE: 0xxxxx
INUM:     1316 PC: 0x2d08 REG:  x VALUE: 0xxxxx
INUM:     1317 PC: 0x2d0a REG:  x VALUE: 0xxxxx
INUM:     1318 PC: 0x2d0c REG:  x VALUE: 0xxxxx
INUM:     1319 PC: 0x2d0e REG:  x VALUE: 0xxxxx
INUM:     1320 PC: 0x2d10 REG:  x VALUE: 0xxxxx
INUM:     1321 PC: 0x2d12 REG:  x VALUE: 0xxxxx
INUM:     1322 PC: 0x2d14 REG:  x VALUE: 0xxxxx
INUM:     1323 PC: 0x2d16 REG:  x VALUE: 0xxxxx
INUM:     1324 PC: 0x2d18 REG:  x VALUE: 0xxxxx
INUM:     1325 PC: 0x2d1a REG:  x VALUE: 0xxxxx
INUM:     1326 PC: 0x2d1c REG:  x VALUE: 0xxxxx
INUM:     1327 PC: 0x2d1e REG:  x VALUE: 0xxxxx
INUM:     1328 PC: 0x2d20 REG:  x VALUE: 0xxxxx
INUM:     1329 PC: 0x2d22 REG:  x VALUE: 0xxxxx
INUM:     1330 PC: 0x2d24 REG:  x VALUE: 0xxxxx
INUM:     1331 PC: 0x2d26 REG:  x VALUE: 0xxxxx
INUM:     1332 PC: 0x2d28 REG:  x VALUE: 0xxxxx
INUM:     1333 PC: 0x2d2a REG:  x VALUE: 0xxxxx
INUM:     1334 PC: 0x2d2c REG:  x VALUE: 0xxxxx
INUM:     1335 PC: 0x2d2e REG:  x VALUE: 0xxxxx
INUM:     1336 PC: 0x2d30 REG:  x VALUE: 0xxxxx
INUM:     1337 PC: 0x2d32 REG:  x VALUE: 0xxxxx
INUM:     1338 PC: 0x2d34 REG:  x VALUE: 0xxxxx
INUM:     1339 PC: 0x2d36 REG:  x VALUE: 0xxxxx
INUM:     1340 PC: 0x2d38 REG:  x VALUE: 0xxxxx
INUM:     1341 PC: 0x2d3a REG:  x VALUE: 0xxxxx
INUM:     1342 PC: 0x2d3c REG:  x VALUE: 0xxxxx
INUM:     1343 PC: 0x2d3e REG:  x VALUE: 0xxxxx
INUM:     1344 PC: 0x2dc0 REG:  x VALUE: 0xxxxx
INUM:     1345 PC: 0x2dc2 REG:  x VALUE: 0xxxxx
INUM:     1346 PC: 0x2dc4 REG:  x VALUE: 0xxxxx
INUM:     1347 PC: 0x2dc6 REG:  x VALUE: 0xxxxx
INUM:     1348 PC: 0x2dc8 REG:  x VALUE: 0xxxxx
INUM:     1349 PC: 0x2dca REG:  x VALUE: 0xxxxx
INUM:     1350 PC: 0x2dcc REG:  x VALUE: 0xxxxx
INUM:     1351 PC: 0x2dce REG:  x VALUE: 0xxxxx
INUM:     1352 PC: 0x2dd0 REG:  x VALUE: 0xxxxx
INUM:     1353 PC: 0x2dd2 REG:  x VALUE: 0xxxxx
INUM:     1354 PC: 0x2dd4 REG:  x VALUE: 0xxxxx
INUM:     1355 PC: 0x2dd6 REG:  x VALUE: 0xxxxx
INUM:     1356 PC: 0x2dd8 REG:  x VALUE: 0xxxxx
INUM:     1357 PC: 0x2dda REG:  x VALUE: 0xxxxx
INUM:     1358 PC: 0x2ddc REG:  x VALUE: 0xxxxx
INUM:     1359 PC: 0x2dde REG:  x VALUE: 0xxxxx
INUM:     1360 PC: 0x2de0 REG:  x VALUE: 0xxxxx
INUM:     1361 PC: 0x2de2 REG:  x VALUE: 0xxxxx
INUM:     1362 PC: 0x2de4 REG:  x VALUE: 0xxxxx
INUM:     1363 PC: 0x2de6 REG:  x VALUE: 0xxxxx
INUM:     1364 PC: 0x2de8 REG:  x VALUE: 0xxxxx
INUM:     1365 PC: 0x2dea REG:  x VALUE: 0xxxxx
INUM:     1366 PC: 0x2dec REG:  x VALUE: 0xxxxx
INUM:     1367 PC: 0x2dee REG:  x VALUE: 0xxxxx
INUM:     1368 PC: 0x2df0 REG:  x VALUE: 0xxxxx
INUM:     1369 PC: 0x2df2 REG:  x VALUE: 0xxxxx
INUM:     1370 PC: 0x2df4 REG:  x VALUE: 0xxxxx
INUM:     1371 PC: 0x2df6 REG:  x VALUE: 0xxxxx
INUM:     1372 PC: 0x2df8 REG:  x VALUE: 0xxxxx
INUM:     1373 PC: 0x2dfa REG:  x VALUE: 0xxxxx
INUM:     1374 PC: 0x2dfc REG:  x VALUE: 0xxxxx
INUM:     1375 PC: 0x2dfe REG:  x VALUE: 0xxxxx
INUM:     1376 PC: 0x2e00 REG:  x VALUE: 0xxxxx
INUM:     1377 PC: 0x2e02 REG:  x VALUE: 0xxxxx
INUM:     1378 PC: 0x2e04 REG:  x VALUE: 0xxxxx
INUM:     1379 PC: 0x2e06 REG:  x VALUE: 0xxxxx
INUM:     1380 PC: 0x2e08 REG:  x VALUE: 0xxxxx
INUM:     1381 PC: 0x2e0a REG:  x VALUE: 0xxxxx
INUM:     1382 PC: 0x2e0c REG:  x VALUE: 0xxxxx
INUM:     1383 PC: 0x2e0e REG:  x VALUE: 0xxxxx
INUM:     1384 PC: 0x2e10 REG:  x VALUE: 0xxxxx
INUM:     1385 PC: 0x2e12 REG:  x VALUE: 0xxxxx
INUM:     1386 PC: 0x2e14 REG:  x VALUE: 0xxxxx
INUM:     1387 PC: 0x2e16 REG:  x VALUE: 0xxxxx
INUM:     1388 PC: 0x2e18 REG:  x VALUE: 0xxxxx
INUM:     1389 PC: 0x2e1a REG:  x VALUE: 0xxxxx
INUM:     1390 PC: 0x2e1c REG:  x VALUE: 0xxxxx
INUM:     1391 PC: 0x2e1e REG:  x VALUE: 0xxxxx
INUM:     1392 PC: 0x2e20 REG:  x VALUE: 0xxxxx
INUM:     1393 PC: 0x2e22 REG:  x VALUE: 0xxxxx
INUM:     1394 PC: 0x2e24 REG:  x VALUE: 0xxxxx
INUM:     1395 PC: 0x2e26 REG:  x VALUE: 0xxxxx
INUM:     1396 PC: 0x2e28 REG:  x VALUE: 0xxxxx
INUM:     1397 PC: 0x2e2a REG:  x VALUE: 0xxxxx
INUM:     1398 PC: 0x2e2c REG:  x VALUE: 0xxxxx
INUM:     1399 PC: 0x2e2e REG:  x VALUE: 0xxxxx
INUM:     1400 PC: 0x2e30 REG:  x VALUE: 0xxxxx
INUM:     1401 PC: 0x2e32 REG:  x VALUE: 0xxxxx
INUM:     1402 PC: 0x2e34 REG:  x VALUE: 0xxxxx
INUM:     1403 PC: 0x2e36 REG:  x VALUE: 0xxxxx
INUM:     1404 PC: 0x2e38 REG:  x VALUE: 0xxxxx
INUM:     1405 PC: 0x2e3a REG:  x VALUE: 0xxxxx
INUM:     1406 PC: 0x2e3c REG:  x VALUE: 0xxxxx
INUM:     1407 PC: 0x2e3e REG:  x VALUE: 0xxxxx
INUM:     1408 PC: 0x2ec0 REG:  x VALUE: 0xxxxx
INUM:     1409 PC: 0x2ec2 REG:  x VALUE: 0xxxxx
INUM:     1410 PC: 0x2ec4 REG:  x VALUE: 0xxxxx
INUM:     1411 PC: 0x2ec6 REG:  x VALUE: 0xxxxx
INUM:     1412 PC: 0x2ec8 REG:  x VALUE: 0xxxxx
INUM:     1413 PC: 0x2eca REG:  x VALUE: 0xxxxx
INUM:     1414 PC: 0x2ecc REG:  x VALUE: 0xxxxx
INUM:     1415 PC: 0x2ece REG:  x VALUE: 0xxxxx
INUM:     1416 PC: 0x2ed0 REG:  x VALUE: 0xxxxx
INUM:     1417 PC: 0x2ed2 REG:  x VALUE: 0xxxxx
INUM:     1418 PC: 0x2ed4 REG:  x VALUE: 0xxxxx
INUM:     1419 PC: 0x2ed6 REG:  x VALUE: 0xxxxx
INUM:     1420 PC: 0x2ed8 REG:  x VALUE: 0xxxxx
INUM:     1421 PC: 0x2eda REG:  x VALUE: 0xxxxx
INUM:     1422 PC: 0x2edc REG:  x VALUE: 0xxxxx
INUM:     1423 PC: 0x2ede REG:  x VALUE: 0xxxxx
INUM:     1424 PC: 0x2ee0 REG:  x VALUE: 0xxxxx
INUM:     1425 PC: 0x2ee2 REG:  x VALUE: 0xxxxx
INUM:     1426 PC: 0x2ee4 REG:  x VALUE: 0xxxxx
INUM:     1427 PC: 0x2ee6 REG:  x VALUE: 0xxxxx
INUM:     1428 PC: 0x2ee8 REG:  x VALUE: 0xxxxx
INUM:     1429 PC: 0x2eea REG:  x VALUE: 0xxxxx
INUM:     1430 PC: 0x2eec REG:  x VALUE: 0xxxxx
INUM:     1431 PC: 0x2eee REG:  x VALUE: 0xxxxx
INUM:     1432 PC: 0x2ef0 REG:  x VALUE: 0xxxxx
INUM:     1433 PC: 0x2ef2 REG:  x VALUE: 0xxxxx
INUM:     1434 PC: 0x2ef4 REG:  x VALUE: 0xxxxx
INUM:     1435 PC: 0x2ef6 REG:  x VALUE: 0xxxxx
INUM:     1436 PC: 0x2ef8 REG:  x VALUE: 0xxxxx
INUM:     1437 PC: 0x2efa REG:  x VALUE: 0xxxxx
INUM:     1438 PC: 0x2efc REG:  x VALUE: 0xxxxx
INUM:     1439 PC: 0x2efe REG:  x VALUE: 0xxxxx
INUM:     1440 PC: 0x2f00 REG:  x VALUE: 0xxxxx
INUM:     1441 PC: 0x2f02 REG:  x VALUE: 0xxxxx
INUM:     1442 PC: 0x2f04 REG:  x VALUE: 0xxxxx
INUM:     1443 PC: 0x2f06 REG:  x VALUE: 0xxxxx
INUM:     1444 PC: 0x2f08 REG:  x VALUE: 0xxxxx
INUM:     1445 PC: 0x2f0a REG:  x VALUE: 0xxxxx
INUM:     1446 PC: 0x2f0c REG:  x VALUE: 0xxxxx
INUM:     1447 PC: 0x2f0e REG:  x VALUE: 0xxxxx
INUM:     1448 PC: 0x2f10 REG:  x VALUE: 0xxxxx
INUM:     1449 PC: 0x2f12 REG:  x VALUE: 0xxxxx
INUM:     1450 PC: 0x2f14 REG:  x VALUE: 0xxxxx
INUM:     1451 PC: 0x2f16 REG:  x VALUE: 0xxxxx
INUM:     1452 PC: 0x2f18 REG:  x VALUE: 0xxxxx
INUM:     1453 PC: 0x2f1a REG:  x VALUE: 0xxxxx
INUM:     1454 PC: 0x2f1c REG:  x VALUE: 0xxxxx
INUM:     1455 PC: 0x2f1e REG:  x VALUE: 0xxxxx
INUM:     1456 PC: 0x2f20 REG:  x VALUE: 0xxxxx
INUM:     1457 PC: 0x2f22 REG:  x VALUE: 0xxxxx
INUM:     1458 PC: 0x2f24 REG:  x VALUE: 0xxxxx
INUM:     1459 PC: 0x2f26 REG:  x VALUE: 0xxxxx
INUM:     1460 PC: 0x2f28 REG:  x VALUE: 0xxxxx
INUM:     1461 PC: 0x2f2a REG:  x VALUE: 0xxxxx
INUM:     1462 PC: 0x2f2c REG:  x VALUE: 0xxxxx
INUM:     1463 PC: 0x2f2e REG:  x VALUE: 0xxxxx
INUM:     1464 PC: 0x2f30 REG:  x VALUE: 0xxxxx
INUM:     1465 PC: 0x2f32 REG:  x VALUE: 0xxxxx
INUM:     1466 PC: 0x2f34 REG:  x VALUE: 0xxxxx
INUM:     1467 PC: 0x2f36 REG:  x VALUE: 0xxxxx
INUM:     1468 PC: 0x2f38 REG:  x VALUE: 0xxxxx
INUM:     1469 PC: 0x2f3a REG:  x VALUE: 0xxxxx
INUM:     1470 PC: 0x2f3c REG:  x VALUE: 0xxxxx
INUM:     1471 PC: 0x2f3e REG:  x VALUE: 0xxxxx
INUM:     1472 PC: 0x2fc0 REG:  x VALUE: 0xxxxx
INUM:     1473 PC: 0x2fc2 REG:  x VALUE: 0xxxxx
INUM:     1474 PC: 0x2fc4 REG:  x VALUE: 0xxxxx
INUM:     1475 PC: 0x2fc6 REG:  x VALUE: 0xxxxx
INUM:     1476 PC: 0x2fc8 REG:  x VALUE: 0xxxxx
INUM:     1477 PC: 0x2fca REG:  x VALUE: 0xxxxx
INUM:     1478 PC: 0x2fcc REG:  x VALUE: 0xxxxx
INUM:     1479 PC: 0x2fce REG:  x VALUE: 0xxxxx
INUM:     1480 PC: 0x2fd0 REG:  x VALUE: 0xxxxx
INUM:     1481 PC: 0x2fd2 REG:  x VALUE: 0xxxxx
INUM:     1482 PC: 0x2fd4 REG:  x VALUE: 0xxxxx
INUM:     1483 PC: 0x2fd6 REG:  x VALUE: 0xxxxx
INUM:     1484 PC: 0x2fd8 REG:  x VALUE: 0xxxxx
INUM:     1485 PC: 0x2fda REG:  x VALUE: 0xxxxx
INUM:     1486 PC: 0x2fdc REG:  x VALUE: 0xxxxx
INUM:     1487 PC: 0x2fde REG:  x VALUE: 0xxxxx
INUM:     1488 PC: 0x2fe0 REG:  x VALUE: 0xxxxx
INUM:     1489 PC: 0x2fe2 REG:  x VALUE: 0xxxxx
INUM:     1490 PC: 0x2fe4 REG:  x VALUE: 0xxxxx
INUM:     1491 PC: 0x2fe6 REG:  x VALUE: 0xxxxx
INUM:     1492 PC: 0x2fe8 REG:  x VALUE: 0xxxxx
INUM:     1493 PC: 0x2fea REG:  x VALUE: 0xxxxx
INUM:     1494 PC: 0x2fec REG:  x VALUE: 0xxxxx
INUM:     1495 PC: 0x2fee REG:  x VALUE: 0xxxxx
INUM:     1496 PC: 0x2ff0 REG:  x VALUE: 0xxxxx
INUM:     1497 PC: 0x2ff2 REG:  x VALUE: 0xxxxx
INUM:     1498 PC: 0x2ff4 REG:  x VALUE: 0xxxxx
INUM:     1499 PC: 0x2ff6 REG:  x VALUE: 0xxxxx
INUM:     1500 PC: 0x2ff8 REG:  x VALUE: 0xxxxx
INUM:     1501 PC: 0x2ffa REG:  x VALUE: 0xxxxx
INUM:     1502 PC: 0x2ffc REG:  x VALUE: 0xxxxx
INUM:     1503 PC: 0x2ffe REG:  x VALUE: 0xxxxx
INUM:     1504 PC: 0x3000 REG:  x VALUE: 0xxxxx
INUM:     1505 PC: 0x3002 REG:  x VALUE: 0xxxxx
INUM:     1506 PC: 0x3004 REG:  x VALUE: 0xxxxx
INUM:     1507 PC: 0x3006 REG:  x VALUE: 0xxxxx
INUM:     1508 PC: 0x3008 REG:  x VALUE: 0xxxxx
INUM:     1509 PC: 0x300a REG:  x VALUE: 0xxxxx
INUM:     1510 PC: 0x300c REG:  x VALUE: 0xxxxx
INUM:     1511 PC: 0x300e REG:  x VALUE: 0xxxxx
INUM:     1512 PC: 0x3010 REG:  x VALUE: 0xxxxx
INUM:     1513 PC: 0x3012 REG:  x VALUE: 0xxxxx
INUM:     1514 PC: 0x3014 REG:  x VALUE: 0xxxxx
INUM:     1515 PC: 0x3016 REG:  x VALUE: 0xxxxx
INUM:     1516 PC: 0x3018 REG:  x VALUE: 0xxxxx
INUM:     1517 PC: 0x301a REG:  x VALUE: 0xxxxx
INUM:     1518 PC: 0x301c REG:  x VALUE: 0xxxxx
INUM:     1519 PC: 0x301e REG:  x VALUE: 0xxxxx
INUM:     1520 PC: 0x3020 REG:  x VALUE: 0xxxxx
INUM:     1521 PC: 0x3022 REG:  x VALUE: 0xxxxx
INUM:     1522 PC: 0x3024 REG:  x VALUE: 0xxxxx
INUM:     1523 PC: 0x3026 REG:  x VALUE: 0xxxxx
INUM:     1524 PC: 0x3028 REG:  x VALUE: 0xxxxx
INUM:     1525 PC: 0x302a REG:  x VALUE: 0xxxxx
INUM:     1526 PC: 0x302c REG:  x VALUE: 0xxxxx
INUM:     1527 PC: 0x302e REG:  x VALUE: 0xxxxx
INUM:     1528 PC: 0x3030 REG:  x VALUE: 0xxxxx
INUM:     1529 PC: 0x3032 REG:  x VALUE: 0xxxxx
INUM:     1530 PC: 0x3034 REG:  x VALUE: 0xxxxx
INUM:     1531 PC: 0x3036 REG:  x VALUE: 0xxxxx
INUM:     1532 PC: 0x3038 REG:  x VALUE: 0xxxxx
INUM:     1533 PC: 0x303a REG:  x VALUE: 0xxxxx
INUM:     1534 PC: 0x303c REG:  x VALUE: 0xxxxx
INUM:     1535 PC: 0x303e REG:  x VALUE: 0xxxxx
INUM:     1536 PC: 0x30c0 REG:  x VALUE: 0xxxxx
INUM:     1537 PC: 0x30c2 REG:  x VALUE: 0xxxxx
INUM:     1538 PC: 0x30c4 REG:  x VALUE: 0xxxxx
INUM:     1539 PC: 0x30c6 REG:  x VALUE: 0xxxxx
INUM:     1540 PC: 0x30c8 REG:  x VALUE: 0xxxxx
INUM:     1541 PC: 0x30ca REG:  x VALUE: 0xxxxx
INUM:     1542 PC: 0x30cc REG:  x VALUE: 0xxxxx
INUM:     1543 PC: 0x30ce REG:  x VALUE: 0xxxxx
INUM:     1544 PC: 0x30d0 REG:  x VALUE: 0xxxxx
INUM:     1545 PC: 0x30d2 REG:  x VALUE: 0xxxxx
INUM:     1546 PC: 0x30d4 REG:  x VALUE: 0xxxxx
INUM:     1547 PC: 0x30d6 REG:  x VALUE: 0xxxxx
INUM:     1548 PC: 0x30d8 REG:  x VALUE: 0xxxxx
INUM:     1549 PC: 0x30da REG:  x VALUE: 0xxxxx
INUM:     1550 PC: 0x30dc REG:  x VALUE: 0xxxxx
INUM:     1551 PC: 0x30de REG:  x VALUE: 0xxxxx
INUM:     1552 PC: 0x30e0 REG:  x VALUE: 0xxxxx
INUM:     1553 PC: 0x30e2 REG:  x VALUE: 0xxxxx
INUM:     1554 PC: 0x30e4 REG:  x VALUE: 0xxxxx
INUM:     1555 PC: 0x30e6 REG:  x VALUE: 0xxxxx
INUM:     1556 PC: 0x30e8 REG:  x VALUE: 0xxxxx
INUM:     1557 PC: 0x30ea REG:  x VALUE: 0xxxxx
INUM:     1558 PC: 0x30ec REG:  x VALUE: 0xxxxx
INUM:     1559 PC: 0x30ee REG:  x VALUE: 0xxxxx
INUM:     1560 PC: 0x30f0 REG:  x VALUE: 0xxxxx
INUM:     1561 PC: 0x30f2 REG:  x VALUE: 0xxxxx
INUM:     1562 PC: 0x30f4 REG:  x VALUE: 0xxxxx
INUM:     1563 PC: 0x30f6 REG:  x VALUE: 0xxxxx
INUM:     1564 PC: 0x30f8 REG:  x VALUE: 0xxxxx
INUM:     1565 PC: 0x30fa REG:  x VALUE: 0xxxxx
INUM:     1566 PC: 0x30fc REG:  x VALUE: 0xxxxx
INUM:     1567 PC: 0x30fe REG:  x VALUE: 0xxxxx
INUM:     1568 PC: 0x3100 REG:  x VALUE: 0xxxxx
INUM:     1569 PC: 0x3102 REG:  x VALUE: 0xxxxx
INUM:     1570 PC: 0x3104 REG:  x VALUE: 0xxxxx
INUM:     1571 PC: 0x3106 REG:  x VALUE: 0xxxxx
INUM:     1572 PC: 0x3108 REG:  x VALUE: 0xxxxx
INUM:     1573 PC: 0x310a REG:  x VALUE: 0xxxxx
INUM:     1574 PC: 0x310c REG:  x VALUE: 0xxxxx
INUM:     1575 PC: 0x310e REG:  x VALUE: 0xxxxx
INUM:     1576 PC: 0x3110 REG:  x VALUE: 0xxxxx
INUM:     1577 PC: 0x3112 REG:  x VALUE: 0xxxxx
INUM:     1578 PC: 0x3114 REG:  x VALUE: 0xxxxx
INUM:     1579 PC: 0x3116 REG:  x VALUE: 0xxxxx
INUM:     1580 PC: 0x3118 REG:  x VALUE: 0xxxxx
INUM:     1581 PC: 0x311a REG:  x VALUE: 0xxxxx
INUM:     1582 PC: 0x311c REG:  x VALUE: 0xxxxx
INUM:     1583 PC: 0x311e REG:  x VALUE: 0xxxxx
INUM:     1584 PC: 0x3120 REG:  x VALUE: 0xxxxx
INUM:     1585 PC: 0x3122 REG:  x VALUE: 0xxxxx
INUM:     1586 PC: 0x3124 REG:  x VALUE: 0xxxxx
INUM:     1587 PC: 0x3126 REG:  x VALUE: 0xxxxx
INUM:     1588 PC: 0x3128 REG:  x VALUE: 0xxxxx
INUM:     1589 PC: 0x312a REG:  x VALUE: 0xxxxx
INUM:     1590 PC: 0x312c REG:  x VALUE: 0xxxxx
INUM:     1591 PC: 0x312e REG:  x VALUE: 0xxxxx
INUM:     1592 PC: 0x3130 REG:  x VALUE: 0xxxxx
INUM:     1593 PC: 0x3132 REG:  x VALUE: 0xxxxx
INUM:     1594 PC: 0x3134 REG:  x VALUE: 0xxxxx
INUM:     1595 PC: 0x3136 REG:  x VALUE: 0xxxxx
INUM:     1596 PC: 0x3138 REG:  x VALUE: 0xxxxx
INUM:     1597 PC: 0x313a REG:  x VALUE: 0xxxxx
INUM:     1598 PC: 0x313c REG:  x VALUE: 0xxxxx
INUM:     1599 PC: 0x313e REG:  x VALUE: 0xxxxx
INUM:     1600 PC: 0x31c0 REG:  x VALUE: 0xxxxx
INUM:     1601 PC: 0x31c2 REG:  x VALUE: 0xxxxx
INUM:     1602 PC: 0x31c4 REG:  x VALUE: 0xxxxx
INUM:     1603 PC: 0x31c6 REG:  x VALUE: 0xxxxx
INUM:     1604 PC: 0x31c8 REG:  x VALUE: 0xxxxx
INUM:     1605 PC: 0x31ca REG:  x VALUE: 0xxxxx
INUM:     1606 PC: 0x31cc REG:  x VALUE: 0xxxxx
INUM:     1607 PC: 0x31ce REG:  x VALUE: 0xxxxx
INUM:     1608 PC: 0x31d0 REG:  x VALUE: 0xxxxx
INUM:     1609 PC: 0x31d2 REG:  x VALUE: 0xxxxx
INUM:     1610 PC: 0x31d4 REG:  x VALUE: 0xxxxx
INUM:     1611 PC: 0x31d6 REG:  x VALUE: 0xxxxx
INUM:     1612 PC: 0x31d8 REG:  x VALUE: 0xxxxx
INUM:     1613 PC: 0x31da REG:  x VALUE: 0xxxxx
INUM:     1614 PC: 0x31dc REG:  x VALUE: 0xxxxx
INUM:     1615 PC: 0x31de REG:  x VALUE: 0xxxxx
INUM:     1616 PC: 0x31e0 REG:  x VALUE: 0xxxxx
INUM:     1617 PC: 0x31e2 REG:  x VALUE: 0xxxxx
INUM:     1618 PC: 0x31e4 REG:  x VALUE: 0xxxxx
INUM:     1619 PC: 0x31e6 REG:  x VALUE: 0xxxxx
INUM:     1620 PC: 0x31e8 REG:  x VALUE: 0xxxxx
INUM:     1621 PC: 0x31ea REG:  x VALUE: 0xxxxx
INUM:     1622 PC: 0x31ec REG:  x VALUE: 0xxxxx
INUM:     1623 PC: 0x31ee REG:  x VALUE: 0xxxxx
INUM:     1624 PC: 0x31f0 REG:  x VALUE: 0xxxxx
INUM:     1625 PC: 0x31f2 REG:  x VALUE: 0xxxxx
INUM:     1626 PC: 0x31f4 REG:  x VALUE: 0xxxxx
INUM:     1627 PC: 0x31f6 REG:  x VALUE: 0xxxxx
INUM:     1628 PC: 0x31f8 REG:  x VALUE: 0xxxxx
INUM:     1629 PC: 0x31fa REG:  x VALUE: 0xxxxx
INUM:     1630 PC: 0x31fc REG:  x VALUE: 0xxxxx
INUM:     1631 PC: 0x31fe REG:  x VALUE: 0xxxxx
INUM:     1632 PC: 0x3200 REG:  x VALUE: 0xxxxx
INUM:     1633 PC: 0x3202 REG:  x VALUE: 0xxxxx
INUM:     1634 PC: 0x3204 REG:  x VALUE: 0xxxxx
INUM:     1635 PC: 0x3206 REG:  x VALUE: 0xxxxx
INUM:     1636 PC: 0x3208 REG:  x VALUE: 0xxxxx
INUM:     1637 PC: 0x320a REG:  x VALUE: 0xxxxx
INUM:     1638 PC: 0x320c REG:  x VALUE: 0xxxxx
INUM:     1639 PC: 0x320e REG:  x VALUE: 0xxxxx
INUM:     1640 PC: 0x3210 REG:  x VALUE: 0xxxxx
INUM:     1641 PC: 0x3212 REG:  x VALUE: 0xxxxx
INUM:     1642 PC: 0x3214 REG:  x VALUE: 0xxxxx
INUM:     1643 PC: 0x3216 REG:  x VALUE: 0xxxxx
INUM:     1644 PC: 0x3218 REG:  x VALUE: 0xxxxx
INUM:     1645 PC: 0x321a REG:  x VALUE: 0xxxxx
INUM:     1646 PC: 0x321c REG:  x VALUE: 0xxxxx
INUM:     1647 PC: 0x321e REG:  x VALUE: 0xxxxx
INUM:     1648 PC: 0x3220 REG:  x VALUE: 0xxxxx
INUM:     1649 PC: 0x3222 REG:  x VALUE: 0xxxxx
INUM:     1650 PC: 0x3224 REG:  x VALUE: 0xxxxx
INUM:     1651 PC: 0x3226 REG:  x VALUE: 0xxxxx
INUM:     1652 PC: 0x3228 REG:  x VALUE: 0xxxxx
INUM:     1653 PC: 0x322a REG:  x VALUE: 0xxxxx
INUM:     1654 PC: 0x322c REG:  x VALUE: 0xxxxx
INUM:     1655 PC: 0x322e REG:  x VALUE: 0xxxxx
INUM:     1656 PC: 0x3230 REG:  x VALUE: 0xxxxx
INUM:     1657 PC: 0x3232 REG:  x VALUE: 0xxxxx
INUM:     1658 PC: 0x3234 REG:  x VALUE: 0xxxxx
INUM:     1659 PC: 0x3236 REG:  x VALUE: 0xxxxx
INUM:     1660 PC: 0x3238 REG:  x VALUE: 0xxxxx
INUM:     1661 PC: 0x323a REG:  x VALUE: 0xxxxx
INUM:     1662 PC: 0x323c REG:  x VALUE: 0xxxxx
INUM:     1663 PC: 0x323e REG:  x VALUE: 0xxxxx
INUM:     1664 PC: 0x32c0 REG:  x VALUE: 0xxxxx
INUM:     1665 PC: 0x32c2 REG:  x VALUE: 0xxxxx
INUM:     1666 PC: 0x32c4 REG:  x VALUE: 0xxxxx
INUM:     1667 PC: 0x32c6 REG:  x VALUE: 0xxxxx
INUM:     1668 PC: 0x32c8 REG:  x VALUE: 0xxxxx
INUM:     1669 PC: 0x32ca REG:  x VALUE: 0xxxxx
INUM:     1670 PC: 0x32cc REG:  x VALUE: 0xxxxx
INUM:     1671 PC: 0x32ce REG:  x VALUE: 0xxxxx
INUM:     1672 PC: 0x32d0 REG:  x VALUE: 0xxxxx
INUM:     1673 PC: 0x32d2 REG:  x VALUE: 0xxxxx
INUM:     1674 PC: 0x32d4 REG:  x VALUE: 0xxxxx
INUM:     1675 PC: 0x32d6 REG:  x VALUE: 0xxxxx
INUM:     1676 PC: 0x32d8 REG:  x VALUE: 0xxxxx
INUM:     1677 PC: 0x32da REG:  x VALUE: 0xxxxx
INUM:     1678 PC: 0x32dc REG:  x VALUE: 0xxxxx
INUM:     1679 PC: 0x32de REG:  x VALUE: 0xxxxx
INUM:     1680 PC: 0x32e0 REG:  x VALUE: 0xxxxx
INUM:     1681 PC: 0x32e2 REG:  x VALUE: 0xxxxx
INUM:     1682 PC: 0x32e4 REG:  x VALUE: 0xxxxx
INUM:     1683 PC: 0x32e6 REG:  x VALUE: 0xxxxx
INUM:     1684 PC: 0x32e8 REG:  x VALUE: 0xxxxx
INUM:     1685 PC: 0x32ea REG:  x VALUE: 0xxxxx
INUM:     1686 PC: 0x32ec REG:  x VALUE: 0xxxxx
INUM:     1687 PC: 0x32ee REG:  x VALUE: 0xxxxx
INUM:     1688 PC: 0x32f0 REG:  x VALUE: 0xxxxx
INUM:     1689 PC: 0x32f2 REG:  x VALUE: 0xxxxx
INUM:     1690 PC: 0x32f4 REG:  x VALUE: 0xxxxx
INUM:     1691 PC: 0x32f6 REG:  x VALUE: 0xxxxx
INUM:     1692 PC: 0x32f8 REG:  x VALUE: 0xxxxx
INUM:     1693 PC: 0x32fa REG:  x VALUE: 0xxxxx
INUM:     1694 PC: 0x32fc REG:  x VALUE: 0xxxxx
INUM:     1695 PC: 0x32fe REG:  x VALUE: 0xxxxx
INUM:     1696 PC: 0x3300 REG:  x VALUE: 0xxxxx
INUM:     1697 PC: 0x3302 REG:  x VALUE: 0xxxxx
INUM:     1698 PC: 0x3304 REG:  x VALUE: 0xxxxx
INUM:     1699 PC: 0x3306 REG:  x VALUE: 0xxxxx
INUM:     1700 PC: 0x3308 REG:  x VALUE: 0xxxxx
INUM:     1701 PC: 0x330a REG:  x VALUE: 0xxxxx
INUM:     1702 PC: 0x330c REG:  x VALUE: 0xxxxx
INUM:     1703 PC: 0x330e REG:  x VALUE: 0xxxxx
INUM:     1704 PC: 0x3310 REG:  x VALUE: 0xxxxx
INUM:     1705 PC: 0x3312 REG:  x VALUE: 0xxxxx
INUM:     1706 PC: 0x3314 REG:  x VALUE: 0xxxxx
INUM:     1707 PC: 0x3316 REG:  x VALUE: 0xxxxx
INUM:     1708 PC: 0x3318 REG:  x VALUE: 0xxxxx
INUM:     1709 PC: 0x331a REG:  x VALUE: 0xxxxx
INUM:     1710 PC: 0x331c REG:  x VALUE: 0xxxxx
INUM:     1711 PC: 0x331e REG:  x VALUE: 0xxxxx
INUM:     1712 PC: 0x3320 REG:  x VALUE: 0xxxxx
INUM:     1713 PC: 0x3322 REG:  x VALUE: 0xxxxx
INUM:     1714 PC: 0x3324 REG:  x VALUE: 0xxxxx
INUM:     1715 PC: 0x3326 REG:  x VALUE: 0xxxxx
INUM:     1716 PC: 0x3328 REG:  x VALUE: 0xxxxx
INUM:     1717 PC: 0x332a REG:  x VALUE: 0xxxxx
INUM:     1718 PC: 0x332c REG:  x VALUE: 0xxxxx
INUM:     1719 PC: 0x332e REG:  x VALUE: 0xxxxx
INUM:     1720 PC: 0x3330 REG:  x VALUE: 0xxxxx
INUM:     1721 PC: 0x3332 REG:  x VALUE: 0xxxxx
INUM:     1722 PC: 0x3334 REG:  x VALUE: 0xxxxx
INUM:     1723 PC: 0x3336 REG:  x VALUE: 0xxxxx
INUM:     1724 PC: 0x3338 REG:  x VALUE: 0xxxxx
INUM:     1725 PC: 0x333a REG:  x VALUE: 0xxxxx
INUM:     1726 PC: 0x333c REG:  x VALUE: 0xxxxx
INUM:     1727 PC: 0x333e REG:  x VALUE: 0xxxxx
INUM:     1728 PC: 0x33c0 REG:  x VALUE: 0xxxxx
INUM:     1729 PC: 0x33c2 REG:  x VALUE: 0xxxxx
INUM:     1730 PC: 0x33c4 REG:  x VALUE: 0xxxxx
INUM:     1731 PC: 0x33c6 REG:  x VALUE: 0xxxxx
INUM:     1732 PC: 0x33c8 REG:  x VALUE: 0xxxxx
INUM:     1733 PC: 0x33ca REG:  x VALUE: 0xxxxx
INUM:     1734 PC: 0x33cc REG:  x VALUE: 0xxxxx
INUM:     1735 PC: 0x33ce REG:  x VALUE: 0xxxxx
INUM:     1736 PC: 0x33d0 REG:  x VALUE: 0xxxxx
INUM:     1737 PC: 0x33d2 REG:  x VALUE: 0xxxxx
INUM:     1738 PC: 0x33d4 REG:  x VALUE: 0xxxxx
INUM:     1739 PC: 0x33d6 REG:  x VALUE: 0xxxxx
INUM:     1740 PC: 0x33d8 REG:  x VALUE: 0xxxxx
INUM:     1741 PC: 0x33da REG:  x VALUE: 0xxxxx
INUM:     1742 PC: 0x33dc REG:  x VALUE: 0xxxxx
INUM:     1743 PC: 0x33de REG:  x VALUE: 0xxxxx
INUM:     1744 PC: 0x33e0 REG:  x VALUE: 0xxxxx
INUM:     1745 PC: 0x33e2 REG:  x VALUE: 0xxxxx
INUM:     1746 PC: 0x33e4 REG:  x VALUE: 0xxxxx
INUM:     1747 PC: 0x33e6 REG:  x VALUE: 0xxxxx
INUM:     1748 PC: 0x33e8 REG:  x VALUE: 0xxxxx
INUM:     1749 PC: 0x33ea REG:  x VALUE: 0xxxxx
INUM:     1750 PC: 0x33ec REG:  x VALUE: 0xxxxx
INUM:     1751 PC: 0x33ee REG:  x VALUE: 0xxxxx
INUM:     1752 PC: 0x33f0 REG:  x VALUE: 0xxxxx
INUM:     1753 PC: 0x33f2 REG:  x VALUE: 0xxxxx
INUM:     1754 PC: 0x33f4 REG:  x VALUE: 0xxxxx
INUM:     1755 PC: 0x33f6 REG:  x VALUE: 0xxxxx
INUM:     1756 PC: 0x33f8 REG:  x VALUE: 0xxxxx
INUM:     1757 PC: 0x33fa REG:  x VALUE: 0xxxxx
INUM:     1758 PC: 0x33fc REG:  x VALUE: 0xxxxx
INUM:     1759 PC: 0x33fe REG:  x VALUE: 0xxxxx
INUM:     1760 PC: 0x3c00 REG:  x VALUE: 0xxxxx
INUM:     1761 PC: 0x3c02 REG:  x VALUE: 0xxxxx
INUM:     1762 PC: 0x3c04 REG:  x VALUE: 0xxxxx
INUM:     1763 PC: 0x3c06 REG:  x VALUE: 0xxxxx
INUM:     1764 PC: 0x3c08 REG:  x VALUE: 0xxxxx
INUM:     1765 PC: 0x3c0a REG:  x VALUE: 0xxxxx
INUM:     1766 PC: 0x3c0c REG:  x VALUE: 0xxxxx
INUM:     1767 PC: 0x3c0e REG:  x VALUE: 0xxxxx
INUM:     1768 PC: 0x3c10 REG:  x VALUE: 0xxxxx
INUM:     1769 PC: 0x3c12 REG:  x VALUE: 0xxxxx
INUM:     1770 PC: 0x3c14 REG:  x VALUE: 0xxxxx
INUM:     1771 PC: 0x3c16 REG:  x VALUE: 0xxxxx
INUM:     1772 PC: 0x3c18 REG:  x VALUE: 0xxxxx
INUM:     1773 PC: 0x3c1a REG:  x VALUE: 0xxxxx
INUM:     1774 PC: 0x3c1c REG:  x VALUE: 0xxxxx
INUM:     1775 PC: 0x3c1e REG:  x VALUE: 0xxxxx
INUM:     1776 PC: 0x3c20 REG:  x VALUE: 0xxxxx
INUM:     1777 PC: 0x3c22 REG:  x VALUE: 0xxxxx
INUM:     1778 PC: 0x3c24 REG:  x VALUE: 0xxxxx
INUM:     1779 PC: 0x3c26 REG:  x VALUE: 0xxxxx
INUM:     1780 PC: 0x3c28 REG:  x VALUE: 0xxxxx
INUM:     1781 PC: 0x3c2a REG:  x VALUE: 0xxxxx
INUM:     1782 PC: 0x3c2c REG:  x VALUE: 0xxxxx
INUM:     1783 PC: 0x3c2e REG:  x VALUE: 0xxxxx
INUM:     1784 PC: 0x3c30 REG:  x VALUE: 0xxxxx
INUM:     1785 PC: 0x3c32 REG:  x VALUE: 0xxxxx
INUM:     1786 PC: 0x3c34 REG:  x VALUE: 0xxxxx
INUM:     1787 PC: 0x3c36 REG:  x VALUE: 0xxxxx
INUM:     1788 PC: 0x3c38 REG:  x VALUE: 0xxxxx
INUM:     1789 PC: 0x3c3a REG:  x VALUE: 0xxxxx
INUM:     1790 PC: 0x3c3c REG:  x VALUE: 0xxxxx
INUM:     1791 PC: 0x3c3e REG:  x VALUE: 0xxxxx
INUM:     1792 PC: 0x3cc0 REG:  x VALUE: 0xxxxx
INUM:     1793 PC: 0x3cc2 REG:  x VALUE: 0xxxxx
INUM:     1794 PC: 0x3cc4 REG:  x VALUE: 0xxxxx
INUM:     1795 PC: 0x3cc6 REG:  x VALUE: 0xxxxx
INUM:     1796 PC: 0x3cc8 REG:  x VALUE: 0xxxxx
INUM:     1797 PC: 0x3cca REG:  x VALUE: 0xxxxx
INUM:     1798 PC: 0x3ccc REG:  x VALUE: 0xxxxx
INUM:     1799 PC: 0x3cce REG:  x VALUE: 0xxxxx
INUM:     1800 PC: 0x3cd0 REG:  x VALUE: 0xxxxx
INUM:     1801 PC: 0x3cd2 REG:  x VALUE: 0xxxxx
INUM:     1802 PC: 0x3cd4 REG:  x VALUE: 0xxxxx
INUM:     1803 PC: 0x3cd6 REG:  x VALUE: 0xxxxx
INUM:     1804 PC: 0x3cd8 REG:  x VALUE: 0xxxxx
INUM:     1805 PC: 0x3cda REG:  x VALUE: 0xxxxx
INUM:     1806 PC: 0x3cdc REG:  x VALUE: 0xxxxx
INUM:     1807 PC: 0x3cde REG:  x VALUE: 0xxxxx
INUM:     1808 PC: 0x3ce0 REG:  x VALUE: 0xxxxx
INUM:     1809 PC: 0x3ce2 REG:  x VALUE: 0xxxxx
INUM:     1810 PC: 0x3ce4 REG:  x VALUE: 0xxxxx
INUM:     1811 PC: 0x3ce6 REG:  x VALUE: 0xxxxx
INUM:     1812 PC: 0x3ce8 REG:  x VALUE: 0xxxxx
INUM:     1813 PC: 0x3cea REG:  x VALUE: 0xxxxx
INUM:     1814 PC: 0x3cec REG:  x VALUE: 0xxxxx
INUM:     1815 PC: 0x3cee REG:  x VALUE: 0xxxxx
INUM:     1816 PC: 0x3cf0 REG:  x VALUE: 0xxxxx
INUM:     1817 PC: 0x3cf2 REG:  x VALUE: 0xxxxx
INUM:     1818 PC: 0x3cf4 REG:  x VALUE: 0xxxxx
INUM:     1819 PC: 0x3cf6 REG:  x VALUE: 0xxxxx
INUM:     1820 PC: 0x3cf8 REG:  x VALUE: 0xxxxx
INUM:     1821 PC: 0x3cfa REG:  x VALUE: 0xxxxx
INUM:     1822 PC: 0x3cfc REG:  x VALUE: 0xxxxx
INUM:     1823 PC: 0x3cfe REG:  x VALUE: 0xxxxx
INUM:     1824 PC: 0x3d00 REG:  x VALUE: 0xxxxx
INUM:     1825 PC: 0x3d02 REG:  x VALUE: 0xxxxx
INUM:     1826 PC: 0x3d04 REG:  x VALUE: 0xxxxx
INUM:     1827 PC: 0x3d06 REG:  x VALUE: 0xxxxx
INUM:     1828 PC: 0x3d08 REG:  x VALUE: 0xxxxx
INUM:     1829 PC: 0x3d0a REG:  x VALUE: 0xxxxx
INUM:     1830 PC: 0x3d0c REG:  x VALUE: 0xxxxx
INUM:     1831 PC: 0x3d0e REG:  x VALUE: 0xxxxx
INUM:     1832 PC: 0x3d10 REG:  x VALUE: 0xxxxx
INUM:     1833 PC: 0x3d12 REG:  x VALUE: 0xxxxx
INUM:     1834 PC: 0x3d14 REG:  x VALUE: 0xxxxx
INUM:     1835 PC: 0x3d16 REG:  x VALUE: 0xxxxx
INUM:     1836 PC: 0x3d18 REG:  x VALUE: 0xxxxx
INUM:     1837 PC: 0x3d1a REG:  x VALUE: 0xxxxx
INUM:     1838 PC: 0x3d1c REG:  x VALUE: 0xxxxx
INUM:     1839 PC: 0x3d1e REG:  x VALUE: 0xxxxx
INUM:     1840 PC: 0x3d20 REG:  x VALUE: 0xxxxx
INUM:     1841 PC: 0x3d22 REG:  x VALUE: 0xxxxx
INUM:     1842 PC: 0x3d24 REG:  x VALUE: 0xxxxx
INUM:     1843 PC: 0x3d26 REG:  x VALUE: 0xxxxx
INUM:     1844 PC: 0x3d28 REG:  x VALUE: 0xxxxx
INUM:     1845 PC: 0x3d2a REG:  x VALUE: 0xxxxx
INUM:     1846 PC: 0x3d2c REG:  x VALUE: 0xxxxx
INUM:     1847 PC: 0x3d2e REG:  x VALUE: 0xxxxx
INUM:     1848 PC: 0x3d30 REG:  x VALUE: 0xxxxx
INUM:     1849 PC: 0x3d32 REG:  x VALUE: 0xxxxx
INUM:     1850 PC: 0x3d34 REG:  x VALUE: 0xxxxx
INUM:     1851 PC: 0x3d36 REG:  x VALUE: 0xxxxx
INUM:     1852 PC: 0x3d38 REG:  x VALUE: 0xxxxx
INUM:     1853 PC: 0x3d3a REG:  x VALUE: 0xxxxx
INUM:     1854 PC: 0x3d3c REG:  x VALUE: 0xxxxx
INUM:     1855 PC: 0x3d3e REG:  x VALUE: 0xxxxx
INUM:     1856 PC: 0x3dc0 REG:  x VALUE: 0xxxxx
INUM:     1857 PC: 0x3dc2 REG:  x VALUE: 0xxxxx
INUM:     1858 PC: 0x3dc4 REG:  x VALUE: 0xxxxx
INUM:     1859 PC: 0x3dc6 REG:  x VALUE: 0xxxxx
INUM:     1860 PC: 0x3dc8 REG:  x VALUE: 0xxxxx
INUM:     1861 PC: 0x3dca REG:  x VALUE: 0xxxxx
INUM:     1862 PC: 0x3dcc REG:  x VALUE: 0xxxxx
INUM:     1863 PC: 0x3dce REG:  x VALUE: 0xxxxx
INUM:     1864 PC: 0x3dd0 REG:  x VALUE: 0xxxxx
INUM:     1865 PC: 0x3dd2 REG:  x VALUE: 0xxxxx
INUM:     1866 PC: 0x3dd4 REG:  x VALUE: 0xxxxx
INUM:     1867 PC: 0x3dd6 REG:  x VALUE: 0xxxxx
INUM:     1868 PC: 0x3dd8 REG:  x VALUE: 0xxxxx
INUM:     1869 PC: 0x3dda REG:  x VALUE: 0xxxxx
INUM:     1870 PC: 0x3ddc REG:  x VALUE: 0xxxxx
INUM:     1871 PC: 0x3dde REG:  x VALUE: 0xxxxx
INUM:     1872 PC: 0x3de0 REG:  x VALUE: 0xxxxx
INUM:     1873 PC: 0x3de2 REG:  x VALUE: 0xxxxx
INUM:     1874 PC: 0x3de4 REG:  x VALUE: 0xxxxx
INUM:     1875 PC: 0x3de6 REG:  x VALUE: 0xxxxx
INUM:     1876 PC: 0x3de8 REG:  x VALUE: 0xxxxx
INUM:     1877 PC: 0x3dea REG:  x VALUE: 0xxxxx
INUM:     1878 PC: 0x3dec REG:  x VALUE: 0xxxxx
INUM:     1879 PC: 0x3dee REG:  x VALUE: 0xxxxx
INUM:     1880 PC: 0x3df0 REG:  x VALUE: 0xxxxx
INUM:     1881 PC: 0x3df2 REG:  x VALUE: 0xxxxx
INUM:     1882 PC: 0x3df4 REG:  x VALUE: 0xxxxx
INUM:     1883 PC: 0x3df6 REG:  x VALUE: 0xxxxx
INUM:     1884 PC: 0x3df8 REG:  x VALUE: 0xxxxx
INUM:     1885 PC: 0x3dfa REG:  x VALUE: 0xxxxx
INUM:     1886 PC: 0x3dfc REG:  x VALUE: 0xxxxx
INUM:     1887 PC: 0x3dfe REG:  x VALUE: 0xxxxx
INUM:     1888 PC: 0x3e00 REG:  x VALUE: 0xxxxx
INUM:     1889 PC: 0x3e02 REG:  x VALUE: 0xxxxx
INUM:     1890 PC: 0x3e04 REG:  x VALUE: 0xxxxx
INUM:     1891 PC: 0x3e06 REG:  x VALUE: 0xxxxx
INUM:     1892 PC: 0x3e08 REG:  x VALUE: 0xxxxx
INUM:     1893 PC: 0x3e0a REG:  x VALUE: 0xxxxx
INUM:     1894 PC: 0x3e0c REG:  x VALUE: 0xxxxx
INUM:     1895 PC: 0x3e0e REG:  x VALUE: 0xxxxx
INUM:     1896 PC: 0x3e10 REG:  x VALUE: 0xxxxx
INUM:     1897 PC: 0x3e12 REG:  x VALUE: 0xxxxx
INUM:     1898 PC: 0x3e14 REG:  x VALUE: 0xxxxx
INUM:     1899 PC: 0x3e16 REG:  x VALUE: 0xxxxx
INUM:     1900 PC: 0x3e18 REG:  x VALUE: 0xxxxx
INUM:     1901 PC: 0x3e1a REG:  x VALUE: 0xxxxx
INUM:     1902 PC: 0x3e1c REG:  x VALUE: 0xxxxx
INUM:     1903 PC: 0x3e1e REG:  x VALUE: 0xxxxx
INUM:     1904 PC: 0x3e20 REG:  x VALUE: 0xxxxx
INUM:     1905 PC: 0x3e22 REG:  x VALUE: 0xxxxx
INUM:     1906 PC: 0x3e24 REG:  x VALUE: 0xxxxx
INUM:     1907 PC: 0x3e26 REG:  x VALUE: 0xxxxx
INUM:     1908 PC: 0x3e28 REG:  x VALUE: 0xxxxx
INUM:     1909 PC: 0x3e2a REG:  x VALUE: 0xxxxx
INUM:     1910 PC: 0x3e2c REG:  x VALUE: 0xxxxx
INUM:     1911 PC: 0x3e2e REG:  x VALUE: 0xxxxx
INUM:     1912 PC: 0x3e30 REG:  x VALUE: 0xxxxx
INUM:     1913 PC: 0x3e32 REG:  x VALUE: 0xxxxx
INUM:     1914 PC: 0x3e34 REG:  x VALUE: 0xxxxx
INUM:     1915 PC: 0x3e36 REG:  x VALUE: 0xxxxx
INUM:     1916 PC: 0x3e38 REG:  x VALUE: 0xxxxx
INUM:     1917 PC: 0x3e3a REG:  x VALUE: 0xxxxx
INUM:     1918 PC: 0x3e3c REG:  x VALUE: 0xxxxx
INUM:     1919 PC: 0x3e3e REG:  x VALUE: 0xxxxx
INUM:     1920 PC: 0x3ec0 REG:  x VALUE: 0xxxxx
INUM:     1921 PC: 0x3ec2 REG:  x VALUE: 0xxxxx
INUM:     1922 PC: 0x3ec4 REG:  x VALUE: 0xxxxx
INUM:     1923 PC: 0x3ec6 REG:  x VALUE: 0xxxxx
INUM:     1924 PC: 0x3ec8 REG:  x VALUE: 0xxxxx
INUM:     1925 PC: 0x3eca REG:  x VALUE: 0xxxxx
INUM:     1926 PC: 0x3ecc REG:  x VALUE: 0xxxxx
INUM:     1927 PC: 0x3ece REG:  x VALUE: 0xxxxx
INUM:     1928 PC: 0x3ed0 REG:  x VALUE: 0xxxxx
INUM:     1929 PC: 0x3ed2 REG:  x VALUE: 0xxxxx
INUM:     1930 PC: 0x3ed4 REG:  x VALUE: 0xxxxx
INUM:     1931 PC: 0x3ed6 REG:  x VALUE: 0xxxxx
INUM:     1932 PC: 0x3ed8 REG:  x VALUE: 0xxxxx
INUM:     1933 PC: 0x3eda REG:  x VALUE: 0xxxxx
INUM:     1934 PC: 0x3edc REG:  x VALUE: 0xxxxx
INUM:     1935 PC: 0x3ede REG:  x VALUE: 0xxxxx
INUM:     1936 PC: 0x3ee0 REG:  x VALUE: 0xxxxx
INUM:     1937 PC: 0x3ee2 REG:  x VALUE: 0xxxxx
INUM:     1938 PC: 0x3ee4 REG:  x VALUE: 0xxxxx
INUM:     1939 PC: 0x3ee6 REG:  x VALUE: 0xxxxx
INUM:     1940 PC: 0x3ee8 REG:  x VALUE: 0xxxxx
INUM:     1941 PC: 0x3eea REG:  x VALUE: 0xxxxx
INUM:     1942 PC: 0x3eec REG:  x VALUE: 0xxxxx
INUM:     1943 PC: 0x3eee REG:  x VALUE: 0xxxxx
INUM:     1944 PC: 0x3ef0 REG:  x VALUE: 0xxxxx
INUM:     1945 PC: 0x3ef2 REG:  x VALUE: 0xxxxx
INUM:     1946 PC: 0x3ef4 REG:  x VALUE: 0xxxxx
INUM:     1947 PC: 0x3ef6 REG:  x VALUE: 0xxxxx
INUM:     1948 PC: 0x3ef8 REG:  x VALUE: 0xxxxx
INUM:     1949 PC: 0x3efa REG:  x VALUE: 0xxxxx
INUM:     1950 PC: 0x3efc REG:  x VALUE: 0xxxxx
INUM:     1951 PC: 0x3efe REG:  x VALUE: 0xxxxx
INUM:     1952 PC: 0x3f00 REG:  x VALUE: 0xxxxx
INUM:     1953 PC: 0x3f02 REG:  x VALUE: 0xxxxx
INUM:     1954 PC: 0x3f04 REG:  x VALUE: 0xxxxx
INUM:     1955 PC: 0x3f06 REG:  x VALUE: 0xxxxx
INUM:     1956 PC: 0x3f08 REG:  x VALUE: 0xxxxx
INUM:     1957 PC: 0x3f0a REG:  x VALUE: 0xxxxx
INUM:     1958 PC: 0x3f0c REG:  x VALUE: 0xxxxx
INUM:     1959 PC: 0x3f0e REG:  x VALUE: 0xxxxx
INUM:     1960 PC: 0x3f10 REG:  x VALUE: 0xxxxx
INUM:     1961 PC: 0x3f12 REG:  x VALUE: 0xxxxx
INUM:     1962 PC: 0x3f14 REG:  x VALUE: 0xxxxx
INUM:     1963 PC: 0x3f16 REG:  x VALUE: 0xxxxx
INUM:     1964 PC: 0x3f18 REG:  x VALUE: 0xxxxx
INUM:     1965 PC: 0x3f1a REG:  x VALUE: 0xxxxx
INUM:     1966 PC: 0x3f1c REG:  x VALUE: 0xxxxx
INUM:     1967 PC: 0x3f1e REG:  x VALUE: 0xxxxx
INUM:     1968 PC: 0x3f20 REG:  x VALUE: 0xxxxx
INUM:     1969 PC: 0x3f22 REG:  x VALUE: 0xxxxx
INUM:     1970 PC: 0x3f24 REG:  x VALUE: 0xxxxx
INUM:     1971 PC: 0x3f26 REG:  x VALUE: 0xxxxx
INUM:     1972 PC: 0x3f28 REG:  x VALUE: 0xxxxx
INUM:     1973 PC: 0x3f2a REG:  x VALUE: 0xxxxx
INUM:     1974 PC: 0x3f2c REG:  x VALUE: 0xxxxx
INUM:     1975 PC: 0x3f2e REG:  x VALUE: 0xxxxx
INUM:     1976 PC: 0x3f30 REG:  x VALUE: 0xxxxx
INUM:     1977 PC: 0x3f32 REG:  x VALUE: 0xxxxx
INUM:     1978 PC: 0x3f34 REG:  x VALUE: 0xxxxx
INUM:     1979 PC: 0x3f36 REG:  x VALUE: 0xxxxx
INUM:     1980 PC: 0x3f38 REG:  x VALUE: 0xxxxx
INUM:     1981 PC: 0x3f3a REG:  x VALUE: 0xxxxx
INUM:     1982 PC: 0x3f3c REG:  x VALUE: 0xxxxx
INUM:     1983 PC: 0x3f3e REG:  x VALUE: 0xxxxx
INUM:     1984 PC: 0x3fc0 REG:  x VALUE: 0xxxxx
INUM:     1985 PC: 0x3fc2 REG:  x VALUE: 0xxxxx
INUM:     1986 PC: 0x3fc4 REG:  x VALUE: 0xxxxx
INUM:     1987 PC: 0x3fc6 REG:  x VALUE: 0xxxxx
INUM:     1988 PC: 0x3fc8 REG:  x VALUE: 0xxxxx
INUM:     1989 PC: 0x3fca REG:  x VALUE: 0xxxxx
INUM:     1990 PC: 0x3fcc REG:  x VALUE: 0xxxxx
INUM:     1991 PC: 0x3fce REG:  x VALUE: 0xxxxx
INUM:     1992 PC: 0x3fd0 REG:  x VALUE: 0xxxxx
INUM:     1993 PC: 0x3fd2 REG:  x VALUE: 0xxxxx
INUM:     1994 PC: 0x3fd4 REG:  x VALUE: 0xxxxx
INUM:     1995 PC: 0x3fd6 REG:  x VALUE: 0xxxxx
INUM:     1996 PC: 0x3fd8 REG:  x VALUE: 0xxxxx
INUM:     1997 PC: 0x3fda REG:  x VALUE: 0xxxxx
INUM:     1998 PC: 0x3fdc REG:  x VALUE: 0xxxxx
INUM:     1999 PC: 0x3fde REG:  x VALUE: 0xxxxx
INUM:     2000 PC: 0x3fe0 REG:  x VALUE: 0xxxxx
INUM:     2001 PC: 0x3fe2 REG:  x VALUE: 0xxxxx
INUM:     2002 PC: 0x3fe4 REG:  x VALUE: 0xxxxx
INUM:     2003 PC: 0x3fe6 REG:  x VALUE: 0xxxxx
INUM:     2004 PC: 0x3fe8 REG:  x VALUE: 0xxxxx
INUM:     2005 PC: 0x3fea REG:  x VALUE: 0xxxxx
INUM:     2006 PC: 0x3fec REG:  x VALUE: 0xxxxx
INUM:     2007 PC: 0x3fee REG:  x VALUE: 0xxxxx
INUM:     2008 PC: 0x3ff0 REG:  x VALUE: 0xxxxx
INUM:     2009 PC: 0x3ff2 REG:  x VALUE: 0xxxxx
INUM:     2010 PC: 0x3ff4 REG:  x VALUE: 0xxxxx
INUM:     2011 PC: 0x3ff6 REG:  x VALUE: 0xxxxx
INUM:     2012 PC: 0x3ff8 REG:  x VALUE: 0xxxxx
INUM:     2013 PC: 0x3ffa REG:  x VALUE: 0xxxxx
INUM:     2014 PC: 0x3ffc REG:  x VALUE: 0xxxxx
